[2021-07-06 17:29:56] local.ERROR: Uncaught Error: Call to undefined function app_path() in Command line code:1
Stack trace:
#0 {main}
  thrown {"exception":"[object] (Symfony\\Component\\ErrorHandler\\Error\\FatalError(code: 0): Uncaught Error: Call to undefined function app_path() in Command line code:1
Stack trace:
#0 {main}
  thrown at Command line code:1)
[stacktrace]
#0 {main}
"} 
[2021-07-06 17:29:57] local.ERROR: Uncaught Illuminate\Contracts\Container\BindingResolutionException: Unresolvable dependency resolving [Parameter #1 [ <required> $cachePath ]] in class Illuminate\View\Compilers\Compiler in C:\laragon\www\youreoAPI\vendor\illuminate\container\Container.php:1032
Stack trace:
#0 C:\laragon\www\youreoAPI\vendor\illuminate\container\Container.php(943): Illuminate\Container\Container->unresolvablePrimitive(Object(ReflectionParameter))
#1 C:\laragon\www\youreoAPI\vendor\illuminate\container\Container.php(878): Illuminate\Container\Container->resolvePrimitive(Object(ReflectionParameter))
#2 C:\laragon\www\youreoAPI\vendor\illuminate\container\Container.php(840): Illuminate\Container\Container->resolveDependencies(Array)
#3 C:\laragon\www\youreoAPI\vendor\illuminate\container\Container.php(691): Illuminate\Container\Container->build('Illuminate\\View...')
#4 C:\laragon\www\youreoAPI\vendor\illuminate\container\Container.php(637): Illuminate\Container\Container->resolve('Illuminate\\View...', Array)
#5 C:\laragon\www\ {"exception":"[object] (Symfony\\Component\\ErrorHandler\\Error\\FatalError(code: 0): Uncaught Illuminate\\Contracts\\Container\\BindingResolutionException: Unresolvable dependency resolving [Parameter #1 [ <required> $cachePath ]] in class Illuminate\\View\\Compilers\\Compiler in C:\\laragon\\www\\youreoAPI\\vendor\\illuminate\\container\\Container.php:1032
Stack trace:
#0 C:\\laragon\\www\\youreoAPI\\vendor\\illuminate\\container\\Container.php(943): Illuminate\\Container\\Container->unresolvablePrimitive(Object(ReflectionParameter))
#1 C:\\laragon\\www\\youreoAPI\\vendor\\illuminate\\container\\Container.php(878): Illuminate\\Container\\Container->resolvePrimitive(Object(ReflectionParameter))
#2 C:\\laragon\\www\\youreoAPI\\vendor\\illuminate\\container\\Container.php(840): Illuminate\\Container\\Container->resolveDependencies(Array)
#3 C:\\laragon\\www\\youreoAPI\\vendor\\illuminate\\container\\Container.php(691): Illuminate\\Container\\Container->build('Illuminate\\\\View...')
#4 C:\\laragon\\www\\youreoAPI\\vendor\\illuminate\\container\\Container.php(637): Illuminate\\Container\\Container->resolve('Illuminate\\\\View...', Array)
#5 C:\\laragon\\www\\ at C:\\laragon\\www\\youreoAPI\\vendor\\illuminate\\container\\Container.php:1032)
[stacktrace]
#0 {main}
"} 
[2021-07-06 17:30:51] local.ERROR: Uncaught Error: Call to undefined function app_path() in Command line code:1
Stack trace:
#0 {main}
  thrown {"exception":"[object] (Symfony\\Component\\ErrorHandler\\Error\\FatalError(code: 0): Uncaught Error: Call to undefined function app_path() in Command line code:1
Stack trace:
#0 {main}
  thrown at Command line code:1)
[stacktrace]
#0 {main}
"} 
[2021-07-06 17:31:51] local.ERROR: Uncaught Error: Call to undefined function app_path() in Command line code:1
Stack trace:
#0 {main}
  thrown {"exception":"[object] (Symfony\\Component\\ErrorHandler\\Error\\FatalError(code: 0): Uncaught Error: Call to undefined function app_path() in Command line code:1
Stack trace:
#0 {main}
  thrown at Command line code:1)
[stacktrace]
#0 {main}
"} 
[2021-07-06 17:32:51] local.ERROR: Uncaught Error: Call to undefined function app_path() in Command line code:1
Stack trace:
#0 {main}
  thrown {"exception":"[object] (Symfony\\Component\\ErrorHandler\\Error\\FatalError(code: 0): Uncaught Error: Call to undefined function app_path() in Command line code:1
Stack trace:
#0 {main}
  thrown at Command line code:1)
[stacktrace]
#0 {main}
"} 
[2021-07-06 17:33:51] local.ERROR: Uncaught Error: Call to undefined function app_path() in Command line code:1
Stack trace:
#0 {main}
  thrown {"exception":"[object] (Symfony\\Component\\ErrorHandler\\Error\\FatalError(code: 0): Uncaught Error: Call to undefined function app_path() in Command line code:1
Stack trace:
#0 {main}
  thrown at Command line code:1)
[stacktrace]
#0 {main}
"} 
[2021-07-06 17:34:51] local.ERROR: Uncaught Error: Call to undefined function app_path() in Command line code:1
Stack trace:
#0 {main}
  thrown {"exception":"[object] (Symfony\\Component\\ErrorHandler\\Error\\FatalError(code: 0): Uncaught Error: Call to undefined function app_path() in Command line code:1
Stack trace:
#0 {main}
  thrown at Command line code:1)
[stacktrace]
#0 {main}
"} 
[2021-07-06 17:35:51] local.ERROR: Uncaught Error: Call to undefined function app_path() in Command line code:1
Stack trace:
#0 {main}
  thrown {"exception":"[object] (Symfony\\Component\\ErrorHandler\\Error\\FatalError(code: 0): Uncaught Error: Call to undefined function app_path() in Command line code:1
Stack trace:
#0 {main}
  thrown at Command line code:1)
[stacktrace]
#0 {main}
"} 
[2021-07-06 17:36:51] local.ERROR: Uncaught Error: Call to undefined function app_path() in Command line code:1
Stack trace:
#0 {main}
  thrown {"exception":"[object] (Symfony\\Component\\ErrorHandler\\Error\\FatalError(code: 0): Uncaught Error: Call to undefined function app_path() in Command line code:1
Stack trace:
#0 {main}
  thrown at Command line code:1)
[stacktrace]
#0 {main}
"} 
[2021-07-06 17:37:51] local.ERROR: Uncaught Error: Call to undefined function app_path() in Command line code:1
Stack trace:
#0 {main}
  thrown {"exception":"[object] (Symfony\\Component\\ErrorHandler\\Error\\FatalError(code: 0): Uncaught Error: Call to undefined function app_path() in Command line code:1
Stack trace:
#0 {main}
  thrown at Command line code:1)
[stacktrace]
#0 {main}
"} 
[2021-07-06 17:38:51] local.ERROR: Uncaught Error: Call to undefined function app_path() in Command line code:1
Stack trace:
#0 {main}
  thrown {"exception":"[object] (Symfony\\Component\\ErrorHandler\\Error\\FatalError(code: 0): Uncaught Error: Call to undefined function app_path() in Command line code:1
Stack trace:
#0 {main}
  thrown at Command line code:1)
[stacktrace]
#0 {main}
"} 
[2021-07-06 17:39:51] local.ERROR: Uncaught Error: Call to undefined function app_path() in Command line code:1
Stack trace:
#0 {main}
  thrown {"exception":"[object] (Symfony\\Component\\ErrorHandler\\Error\\FatalError(code: 0): Uncaught Error: Call to undefined function app_path() in Command line code:1
Stack trace:
#0 {main}
  thrown at Command line code:1)
[stacktrace]
#0 {main}
"} 
[2021-07-06 17:39:52] local.ERROR: Uncaught Illuminate\Contracts\Container\BindingResolutionException: Unresolvable dependency resolving [Parameter #1 [ <required> $cachePath ]] in class Illuminate\View\Compilers\Compiler in C:\laragon\www\youreoAPI\vendor\illuminate\container\Container.php:1032
Stack trace:
#0 C:\laragon\www\youreoAPI\vendor\illuminate\container\Container.php(943): Illuminate\Container\Container->unresolvablePrimitive(Object(ReflectionParameter))
#1 C:\laragon\www\youreoAPI\vendor\illuminate\container\Container.php(878): Illuminate\Container\Container->resolvePrimitive(Object(ReflectionParameter))
#2 C:\laragon\www\youreoAPI\vendor\illuminate\container\Container.php(840): Illuminate\Container\Container->resolveDependencies(Array)
#3 C:\laragon\www\youreoAPI\vendor\illuminate\container\Container.php(691): Illuminate\Container\Container->build('Illuminate\\View...')
#4 C:\laragon\www\youreoAPI\vendor\illuminate\container\Container.php(637): Illuminate\Container\Container->resolve('Illuminate\\View...', Array)
#5 C:\laragon\www\ {"exception":"[object] (Symfony\\Component\\ErrorHandler\\Error\\FatalError(code: 0): Uncaught Illuminate\\Contracts\\Container\\BindingResolutionException: Unresolvable dependency resolving [Parameter #1 [ <required> $cachePath ]] in class Illuminate\\View\\Compilers\\Compiler in C:\\laragon\\www\\youreoAPI\\vendor\\illuminate\\container\\Container.php:1032
Stack trace:
#0 C:\\laragon\\www\\youreoAPI\\vendor\\illuminate\\container\\Container.php(943): Illuminate\\Container\\Container->unresolvablePrimitive(Object(ReflectionParameter))
#1 C:\\laragon\\www\\youreoAPI\\vendor\\illuminate\\container\\Container.php(878): Illuminate\\Container\\Container->resolvePrimitive(Object(ReflectionParameter))
#2 C:\\laragon\\www\\youreoAPI\\vendor\\illuminate\\container\\Container.php(840): Illuminate\\Container\\Container->resolveDependencies(Array)
#3 C:\\laragon\\www\\youreoAPI\\vendor\\illuminate\\container\\Container.php(691): Illuminate\\Container\\Container->build('Illuminate\\\\View...')
#4 C:\\laragon\\www\\youreoAPI\\vendor\\illuminate\\container\\Container.php(637): Illuminate\\Container\\Container->resolve('Illuminate\\\\View...', Array)
#5 C:\\laragon\\www\\ at C:\\laragon\\www\\youreoAPI\\vendor\\illuminate\\container\\Container.php:1032)
[stacktrace]
#0 {main}
"} 
[2021-07-06 17:40:52] local.ERROR: Uncaught Error: Call to undefined function app_path() in Command line code:1
Stack trace:
#0 {main}
  thrown {"exception":"[object] (Symfony\\Component\\ErrorHandler\\Error\\FatalError(code: 0): Uncaught Error: Call to undefined function app_path() in Command line code:1
Stack trace:
#0 {main}
  thrown at Command line code:1)
[stacktrace]
#0 {main}
"} 
[2021-07-06 17:41:51] local.ERROR: Uncaught Error: Call to undefined function app_path() in Command line code:1
Stack trace:
#0 {main}
  thrown {"exception":"[object] (Symfony\\Component\\ErrorHandler\\Error\\FatalError(code: 0): Uncaught Error: Call to undefined function app_path() in Command line code:1
Stack trace:
#0 {main}
  thrown at Command line code:1)
[stacktrace]
#0 {main}
"} 
[2021-07-06 17:42:52] local.ERROR: Uncaught Error: Call to undefined function app_path() in Command line code:1
Stack trace:
#0 {main}
  thrown {"exception":"[object] (Symfony\\Component\\ErrorHandler\\Error\\FatalError(code: 0): Uncaught Error: Call to undefined function app_path() in Command line code:1
Stack trace:
#0 {main}
  thrown at Command line code:1)
[stacktrace]
#0 {main}
"} 
[2021-07-06 17:43:52] local.ERROR: Uncaught Error: Call to undefined function app_path() in Command line code:1
Stack trace:
#0 {main}
  thrown {"exception":"[object] (Symfony\\Component\\ErrorHandler\\Error\\FatalError(code: 0): Uncaught Error: Call to undefined function app_path() in Command line code:1
Stack trace:
#0 {main}
  thrown at Command line code:1)
[stacktrace]
#0 {main}
"} 
[2021-07-06 17:44:52] local.ERROR: Uncaught Error: Call to undefined function app_path() in Command line code:1
Stack trace:
#0 {main}
  thrown {"exception":"[object] (Symfony\\Component\\ErrorHandler\\Error\\FatalError(code: 0): Uncaught Error: Call to undefined function app_path() in Command line code:1
Stack trace:
#0 {main}
  thrown at Command line code:1)
[stacktrace]
#0 {main}
"} 
[2021-07-06 17:46:50] local.ERROR: Uncaught Error: Call to undefined function app_path() in Command line code:1
Stack trace:
#0 {main}
  thrown {"exception":"[object] (Symfony\\Component\\ErrorHandler\\Error\\FatalError(code: 0): Uncaught Error: Call to undefined function app_path() in Command line code:1
Stack trace:
#0 {main}
  thrown at Command line code:1)
[stacktrace]
#0 {main}
"} 
[2021-07-06 17:46:52] local.ERROR: Uncaught Error: Call to undefined function app_path() in Command line code:1
Stack trace:
#0 {main}
  thrown {"exception":"[object] (Symfony\\Component\\ErrorHandler\\Error\\FatalError(code: 0): Uncaught Error: Call to undefined function app_path() in Command line code:1
Stack trace:
#0 {main}
  thrown at Command line code:1)
[stacktrace]
#0 {main}
"} 
[2021-07-06 17:47:51] local.ERROR: Uncaught Error: Call to undefined function app_path() in Command line code:1
Stack trace:
#0 {main}
  thrown {"exception":"[object] (Symfony\\Component\\ErrorHandler\\Error\\FatalError(code: 0): Uncaught Error: Call to undefined function app_path() in Command line code:1
Stack trace:
#0 {main}
  thrown at Command line code:1)
[stacktrace]
#0 {main}
"} 
[2021-07-06 17:48:51] local.ERROR: Uncaught Error: Call to undefined function app_path() in Command line code:1
Stack trace:
#0 {main}
  thrown {"exception":"[object] (Symfony\\Component\\ErrorHandler\\Error\\FatalError(code: 0): Uncaught Error: Call to undefined function app_path() in Command line code:1
Stack trace:
#0 {main}
  thrown at Command line code:1)
[stacktrace]
#0 {main}
"} 
[2021-07-06 17:49:52] local.ERROR: Uncaught Error: Call to undefined function app_path() in Command line code:1
Stack trace:
#0 {main}
  thrown {"exception":"[object] (Symfony\\Component\\ErrorHandler\\Error\\FatalError(code: 0): Uncaught Error: Call to undefined function app_path() in Command line code:1
Stack trace:
#0 {main}
  thrown at Command line code:1)
[stacktrace]
#0 {main}
"} 
[2021-07-06 17:49:54] local.ERROR: Uncaught Illuminate\Contracts\Container\BindingResolutionException: Unresolvable dependency resolving [Parameter #1 [ <required> $cachePath ]] in class Illuminate\View\Compilers\Compiler in C:\laragon\www\youreoAPI\vendor\illuminate\container\Container.php:1032
Stack trace:
#0 C:\laragon\www\youreoAPI\vendor\illuminate\container\Container.php(943): Illuminate\Container\Container->unresolvablePrimitive(Object(ReflectionParameter))
#1 C:\laragon\www\youreoAPI\vendor\illuminate\container\Container.php(878): Illuminate\Container\Container->resolvePrimitive(Object(ReflectionParameter))
#2 C:\laragon\www\youreoAPI\vendor\illuminate\container\Container.php(840): Illuminate\Container\Container->resolveDependencies(Array)
#3 C:\laragon\www\youreoAPI\vendor\illuminate\container\Container.php(691): Illuminate\Container\Container->build('Illuminate\\View...')
#4 C:\laragon\www\youreoAPI\vendor\illuminate\container\Container.php(637): Illuminate\Container\Container->resolve('Illuminate\\View...', Array)
#5 C:\laragon\www\ {"exception":"[object] (Symfony\\Component\\ErrorHandler\\Error\\FatalError(code: 0): Uncaught Illuminate\\Contracts\\Container\\BindingResolutionException: Unresolvable dependency resolving [Parameter #1 [ <required> $cachePath ]] in class Illuminate\\View\\Compilers\\Compiler in C:\\laragon\\www\\youreoAPI\\vendor\\illuminate\\container\\Container.php:1032
Stack trace:
#0 C:\\laragon\\www\\youreoAPI\\vendor\\illuminate\\container\\Container.php(943): Illuminate\\Container\\Container->unresolvablePrimitive(Object(ReflectionParameter))
#1 C:\\laragon\\www\\youreoAPI\\vendor\\illuminate\\container\\Container.php(878): Illuminate\\Container\\Container->resolvePrimitive(Object(ReflectionParameter))
#2 C:\\laragon\\www\\youreoAPI\\vendor\\illuminate\\container\\Container.php(840): Illuminate\\Container\\Container->resolveDependencies(Array)
#3 C:\\laragon\\www\\youreoAPI\\vendor\\illuminate\\container\\Container.php(691): Illuminate\\Container\\Container->build('Illuminate\\\\View...')
#4 C:\\laragon\\www\\youreoAPI\\vendor\\illuminate\\container\\Container.php(637): Illuminate\\Container\\Container->resolve('Illuminate\\\\View...', Array)
#5 C:\\laragon\\www\\ at C:\\laragon\\www\\youreoAPI\\vendor\\illuminate\\container\\Container.php:1032)
[stacktrace]
#0 {main}
"} 
[2021-07-06 17:50:03] local.ERROR: Undefined index: id {"exception":"[object] (ErrorException(code: 0): Undefined index: id at C:\\laragon\\www\\youreoAPI\\app\\Models\\Event.php:59)
[stacktrace]
#0 C:\\laragon\\www\\youreoAPI\\app\\Models\\Event.php(59): Laravel\\Lumen\\Application->Laravel\\Lumen\\Concerns\\{closure}(8, 'Undefined index...', 'C:\\\\laragon\\\\www\\\\...', 59, Array)
#1 C:\\laragon\\www\\youreoAPI\\app\\Http\\Controllers\\v1\\EventController.php(171): App\\Models\\Event->hasMember(Object(App\\Models\\User))
#2 C:\\laragon\\www\\youreoAPI\\vendor\\illuminate\\container\\BoundMethod.php(36): App\\Http\\Controllers\\v1\\EventController->getDashboard(Object(Laravel\\Lumen\\Http\\Request), 1, 'v1-dev')
#3 C:\\laragon\\www\\youreoAPI\\vendor\\illuminate\\container\\Util.php(37): Illuminate\\Container\\BoundMethod::Illuminate\\Container\\{closure}()
#4 C:\\laragon\\www\\youreoAPI\\vendor\\illuminate\\container\\BoundMethod.php(93): Illuminate\\Container\\Util::unwrapIfClosure(Object(Closure))
#5 C:\\laragon\\www\\youreoAPI\\vendor\\illuminate\\container\\BoundMethod.php(37): Illuminate\\Container\\BoundMethod::callBoundMethod(Object(Laravel\\Lumen\\Application), Array, Object(Closure))
#6 C:\\laragon\\www\\youreoAPI\\vendor\\illuminate\\container\\Container.php(596): Illuminate\\Container\\BoundMethod::call(Object(Laravel\\Lumen\\Application), Array, Array, NULL)
#7 C:\\laragon\\www\\youreoAPI\\vendor\\laravel\\lumen-framework\\src\\Concerns\\RoutesRequests.php(386): Illuminate\\Container\\Container->call(Array, Array)
#8 C:\\laragon\\www\\youreoAPI\\vendor\\laravel\\lumen-framework\\src\\Concerns\\RoutesRequests.php(352): Laravel\\Lumen\\Application->callControllerCallable(Array, Array)
#9 C:\\laragon\\www\\youreoAPI\\vendor\\laravel\\lumen-framework\\src\\Concerns\\RoutesRequests.php(326): Laravel\\Lumen\\Application->callLumenController(Object(App\\Http\\Controllers\\v1\\EventController), 'getDashboard', Array)
#10 C:\\laragon\\www\\youreoAPI\\vendor\\laravel\\lumen-framework\\src\\Concerns\\RoutesRequests.php(279): Laravel\\Lumen\\Application->callControllerAction(Array)
#11 C:\\laragon\\www\\youreoAPI\\vendor\\laravel\\lumen-framework\\src\\Concerns\\RoutesRequests.php(259): Laravel\\Lumen\\Application->callActionOnArrayBasedRoute(Array)
#12 [internal function]: Laravel\\Lumen\\Application->Laravel\\Lumen\\Concerns\\{closure}(Object(Laravel\\Lumen\\Http\\Request))
#13 C:\\laragon\\www\\youreoAPI\\vendor\\laravel\\lumen-framework\\src\\Routing\\Pipeline.php(48): call_user_func(Object(Closure), Object(Laravel\\Lumen\\Http\\Request))
#14 C:\\laragon\\www\\youreoAPI\\app\\Http\\Middleware\\Authenticate.php(45): Laravel\\Lumen\\Routing\\Pipeline->Laravel\\Lumen\\Routing\\{closure}(Object(Laravel\\Lumen\\Http\\Request))
#15 C:\\laragon\\www\\youreoAPI\\vendor\\illuminate\\pipeline\\Pipeline.php(167): App\\Http\\Middleware\\Authenticate->handle(Object(Laravel\\Lumen\\Http\\Request), Object(Closure), 'api_token')
#16 [internal function]: Illuminate\\Pipeline\\Pipeline->Illuminate\\Pipeline\\{closure}(Object(Laravel\\Lumen\\Http\\Request))
#17 C:\\laragon\\www\\youreoAPI\\vendor\\laravel\\lumen-framework\\src\\Routing\\Pipeline.php(30): call_user_func(Object(Closure), Object(Laravel\\Lumen\\Http\\Request))
#18 C:\\laragon\\www\\youreoAPI\\app\\Http\\Middleware\\BranchDB.php(28): Laravel\\Lumen\\Routing\\Pipeline->Laravel\\Lumen\\Routing\\{closure}(Object(Laravel\\Lumen\\Http\\Request))
#19 C:\\laragon\\www\\youreoAPI\\vendor\\illuminate\\pipeline\\Pipeline.php(167): App\\Http\\Middleware\\BranchDB->handle(Object(Laravel\\Lumen\\Http\\Request), Object(Closure), 'version')
#20 [internal function]: Illuminate\\Pipeline\\Pipeline->Illuminate\\Pipeline\\{closure}(Object(Laravel\\Lumen\\Http\\Request))
#21 C:\\laragon\\www\\youreoAPI\\vendor\\laravel\\lumen-framework\\src\\Routing\\Pipeline.php(30): call_user_func(Object(Closure), Object(Laravel\\Lumen\\Http\\Request))
#22 C:\\laragon\\www\\youreoAPI\\vendor\\illuminate\\pipeline\\Pipeline.php(103): Laravel\\Lumen\\Routing\\Pipeline->Laravel\\Lumen\\Routing\\{closure}(Object(Laravel\\Lumen\\Http\\Request))
#23 C:\\laragon\\www\\youreoAPI\\vendor\\laravel\\lumen-framework\\src\\Concerns\\RoutesRequests.php(423): Illuminate\\Pipeline\\Pipeline->then(Object(Closure))
#24 C:\\laragon\\www\\youreoAPI\\vendor\\laravel\\lumen-framework\\src\\Concerns\\RoutesRequests.php(260): Laravel\\Lumen\\Application->sendThroughPipeline(Array, Object(Closure))
#25 C:\\laragon\\www\\youreoAPI\\vendor\\laravel\\lumen-framework\\src\\Concerns\\RoutesRequests.php(234): Laravel\\Lumen\\Application->handleFoundRoute(Array)
#26 C:\\laragon\\www\\youreoAPI\\vendor\\laravel\\lumen-framework\\src\\Concerns\\RoutesRequests.php(170): Laravel\\Lumen\\Application->handleDispatcherResponse(Array)
#27 C:\\laragon\\www\\youreoAPI\\vendor\\laravel\\lumen-framework\\src\\Concerns\\RoutesRequests.php(426): Laravel\\Lumen\\Application->Laravel\\Lumen\\Concerns\\{closure}(Object(Laravel\\Lumen\\Http\\Request))
#28 C:\\laragon\\www\\youreoAPI\\vendor\\laravel\\lumen-framework\\src\\Concerns\\RoutesRequests.php(172): Laravel\\Lumen\\Application->sendThroughPipeline(Array, Object(Closure))
#29 C:\\laragon\\www\\youreoAPI\\vendor\\laravel\\lumen-framework\\src\\Concerns\\RoutesRequests.php(109): Laravel\\Lumen\\Application->dispatch(NULL)
#30 C:\\laragon\\www\\youreoAPI\\public\\index.php(28): Laravel\\Lumen\\Application->run()
#31 {main}
"} 
[2021-07-06 17:50:10] local.ERROR: Undefined index: id {"exception":"[object] (ErrorException(code: 0): Undefined index: id at C:\\laragon\\www\\youreoAPI\\app\\Models\\Event.php:59)
[stacktrace]
#0 C:\\laragon\\www\\youreoAPI\\app\\Models\\Event.php(59): Laravel\\Lumen\\Application->Laravel\\Lumen\\Concerns\\{closure}(8, 'Undefined index...', 'C:\\\\laragon\\\\www\\\\...', 59, Array)
#1 C:\\laragon\\www\\youreoAPI\\app\\Http\\Controllers\\v1\\EventController.php(171): App\\Models\\Event->hasMember(Object(App\\Models\\User))
#2 C:\\laragon\\www\\youreoAPI\\vendor\\illuminate\\container\\BoundMethod.php(36): App\\Http\\Controllers\\v1\\EventController->getDashboard(Object(Laravel\\Lumen\\Http\\Request), 1, 'v1-dev')
#3 C:\\laragon\\www\\youreoAPI\\vendor\\illuminate\\container\\Util.php(37): Illuminate\\Container\\BoundMethod::Illuminate\\Container\\{closure}()
#4 C:\\laragon\\www\\youreoAPI\\vendor\\illuminate\\container\\BoundMethod.php(93): Illuminate\\Container\\Util::unwrapIfClosure(Object(Closure))
#5 C:\\laragon\\www\\youreoAPI\\vendor\\illuminate\\container\\BoundMethod.php(37): Illuminate\\Container\\BoundMethod::callBoundMethod(Object(Laravel\\Lumen\\Application), Array, Object(Closure))
#6 C:\\laragon\\www\\youreoAPI\\vendor\\illuminate\\container\\Container.php(596): Illuminate\\Container\\BoundMethod::call(Object(Laravel\\Lumen\\Application), Array, Array, NULL)
#7 C:\\laragon\\www\\youreoAPI\\vendor\\laravel\\lumen-framework\\src\\Concerns\\RoutesRequests.php(386): Illuminate\\Container\\Container->call(Array, Array)
#8 C:\\laragon\\www\\youreoAPI\\vendor\\laravel\\lumen-framework\\src\\Concerns\\RoutesRequests.php(352): Laravel\\Lumen\\Application->callControllerCallable(Array, Array)
#9 C:\\laragon\\www\\youreoAPI\\vendor\\laravel\\lumen-framework\\src\\Concerns\\RoutesRequests.php(326): Laravel\\Lumen\\Application->callLumenController(Object(App\\Http\\Controllers\\v1\\EventController), 'getDashboard', Array)
#10 C:\\laragon\\www\\youreoAPI\\vendor\\laravel\\lumen-framework\\src\\Concerns\\RoutesRequests.php(279): Laravel\\Lumen\\Application->callControllerAction(Array)
#11 C:\\laragon\\www\\youreoAPI\\vendor\\laravel\\lumen-framework\\src\\Concerns\\RoutesRequests.php(259): Laravel\\Lumen\\Application->callActionOnArrayBasedRoute(Array)
#12 [internal function]: Laravel\\Lumen\\Application->Laravel\\Lumen\\Concerns\\{closure}(Object(Laravel\\Lumen\\Http\\Request))
#13 C:\\laragon\\www\\youreoAPI\\vendor\\laravel\\lumen-framework\\src\\Routing\\Pipeline.php(48): call_user_func(Object(Closure), Object(Laravel\\Lumen\\Http\\Request))
#14 C:\\laragon\\www\\youreoAPI\\app\\Http\\Middleware\\Authenticate.php(45): Laravel\\Lumen\\Routing\\Pipeline->Laravel\\Lumen\\Routing\\{closure}(Object(Laravel\\Lumen\\Http\\Request))
#15 C:\\laragon\\www\\youreoAPI\\vendor\\illuminate\\pipeline\\Pipeline.php(167): App\\Http\\Middleware\\Authenticate->handle(Object(Laravel\\Lumen\\Http\\Request), Object(Closure), 'api_token')
#16 [internal function]: Illuminate\\Pipeline\\Pipeline->Illuminate\\Pipeline\\{closure}(Object(Laravel\\Lumen\\Http\\Request))
#17 C:\\laragon\\www\\youreoAPI\\vendor\\laravel\\lumen-framework\\src\\Routing\\Pipeline.php(30): call_user_func(Object(Closure), Object(Laravel\\Lumen\\Http\\Request))
#18 C:\\laragon\\www\\youreoAPI\\app\\Http\\Middleware\\BranchDB.php(28): Laravel\\Lumen\\Routing\\Pipeline->Laravel\\Lumen\\Routing\\{closure}(Object(Laravel\\Lumen\\Http\\Request))
#19 C:\\laragon\\www\\youreoAPI\\vendor\\illuminate\\pipeline\\Pipeline.php(167): App\\Http\\Middleware\\BranchDB->handle(Object(Laravel\\Lumen\\Http\\Request), Object(Closure), 'version')
#20 [internal function]: Illuminate\\Pipeline\\Pipeline->Illuminate\\Pipeline\\{closure}(Object(Laravel\\Lumen\\Http\\Request))
#21 C:\\laragon\\www\\youreoAPI\\vendor\\laravel\\lumen-framework\\src\\Routing\\Pipeline.php(30): call_user_func(Object(Closure), Object(Laravel\\Lumen\\Http\\Request))
#22 C:\\laragon\\www\\youreoAPI\\vendor\\illuminate\\pipeline\\Pipeline.php(103): Laravel\\Lumen\\Routing\\Pipeline->Laravel\\Lumen\\Routing\\{closure}(Object(Laravel\\Lumen\\Http\\Request))
#23 C:\\laragon\\www\\youreoAPI\\vendor\\laravel\\lumen-framework\\src\\Concerns\\RoutesRequests.php(423): Illuminate\\Pipeline\\Pipeline->then(Object(Closure))
#24 C:\\laragon\\www\\youreoAPI\\vendor\\laravel\\lumen-framework\\src\\Concerns\\RoutesRequests.php(260): Laravel\\Lumen\\Application->sendThroughPipeline(Array, Object(Closure))
#25 C:\\laragon\\www\\youreoAPI\\vendor\\laravel\\lumen-framework\\src\\Concerns\\RoutesRequests.php(234): Laravel\\Lumen\\Application->handleFoundRoute(Array)
#26 C:\\laragon\\www\\youreoAPI\\vendor\\laravel\\lumen-framework\\src\\Concerns\\RoutesRequests.php(170): Laravel\\Lumen\\Application->handleDispatcherResponse(Array)
#27 C:\\laragon\\www\\youreoAPI\\vendor\\laravel\\lumen-framework\\src\\Concerns\\RoutesRequests.php(426): Laravel\\Lumen\\Application->Laravel\\Lumen\\Concerns\\{closure}(Object(Laravel\\Lumen\\Http\\Request))
#28 C:\\laragon\\www\\youreoAPI\\vendor\\laravel\\lumen-framework\\src\\Concerns\\RoutesRequests.php(172): Laravel\\Lumen\\Application->sendThroughPipeline(Array, Object(Closure))
#29 C:\\laragon\\www\\youreoAPI\\vendor\\laravel\\lumen-framework\\src\\Concerns\\RoutesRequests.php(109): Laravel\\Lumen\\Application->dispatch(NULL)
#30 C:\\laragon\\www\\youreoAPI\\public\\index.php(28): Laravel\\Lumen\\Application->run()
#31 {main}
"} 
[2021-07-06 17:50:52] local.ERROR: Uncaught Error: Call to undefined function app_path() in Command line code:1
Stack trace:
#0 {main}
  thrown {"exception":"[object] (Symfony\\Component\\ErrorHandler\\Error\\FatalError(code: 0): Uncaught Error: Call to undefined function app_path() in Command line code:1
Stack trace:
#0 {main}
  thrown at Command line code:1)
[stacktrace]
#0 {main}
"} 
[2021-07-06 17:51:51] local.ERROR: Uncaught Error: Call to undefined function app_path() in Command line code:1
Stack trace:
#0 {main}
  thrown {"exception":"[object] (Symfony\\Component\\ErrorHandler\\Error\\FatalError(code: 0): Uncaught Error: Call to undefined function app_path() in Command line code:1
Stack trace:
#0 {main}
  thrown at Command line code:1)
[stacktrace]
#0 {main}
"} 
[2021-07-06 17:52:51] local.ERROR: Uncaught Error: Call to undefined function app_path() in Command line code:1
Stack trace:
#0 {main}
  thrown {"exception":"[object] (Symfony\\Component\\ErrorHandler\\Error\\FatalError(code: 0): Uncaught Error: Call to undefined function app_path() in Command line code:1
Stack trace:
#0 {main}
  thrown at Command line code:1)
[stacktrace]
#0 {main}
"} 
[2021-07-06 17:53:34] local.ERROR: Undefined index: id {"exception":"[object] (ErrorException(code: 0): Undefined index: id at C:\\laragon\\www\\youreoAPI\\app\\Models\\Event.php:59)
[stacktrace]
#0 C:\\laragon\\www\\youreoAPI\\app\\Models\\Event.php(59): Laravel\\Lumen\\Application->Laravel\\Lumen\\Concerns\\{closure}(8, 'Undefined index...', 'C:\\\\laragon\\\\www\\\\...', 59, Array)
#1 C:\\laragon\\www\\youreoAPI\\app\\Http\\Controllers\\v1\\EventController.php(171): App\\Models\\Event->hasMember(Object(App\\Models\\User))
#2 C:\\laragon\\www\\youreoAPI\\vendor\\illuminate\\container\\BoundMethod.php(36): App\\Http\\Controllers\\v1\\EventController->getDashboard(Object(Laravel\\Lumen\\Http\\Request), 1, 'v1-dev')
#3 C:\\laragon\\www\\youreoAPI\\vendor\\illuminate\\container\\Util.php(37): Illuminate\\Container\\BoundMethod::Illuminate\\Container\\{closure}()
#4 C:\\laragon\\www\\youreoAPI\\vendor\\illuminate\\container\\BoundMethod.php(93): Illuminate\\Container\\Util::unwrapIfClosure(Object(Closure))
#5 C:\\laragon\\www\\youreoAPI\\vendor\\illuminate\\container\\BoundMethod.php(37): Illuminate\\Container\\BoundMethod::callBoundMethod(Object(Laravel\\Lumen\\Application), Array, Object(Closure))
#6 C:\\laragon\\www\\youreoAPI\\vendor\\illuminate\\container\\Container.php(596): Illuminate\\Container\\BoundMethod::call(Object(Laravel\\Lumen\\Application), Array, Array, NULL)
#7 C:\\laragon\\www\\youreoAPI\\vendor\\laravel\\lumen-framework\\src\\Concerns\\RoutesRequests.php(386): Illuminate\\Container\\Container->call(Array, Array)
#8 C:\\laragon\\www\\youreoAPI\\vendor\\laravel\\lumen-framework\\src\\Concerns\\RoutesRequests.php(352): Laravel\\Lumen\\Application->callControllerCallable(Array, Array)
#9 C:\\laragon\\www\\youreoAPI\\vendor\\laravel\\lumen-framework\\src\\Concerns\\RoutesRequests.php(326): Laravel\\Lumen\\Application->callLumenController(Object(App\\Http\\Controllers\\v1\\EventController), 'getDashboard', Array)
#10 C:\\laragon\\www\\youreoAPI\\vendor\\laravel\\lumen-framework\\src\\Concerns\\RoutesRequests.php(279): Laravel\\Lumen\\Application->callControllerAction(Array)
#11 C:\\laragon\\www\\youreoAPI\\vendor\\laravel\\lumen-framework\\src\\Concerns\\RoutesRequests.php(259): Laravel\\Lumen\\Application->callActionOnArrayBasedRoute(Array)
#12 [internal function]: Laravel\\Lumen\\Application->Laravel\\Lumen\\Concerns\\{closure}(Object(Laravel\\Lumen\\Http\\Request))
#13 C:\\laragon\\www\\youreoAPI\\vendor\\laravel\\lumen-framework\\src\\Routing\\Pipeline.php(48): call_user_func(Object(Closure), Object(Laravel\\Lumen\\Http\\Request))
#14 C:\\laragon\\www\\youreoAPI\\app\\Http\\Middleware\\Authenticate.php(45): Laravel\\Lumen\\Routing\\Pipeline->Laravel\\Lumen\\Routing\\{closure}(Object(Laravel\\Lumen\\Http\\Request))
#15 C:\\laragon\\www\\youreoAPI\\vendor\\illuminate\\pipeline\\Pipeline.php(167): App\\Http\\Middleware\\Authenticate->handle(Object(Laravel\\Lumen\\Http\\Request), Object(Closure), 'api_token')
#16 [internal function]: Illuminate\\Pipeline\\Pipeline->Illuminate\\Pipeline\\{closure}(Object(Laravel\\Lumen\\Http\\Request))
#17 C:\\laragon\\www\\youreoAPI\\vendor\\laravel\\lumen-framework\\src\\Routing\\Pipeline.php(30): call_user_func(Object(Closure), Object(Laravel\\Lumen\\Http\\Request))
#18 C:\\laragon\\www\\youreoAPI\\app\\Http\\Middleware\\BranchDB.php(28): Laravel\\Lumen\\Routing\\Pipeline->Laravel\\Lumen\\Routing\\{closure}(Object(Laravel\\Lumen\\Http\\Request))
#19 C:\\laragon\\www\\youreoAPI\\vendor\\illuminate\\pipeline\\Pipeline.php(167): App\\Http\\Middleware\\BranchDB->handle(Object(Laravel\\Lumen\\Http\\Request), Object(Closure), 'version')
#20 [internal function]: Illuminate\\Pipeline\\Pipeline->Illuminate\\Pipeline\\{closure}(Object(Laravel\\Lumen\\Http\\Request))
#21 C:\\laragon\\www\\youreoAPI\\vendor\\laravel\\lumen-framework\\src\\Routing\\Pipeline.php(30): call_user_func(Object(Closure), Object(Laravel\\Lumen\\Http\\Request))
#22 C:\\laragon\\www\\youreoAPI\\vendor\\illuminate\\pipeline\\Pipeline.php(103): Laravel\\Lumen\\Routing\\Pipeline->Laravel\\Lumen\\Routing\\{closure}(Object(Laravel\\Lumen\\Http\\Request))
#23 C:\\laragon\\www\\youreoAPI\\vendor\\laravel\\lumen-framework\\src\\Concerns\\RoutesRequests.php(423): Illuminate\\Pipeline\\Pipeline->then(Object(Closure))
#24 C:\\laragon\\www\\youreoAPI\\vendor\\laravel\\lumen-framework\\src\\Concerns\\RoutesRequests.php(260): Laravel\\Lumen\\Application->sendThroughPipeline(Array, Object(Closure))
#25 C:\\laragon\\www\\youreoAPI\\vendor\\laravel\\lumen-framework\\src\\Concerns\\RoutesRequests.php(234): Laravel\\Lumen\\Application->handleFoundRoute(Array)
#26 C:\\laragon\\www\\youreoAPI\\vendor\\laravel\\lumen-framework\\src\\Concerns\\RoutesRequests.php(170): Laravel\\Lumen\\Application->handleDispatcherResponse(Array)
#27 C:\\laragon\\www\\youreoAPI\\vendor\\laravel\\lumen-framework\\src\\Concerns\\RoutesRequests.php(426): Laravel\\Lumen\\Application->Laravel\\Lumen\\Concerns\\{closure}(Object(Laravel\\Lumen\\Http\\Request))
#28 C:\\laragon\\www\\youreoAPI\\vendor\\laravel\\lumen-framework\\src\\Concerns\\RoutesRequests.php(172): Laravel\\Lumen\\Application->sendThroughPipeline(Array, Object(Closure))
#29 C:\\laragon\\www\\youreoAPI\\vendor\\laravel\\lumen-framework\\src\\Concerns\\RoutesRequests.php(109): Laravel\\Lumen\\Application->dispatch(NULL)
#30 C:\\laragon\\www\\youreoAPI\\public\\index.php(28): Laravel\\Lumen\\Application->run()
#31 {main}
"} 
[2021-07-06 17:53:45] local.ERROR: Undefined index: id {"exception":"[object] (ErrorException(code: 0): Undefined index: id at C:\\laragon\\www\\youreoAPI\\app\\Models\\Event.php:59)
[stacktrace]
#0 C:\\laragon\\www\\youreoAPI\\app\\Models\\Event.php(59): Laravel\\Lumen\\Application->Laravel\\Lumen\\Concerns\\{closure}(8, 'Undefined index...', 'C:\\\\laragon\\\\www\\\\...', 59, Array)
#1 C:\\laragon\\www\\youreoAPI\\app\\Http\\Controllers\\v1\\EventController.php(171): App\\Models\\Event->hasMember(Object(App\\Models\\User))
#2 C:\\laragon\\www\\youreoAPI\\vendor\\illuminate\\container\\BoundMethod.php(36): App\\Http\\Controllers\\v1\\EventController->getDashboard(Object(Laravel\\Lumen\\Http\\Request), 1, 'v1-dev')
#3 C:\\laragon\\www\\youreoAPI\\vendor\\illuminate\\container\\Util.php(37): Illuminate\\Container\\BoundMethod::Illuminate\\Container\\{closure}()
#4 C:\\laragon\\www\\youreoAPI\\vendor\\illuminate\\container\\BoundMethod.php(93): Illuminate\\Container\\Util::unwrapIfClosure(Object(Closure))
#5 C:\\laragon\\www\\youreoAPI\\vendor\\illuminate\\container\\BoundMethod.php(37): Illuminate\\Container\\BoundMethod::callBoundMethod(Object(Laravel\\Lumen\\Application), Array, Object(Closure))
#6 C:\\laragon\\www\\youreoAPI\\vendor\\illuminate\\container\\Container.php(596): Illuminate\\Container\\BoundMethod::call(Object(Laravel\\Lumen\\Application), Array, Array, NULL)
#7 C:\\laragon\\www\\youreoAPI\\vendor\\laravel\\lumen-framework\\src\\Concerns\\RoutesRequests.php(386): Illuminate\\Container\\Container->call(Array, Array)
#8 C:\\laragon\\www\\youreoAPI\\vendor\\laravel\\lumen-framework\\src\\Concerns\\RoutesRequests.php(352): Laravel\\Lumen\\Application->callControllerCallable(Array, Array)
#9 C:\\laragon\\www\\youreoAPI\\vendor\\laravel\\lumen-framework\\src\\Concerns\\RoutesRequests.php(326): Laravel\\Lumen\\Application->callLumenController(Object(App\\Http\\Controllers\\v1\\EventController), 'getDashboard', Array)
#10 C:\\laragon\\www\\youreoAPI\\vendor\\laravel\\lumen-framework\\src\\Concerns\\RoutesRequests.php(279): Laravel\\Lumen\\Application->callControllerAction(Array)
#11 C:\\laragon\\www\\youreoAPI\\vendor\\laravel\\lumen-framework\\src\\Concerns\\RoutesRequests.php(259): Laravel\\Lumen\\Application->callActionOnArrayBasedRoute(Array)
#12 [internal function]: Laravel\\Lumen\\Application->Laravel\\Lumen\\Concerns\\{closure}(Object(Laravel\\Lumen\\Http\\Request))
#13 C:\\laragon\\www\\youreoAPI\\vendor\\laravel\\lumen-framework\\src\\Routing\\Pipeline.php(48): call_user_func(Object(Closure), Object(Laravel\\Lumen\\Http\\Request))
#14 C:\\laragon\\www\\youreoAPI\\app\\Http\\Middleware\\Authenticate.php(45): Laravel\\Lumen\\Routing\\Pipeline->Laravel\\Lumen\\Routing\\{closure}(Object(Laravel\\Lumen\\Http\\Request))
#15 C:\\laragon\\www\\youreoAPI\\vendor\\illuminate\\pipeline\\Pipeline.php(167): App\\Http\\Middleware\\Authenticate->handle(Object(Laravel\\Lumen\\Http\\Request), Object(Closure), 'api_token')
#16 [internal function]: Illuminate\\Pipeline\\Pipeline->Illuminate\\Pipeline\\{closure}(Object(Laravel\\Lumen\\Http\\Request))
#17 C:\\laragon\\www\\youreoAPI\\vendor\\laravel\\lumen-framework\\src\\Routing\\Pipeline.php(30): call_user_func(Object(Closure), Object(Laravel\\Lumen\\Http\\Request))
#18 C:\\laragon\\www\\youreoAPI\\app\\Http\\Middleware\\BranchDB.php(28): Laravel\\Lumen\\Routing\\Pipeline->Laravel\\Lumen\\Routing\\{closure}(Object(Laravel\\Lumen\\Http\\Request))
#19 C:\\laragon\\www\\youreoAPI\\vendor\\illuminate\\pipeline\\Pipeline.php(167): App\\Http\\Middleware\\BranchDB->handle(Object(Laravel\\Lumen\\Http\\Request), Object(Closure), 'version')
#20 [internal function]: Illuminate\\Pipeline\\Pipeline->Illuminate\\Pipeline\\{closure}(Object(Laravel\\Lumen\\Http\\Request))
#21 C:\\laragon\\www\\youreoAPI\\vendor\\laravel\\lumen-framework\\src\\Routing\\Pipeline.php(30): call_user_func(Object(Closure), Object(Laravel\\Lumen\\Http\\Request))
#22 C:\\laragon\\www\\youreoAPI\\vendor\\illuminate\\pipeline\\Pipeline.php(103): Laravel\\Lumen\\Routing\\Pipeline->Laravel\\Lumen\\Routing\\{closure}(Object(Laravel\\Lumen\\Http\\Request))
#23 C:\\laragon\\www\\youreoAPI\\vendor\\laravel\\lumen-framework\\src\\Concerns\\RoutesRequests.php(423): Illuminate\\Pipeline\\Pipeline->then(Object(Closure))
#24 C:\\laragon\\www\\youreoAPI\\vendor\\laravel\\lumen-framework\\src\\Concerns\\RoutesRequests.php(260): Laravel\\Lumen\\Application->sendThroughPipeline(Array, Object(Closure))
#25 C:\\laragon\\www\\youreoAPI\\vendor\\laravel\\lumen-framework\\src\\Concerns\\RoutesRequests.php(234): Laravel\\Lumen\\Application->handleFoundRoute(Array)
#26 C:\\laragon\\www\\youreoAPI\\vendor\\laravel\\lumen-framework\\src\\Concerns\\RoutesRequests.php(170): Laravel\\Lumen\\Application->handleDispatcherResponse(Array)
#27 C:\\laragon\\www\\youreoAPI\\vendor\\laravel\\lumen-framework\\src\\Concerns\\RoutesRequests.php(426): Laravel\\Lumen\\Application->Laravel\\Lumen\\Concerns\\{closure}(Object(Laravel\\Lumen\\Http\\Request))
#28 C:\\laragon\\www\\youreoAPI\\vendor\\laravel\\lumen-framework\\src\\Concerns\\RoutesRequests.php(172): Laravel\\Lumen\\Application->sendThroughPipeline(Array, Object(Closure))
#29 C:\\laragon\\www\\youreoAPI\\vendor\\laravel\\lumen-framework\\src\\Concerns\\RoutesRequests.php(109): Laravel\\Lumen\\Application->dispatch(NULL)
#30 C:\\laragon\\www\\youreoAPI\\public\\index.php(28): Laravel\\Lumen\\Application->run()
#31 {main}
"} 
[2021-07-06 17:53:51] local.ERROR: Uncaught Error: Call to undefined function app_path() in Command line code:1
Stack trace:
#0 {main}
  thrown {"exception":"[object] (Symfony\\Component\\ErrorHandler\\Error\\FatalError(code: 0): Uncaught Error: Call to undefined function app_path() in Command line code:1
Stack trace:
#0 {main}
  thrown at Command line code:1)
[stacktrace]
#0 {main}
"} 
[2021-07-06 17:54:09] local.ERROR: Undefined index: id {"exception":"[object] (ErrorException(code: 0): Undefined index: id at C:\\laragon\\www\\youreoAPI\\app\\Models\\Event.php:59)
[stacktrace]
#0 C:\\laragon\\www\\youreoAPI\\app\\Models\\Event.php(59): Laravel\\Lumen\\Application->Laravel\\Lumen\\Concerns\\{closure}(8, 'Undefined index...', 'C:\\\\laragon\\\\www\\\\...', 59, Array)
#1 C:\\laragon\\www\\youreoAPI\\app\\Http\\Controllers\\v1\\EventController.php(171): App\\Models\\Event->hasMember(Object(App\\Models\\User))
#2 C:\\laragon\\www\\youreoAPI\\vendor\\illuminate\\container\\BoundMethod.php(36): App\\Http\\Controllers\\v1\\EventController->getDashboard(Object(Laravel\\Lumen\\Http\\Request), 1, 'v1-dev')
#3 C:\\laragon\\www\\youreoAPI\\vendor\\illuminate\\container\\Util.php(37): Illuminate\\Container\\BoundMethod::Illuminate\\Container\\{closure}()
#4 C:\\laragon\\www\\youreoAPI\\vendor\\illuminate\\container\\BoundMethod.php(93): Illuminate\\Container\\Util::unwrapIfClosure(Object(Closure))
#5 C:\\laragon\\www\\youreoAPI\\vendor\\illuminate\\container\\BoundMethod.php(37): Illuminate\\Container\\BoundMethod::callBoundMethod(Object(Laravel\\Lumen\\Application), Array, Object(Closure))
#6 C:\\laragon\\www\\youreoAPI\\vendor\\illuminate\\container\\Container.php(596): Illuminate\\Container\\BoundMethod::call(Object(Laravel\\Lumen\\Application), Array, Array, NULL)
#7 C:\\laragon\\www\\youreoAPI\\vendor\\laravel\\lumen-framework\\src\\Concerns\\RoutesRequests.php(386): Illuminate\\Container\\Container->call(Array, Array)
#8 C:\\laragon\\www\\youreoAPI\\vendor\\laravel\\lumen-framework\\src\\Concerns\\RoutesRequests.php(352): Laravel\\Lumen\\Application->callControllerCallable(Array, Array)
#9 C:\\laragon\\www\\youreoAPI\\vendor\\laravel\\lumen-framework\\src\\Concerns\\RoutesRequests.php(326): Laravel\\Lumen\\Application->callLumenController(Object(App\\Http\\Controllers\\v1\\EventController), 'getDashboard', Array)
#10 C:\\laragon\\www\\youreoAPI\\vendor\\laravel\\lumen-framework\\src\\Concerns\\RoutesRequests.php(279): Laravel\\Lumen\\Application->callControllerAction(Array)
#11 C:\\laragon\\www\\youreoAPI\\vendor\\laravel\\lumen-framework\\src\\Concerns\\RoutesRequests.php(259): Laravel\\Lumen\\Application->callActionOnArrayBasedRoute(Array)
#12 [internal function]: Laravel\\Lumen\\Application->Laravel\\Lumen\\Concerns\\{closure}(Object(Laravel\\Lumen\\Http\\Request))
#13 C:\\laragon\\www\\youreoAPI\\vendor\\laravel\\lumen-framework\\src\\Routing\\Pipeline.php(48): call_user_func(Object(Closure), Object(Laravel\\Lumen\\Http\\Request))
#14 C:\\laragon\\www\\youreoAPI\\app\\Http\\Middleware\\Authenticate.php(45): Laravel\\Lumen\\Routing\\Pipeline->Laravel\\Lumen\\Routing\\{closure}(Object(Laravel\\Lumen\\Http\\Request))
#15 C:\\laragon\\www\\youreoAPI\\vendor\\illuminate\\pipeline\\Pipeline.php(167): App\\Http\\Middleware\\Authenticate->handle(Object(Laravel\\Lumen\\Http\\Request), Object(Closure), 'api_token')
#16 [internal function]: Illuminate\\Pipeline\\Pipeline->Illuminate\\Pipeline\\{closure}(Object(Laravel\\Lumen\\Http\\Request))
#17 C:\\laragon\\www\\youreoAPI\\vendor\\laravel\\lumen-framework\\src\\Routing\\Pipeline.php(30): call_user_func(Object(Closure), Object(Laravel\\Lumen\\Http\\Request))
#18 C:\\laragon\\www\\youreoAPI\\app\\Http\\Middleware\\BranchDB.php(28): Laravel\\Lumen\\Routing\\Pipeline->Laravel\\Lumen\\Routing\\{closure}(Object(Laravel\\Lumen\\Http\\Request))
#19 C:\\laragon\\www\\youreoAPI\\vendor\\illuminate\\pipeline\\Pipeline.php(167): App\\Http\\Middleware\\BranchDB->handle(Object(Laravel\\Lumen\\Http\\Request), Object(Closure), 'version')
#20 [internal function]: Illuminate\\Pipeline\\Pipeline->Illuminate\\Pipeline\\{closure}(Object(Laravel\\Lumen\\Http\\Request))
#21 C:\\laragon\\www\\youreoAPI\\vendor\\laravel\\lumen-framework\\src\\Routing\\Pipeline.php(30): call_user_func(Object(Closure), Object(Laravel\\Lumen\\Http\\Request))
#22 C:\\laragon\\www\\youreoAPI\\vendor\\illuminate\\pipeline\\Pipeline.php(103): Laravel\\Lumen\\Routing\\Pipeline->Laravel\\Lumen\\Routing\\{closure}(Object(Laravel\\Lumen\\Http\\Request))
#23 C:\\laragon\\www\\youreoAPI\\vendor\\laravel\\lumen-framework\\src\\Concerns\\RoutesRequests.php(423): Illuminate\\Pipeline\\Pipeline->then(Object(Closure))
#24 C:\\laragon\\www\\youreoAPI\\vendor\\laravel\\lumen-framework\\src\\Concerns\\RoutesRequests.php(260): Laravel\\Lumen\\Application->sendThroughPipeline(Array, Object(Closure))
#25 C:\\laragon\\www\\youreoAPI\\vendor\\laravel\\lumen-framework\\src\\Concerns\\RoutesRequests.php(234): Laravel\\Lumen\\Application->handleFoundRoute(Array)
#26 C:\\laragon\\www\\youreoAPI\\vendor\\laravel\\lumen-framework\\src\\Concerns\\RoutesRequests.php(170): Laravel\\Lumen\\Application->handleDispatcherResponse(Array)
#27 C:\\laragon\\www\\youreoAPI\\vendor\\laravel\\lumen-framework\\src\\Concerns\\RoutesRequests.php(426): Laravel\\Lumen\\Application->Laravel\\Lumen\\Concerns\\{closure}(Object(Laravel\\Lumen\\Http\\Request))
#28 C:\\laragon\\www\\youreoAPI\\vendor\\laravel\\lumen-framework\\src\\Concerns\\RoutesRequests.php(172): Laravel\\Lumen\\Application->sendThroughPipeline(Array, Object(Closure))
#29 C:\\laragon\\www\\youreoAPI\\vendor\\laravel\\lumen-framework\\src\\Concerns\\RoutesRequests.php(109): Laravel\\Lumen\\Application->dispatch(NULL)
#30 C:\\laragon\\www\\youreoAPI\\public\\index.php(28): Laravel\\Lumen\\Application->run()
#31 {main}
"} 
[2021-07-06 17:54:15] local.ERROR: Undefined index: id {"exception":"[object] (ErrorException(code: 0): Undefined index: id at C:\\laragon\\www\\youreoAPI\\app\\Models\\Event.php:59)
[stacktrace]
#0 C:\\laragon\\www\\youreoAPI\\app\\Models\\Event.php(59): Laravel\\Lumen\\Application->Laravel\\Lumen\\Concerns\\{closure}(8, 'Undefined index...', 'C:\\\\laragon\\\\www\\\\...', 59, Array)
#1 C:\\laragon\\www\\youreoAPI\\app\\Http\\Controllers\\v1\\EventController.php(171): App\\Models\\Event->hasMember(Object(App\\Models\\User))
#2 C:\\laragon\\www\\youreoAPI\\vendor\\illuminate\\container\\BoundMethod.php(36): App\\Http\\Controllers\\v1\\EventController->getDashboard(Object(Laravel\\Lumen\\Http\\Request), 1, 'v1-dev')
#3 C:\\laragon\\www\\youreoAPI\\vendor\\illuminate\\container\\Util.php(37): Illuminate\\Container\\BoundMethod::Illuminate\\Container\\{closure}()
#4 C:\\laragon\\www\\youreoAPI\\vendor\\illuminate\\container\\BoundMethod.php(93): Illuminate\\Container\\Util::unwrapIfClosure(Object(Closure))
#5 C:\\laragon\\www\\youreoAPI\\vendor\\illuminate\\container\\BoundMethod.php(37): Illuminate\\Container\\BoundMethod::callBoundMethod(Object(Laravel\\Lumen\\Application), Array, Object(Closure))
#6 C:\\laragon\\www\\youreoAPI\\vendor\\illuminate\\container\\Container.php(596): Illuminate\\Container\\BoundMethod::call(Object(Laravel\\Lumen\\Application), Array, Array, NULL)
#7 C:\\laragon\\www\\youreoAPI\\vendor\\laravel\\lumen-framework\\src\\Concerns\\RoutesRequests.php(386): Illuminate\\Container\\Container->call(Array, Array)
#8 C:\\laragon\\www\\youreoAPI\\vendor\\laravel\\lumen-framework\\src\\Concerns\\RoutesRequests.php(352): Laravel\\Lumen\\Application->callControllerCallable(Array, Array)
#9 C:\\laragon\\www\\youreoAPI\\vendor\\laravel\\lumen-framework\\src\\Concerns\\RoutesRequests.php(326): Laravel\\Lumen\\Application->callLumenController(Object(App\\Http\\Controllers\\v1\\EventController), 'getDashboard', Array)
#10 C:\\laragon\\www\\youreoAPI\\vendor\\laravel\\lumen-framework\\src\\Concerns\\RoutesRequests.php(279): Laravel\\Lumen\\Application->callControllerAction(Array)
#11 C:\\laragon\\www\\youreoAPI\\vendor\\laravel\\lumen-framework\\src\\Concerns\\RoutesRequests.php(259): Laravel\\Lumen\\Application->callActionOnArrayBasedRoute(Array)
#12 [internal function]: Laravel\\Lumen\\Application->Laravel\\Lumen\\Concerns\\{closure}(Object(Laravel\\Lumen\\Http\\Request))
#13 C:\\laragon\\www\\youreoAPI\\vendor\\laravel\\lumen-framework\\src\\Routing\\Pipeline.php(48): call_user_func(Object(Closure), Object(Laravel\\Lumen\\Http\\Request))
#14 C:\\laragon\\www\\youreoAPI\\app\\Http\\Middleware\\Authenticate.php(45): Laravel\\Lumen\\Routing\\Pipeline->Laravel\\Lumen\\Routing\\{closure}(Object(Laravel\\Lumen\\Http\\Request))
#15 C:\\laragon\\www\\youreoAPI\\vendor\\illuminate\\pipeline\\Pipeline.php(167): App\\Http\\Middleware\\Authenticate->handle(Object(Laravel\\Lumen\\Http\\Request), Object(Closure), 'api_token')
#16 [internal function]: Illuminate\\Pipeline\\Pipeline->Illuminate\\Pipeline\\{closure}(Object(Laravel\\Lumen\\Http\\Request))
#17 C:\\laragon\\www\\youreoAPI\\vendor\\laravel\\lumen-framework\\src\\Routing\\Pipeline.php(30): call_user_func(Object(Closure), Object(Laravel\\Lumen\\Http\\Request))
#18 C:\\laragon\\www\\youreoAPI\\app\\Http\\Middleware\\BranchDB.php(28): Laravel\\Lumen\\Routing\\Pipeline->Laravel\\Lumen\\Routing\\{closure}(Object(Laravel\\Lumen\\Http\\Request))
#19 C:\\laragon\\www\\youreoAPI\\vendor\\illuminate\\pipeline\\Pipeline.php(167): App\\Http\\Middleware\\BranchDB->handle(Object(Laravel\\Lumen\\Http\\Request), Object(Closure), 'version')
#20 [internal function]: Illuminate\\Pipeline\\Pipeline->Illuminate\\Pipeline\\{closure}(Object(Laravel\\Lumen\\Http\\Request))
#21 C:\\laragon\\www\\youreoAPI\\vendor\\laravel\\lumen-framework\\src\\Routing\\Pipeline.php(30): call_user_func(Object(Closure), Object(Laravel\\Lumen\\Http\\Request))
#22 C:\\laragon\\www\\youreoAPI\\vendor\\illuminate\\pipeline\\Pipeline.php(103): Laravel\\Lumen\\Routing\\Pipeline->Laravel\\Lumen\\Routing\\{closure}(Object(Laravel\\Lumen\\Http\\Request))
#23 C:\\laragon\\www\\youreoAPI\\vendor\\laravel\\lumen-framework\\src\\Concerns\\RoutesRequests.php(423): Illuminate\\Pipeline\\Pipeline->then(Object(Closure))
#24 C:\\laragon\\www\\youreoAPI\\vendor\\laravel\\lumen-framework\\src\\Concerns\\RoutesRequests.php(260): Laravel\\Lumen\\Application->sendThroughPipeline(Array, Object(Closure))
#25 C:\\laragon\\www\\youreoAPI\\vendor\\laravel\\lumen-framework\\src\\Concerns\\RoutesRequests.php(234): Laravel\\Lumen\\Application->handleFoundRoute(Array)
#26 C:\\laragon\\www\\youreoAPI\\vendor\\laravel\\lumen-framework\\src\\Concerns\\RoutesRequests.php(170): Laravel\\Lumen\\Application->handleDispatcherResponse(Array)
#27 C:\\laragon\\www\\youreoAPI\\vendor\\laravel\\lumen-framework\\src\\Concerns\\RoutesRequests.php(426): Laravel\\Lumen\\Application->Laravel\\Lumen\\Concerns\\{closure}(Object(Laravel\\Lumen\\Http\\Request))
#28 C:\\laragon\\www\\youreoAPI\\vendor\\laravel\\lumen-framework\\src\\Concerns\\RoutesRequests.php(172): Laravel\\Lumen\\Application->sendThroughPipeline(Array, Object(Closure))
#29 C:\\laragon\\www\\youreoAPI\\vendor\\laravel\\lumen-framework\\src\\Concerns\\RoutesRequests.php(109): Laravel\\Lumen\\Application->dispatch(NULL)
#30 C:\\laragon\\www\\youreoAPI\\public\\index.php(28): Laravel\\Lumen\\Application->run()
#31 {main}
"} 
[2021-07-06 17:54:27] local.ERROR:  {"exception":"[object] (Illuminate\\Http\\Exceptions\\HttpResponseException(code: 0):  at C:\\laragon\\www\\youreoAPI\\vendor\\illuminate\\http\\ResponseTrait.php:151)
[stacktrace]
#0 C:\\laragon\\www\\youreoAPI\\app\\Helpers\\ErrorBuilder.php(42): Illuminate\\Http\\JsonResponse->throwResponse()
#1 C:\\laragon\\www\\youreoAPI\\app\\Http\\Middleware\\Authenticate.php(58): App\\Helpers\\ErrorBuilder->toResponse()
#2 C:\\laragon\\www\\youreoAPI\\vendor\\illuminate\\pipeline\\Pipeline.php(167): App\\Http\\Middleware\\Authenticate->handle(Object(Laravel\\Lumen\\Http\\Request), Object(Closure), 'api_token')
#3 [internal function]: Illuminate\\Pipeline\\Pipeline->Illuminate\\Pipeline\\{closure}(Object(Laravel\\Lumen\\Http\\Request))
#4 C:\\laragon\\www\\youreoAPI\\vendor\\laravel\\lumen-framework\\src\\Routing\\Pipeline.php(30): call_user_func(Object(Closure), Object(Laravel\\Lumen\\Http\\Request))
#5 C:\\laragon\\www\\youreoAPI\\app\\Http\\Middleware\\BranchDB.php(28): Laravel\\Lumen\\Routing\\Pipeline->Laravel\\Lumen\\Routing\\{closure}(Object(Laravel\\Lumen\\Http\\Request))
#6 C:\\laragon\\www\\youreoAPI\\vendor\\illuminate\\pipeline\\Pipeline.php(167): App\\Http\\Middleware\\BranchDB->handle(Object(Laravel\\Lumen\\Http\\Request), Object(Closure), 'version')
#7 [internal function]: Illuminate\\Pipeline\\Pipeline->Illuminate\\Pipeline\\{closure}(Object(Laravel\\Lumen\\Http\\Request))
#8 C:\\laragon\\www\\youreoAPI\\vendor\\laravel\\lumen-framework\\src\\Routing\\Pipeline.php(30): call_user_func(Object(Closure), Object(Laravel\\Lumen\\Http\\Request))
#9 C:\\laragon\\www\\youreoAPI\\vendor\\illuminate\\pipeline\\Pipeline.php(103): Laravel\\Lumen\\Routing\\Pipeline->Laravel\\Lumen\\Routing\\{closure}(Object(Laravel\\Lumen\\Http\\Request))
#10 C:\\laragon\\www\\youreoAPI\\vendor\\laravel\\lumen-framework\\src\\Concerns\\RoutesRequests.php(423): Illuminate\\Pipeline\\Pipeline->then(Object(Closure))
#11 C:\\laragon\\www\\youreoAPI\\vendor\\laravel\\lumen-framework\\src\\Concerns\\RoutesRequests.php(260): Laravel\\Lumen\\Application->sendThroughPipeline(Array, Object(Closure))
#12 C:\\laragon\\www\\youreoAPI\\vendor\\laravel\\lumen-framework\\src\\Concerns\\RoutesRequests.php(234): Laravel\\Lumen\\Application->handleFoundRoute(Array)
#13 C:\\laragon\\www\\youreoAPI\\vendor\\laravel\\lumen-framework\\src\\Concerns\\RoutesRequests.php(170): Laravel\\Lumen\\Application->handleDispatcherResponse(Array)
#14 C:\\laragon\\www\\youreoAPI\\vendor\\laravel\\lumen-framework\\src\\Concerns\\RoutesRequests.php(426): Laravel\\Lumen\\Application->Laravel\\Lumen\\Concerns\\{closure}(Object(Laravel\\Lumen\\Http\\Request))
#15 C:\\laragon\\www\\youreoAPI\\vendor\\laravel\\lumen-framework\\src\\Concerns\\RoutesRequests.php(172): Laravel\\Lumen\\Application->sendThroughPipeline(Array, Object(Closure))
#16 C:\\laragon\\www\\youreoAPI\\vendor\\laravel\\lumen-framework\\src\\Concerns\\RoutesRequests.php(109): Laravel\\Lumen\\Application->dispatch(NULL)
#17 C:\\laragon\\www\\youreoAPI\\public\\index.php(28): Laravel\\Lumen\\Application->run()
#18 {main}
"} 
[2021-07-06 17:54:51] local.ERROR: Uncaught Error: Call to undefined function app_path() in Command line code:1
Stack trace:
#0 {main}
  thrown {"exception":"[object] (Symfony\\Component\\ErrorHandler\\Error\\FatalError(code: 0): Uncaught Error: Call to undefined function app_path() in Command line code:1
Stack trace:
#0 {main}
  thrown at Command line code:1)
[stacktrace]
#0 {main}
"} 
[2021-07-06 17:55:51] local.ERROR: Uncaught Error: Call to undefined function app_path() in Command line code:1
Stack trace:
#0 {main}
  thrown {"exception":"[object] (Symfony\\Component\\ErrorHandler\\Error\\FatalError(code: 0): Uncaught Error: Call to undefined function app_path() in Command line code:1
Stack trace:
#0 {main}
  thrown at Command line code:1)
[stacktrace]
#0 {main}
"} 
[2021-07-06 17:56:51] local.ERROR: Uncaught Error: Call to undefined function app_path() in Command line code:1
Stack trace:
#0 {main}
  thrown {"exception":"[object] (Symfony\\Component\\ErrorHandler\\Error\\FatalError(code: 0): Uncaught Error: Call to undefined function app_path() in Command line code:1
Stack trace:
#0 {main}
  thrown at Command line code:1)
[stacktrace]
#0 {main}
"} 
[2021-07-06 17:57:52] local.ERROR: Uncaught Error: Call to undefined function app_path() in Command line code:1
Stack trace:
#0 {main}
  thrown {"exception":"[object] (Symfony\\Component\\ErrorHandler\\Error\\FatalError(code: 0): Uncaught Error: Call to undefined function app_path() in Command line code:1
Stack trace:
#0 {main}
  thrown at Command line code:1)
[stacktrace]
#0 {main}
"} 
[2021-07-06 17:58:52] local.ERROR: Uncaught Error: Call to undefined function app_path() in Command line code:1
Stack trace:
#0 {main}
  thrown {"exception":"[object] (Symfony\\Component\\ErrorHandler\\Error\\FatalError(code: 0): Uncaught Error: Call to undefined function app_path() in Command line code:1
Stack trace:
#0 {main}
  thrown at Command line code:1)
[stacktrace]
#0 {main}
"} 
[2021-07-06 17:59:52] local.ERROR: Uncaught Error: Call to undefined function app_path() in Command line code:1
Stack trace:
#0 {main}
  thrown {"exception":"[object] (Symfony\\Component\\ErrorHandler\\Error\\FatalError(code: 0): Uncaught Error: Call to undefined function app_path() in Command line code:1
Stack trace:
#0 {main}
  thrown at Command line code:1)
[stacktrace]
#0 {main}
"} 
[2021-07-06 17:59:53] local.ERROR: Uncaught Illuminate\Contracts\Container\BindingResolutionException: Unresolvable dependency resolving [Parameter #1 [ <required> $cachePath ]] in class Illuminate\View\Compilers\Compiler in C:\laragon\www\youreoAPI\vendor\illuminate\container\Container.php:1032
Stack trace:
#0 C:\laragon\www\youreoAPI\vendor\illuminate\container\Container.php(943): Illuminate\Container\Container->unresolvablePrimitive(Object(ReflectionParameter))
#1 C:\laragon\www\youreoAPI\vendor\illuminate\container\Container.php(878): Illuminate\Container\Container->resolvePrimitive(Object(ReflectionParameter))
#2 C:\laragon\www\youreoAPI\vendor\illuminate\container\Container.php(840): Illuminate\Container\Container->resolveDependencies(Array)
#3 C:\laragon\www\youreoAPI\vendor\illuminate\container\Container.php(691): Illuminate\Container\Container->build('Illuminate\\View...')
#4 C:\laragon\www\youreoAPI\vendor\illuminate\container\Container.php(637): Illuminate\Container\Container->resolve('Illuminate\\View...', Array)
#5 C:\laragon\www\ {"exception":"[object] (Symfony\\Component\\ErrorHandler\\Error\\FatalError(code: 0): Uncaught Illuminate\\Contracts\\Container\\BindingResolutionException: Unresolvable dependency resolving [Parameter #1 [ <required> $cachePath ]] in class Illuminate\\View\\Compilers\\Compiler in C:\\laragon\\www\\youreoAPI\\vendor\\illuminate\\container\\Container.php:1032
Stack trace:
#0 C:\\laragon\\www\\youreoAPI\\vendor\\illuminate\\container\\Container.php(943): Illuminate\\Container\\Container->unresolvablePrimitive(Object(ReflectionParameter))
#1 C:\\laragon\\www\\youreoAPI\\vendor\\illuminate\\container\\Container.php(878): Illuminate\\Container\\Container->resolvePrimitive(Object(ReflectionParameter))
#2 C:\\laragon\\www\\youreoAPI\\vendor\\illuminate\\container\\Container.php(840): Illuminate\\Container\\Container->resolveDependencies(Array)
#3 C:\\laragon\\www\\youreoAPI\\vendor\\illuminate\\container\\Container.php(691): Illuminate\\Container\\Container->build('Illuminate\\\\View...')
#4 C:\\laragon\\www\\youreoAPI\\vendor\\illuminate\\container\\Container.php(637): Illuminate\\Container\\Container->resolve('Illuminate\\\\View...', Array)
#5 C:\\laragon\\www\\ at C:\\laragon\\www\\youreoAPI\\vendor\\illuminate\\container\\Container.php:1032)
[stacktrace]
#0 {main}
"} 
[2021-07-06 18:00:51] local.ERROR: Uncaught Error: Call to undefined function app_path() in Command line code:1
Stack trace:
#0 {main}
  thrown {"exception":"[object] (Symfony\\Component\\ErrorHandler\\Error\\FatalError(code: 0): Uncaught Error: Call to undefined function app_path() in Command line code:1
Stack trace:
#0 {main}
  thrown at Command line code:1)
[stacktrace]
#0 {main}
"} 
[2021-07-06 18:01:51] local.ERROR: Uncaught Error: Call to undefined function app_path() in Command line code:1
Stack trace:
#0 {main}
  thrown {"exception":"[object] (Symfony\\Component\\ErrorHandler\\Error\\FatalError(code: 0): Uncaught Error: Call to undefined function app_path() in Command line code:1
Stack trace:
#0 {main}
  thrown at Command line code:1)
[stacktrace]
#0 {main}
"} 
[2021-07-06 18:02:51] local.ERROR: Uncaught Error: Call to undefined function app_path() in Command line code:1
Stack trace:
#0 {main}
  thrown {"exception":"[object] (Symfony\\Component\\ErrorHandler\\Error\\FatalError(code: 0): Uncaught Error: Call to undefined function app_path() in Command line code:1
Stack trace:
#0 {main}
  thrown at Command line code:1)
[stacktrace]
#0 {main}
"} 
[2021-07-06 18:03:51] local.ERROR: Uncaught Error: Call to undefined function app_path() in Command line code:1
Stack trace:
#0 {main}
  thrown {"exception":"[object] (Symfony\\Component\\ErrorHandler\\Error\\FatalError(code: 0): Uncaught Error: Call to undefined function app_path() in Command line code:1
Stack trace:
#0 {main}
  thrown at Command line code:1)
[stacktrace]
#0 {main}
"} 
[2021-07-06 18:04:51] local.ERROR: Uncaught Error: Call to undefined function app_path() in Command line code:1
Stack trace:
#0 {main}
  thrown {"exception":"[object] (Symfony\\Component\\ErrorHandler\\Error\\FatalError(code: 0): Uncaught Error: Call to undefined function app_path() in Command line code:1
Stack trace:
#0 {main}
  thrown at Command line code:1)
[stacktrace]
#0 {main}
"} 
[2021-07-06 18:05:51] local.ERROR: Uncaught Error: Call to undefined function app_path() in Command line code:1
Stack trace:
#0 {main}
  thrown {"exception":"[object] (Symfony\\Component\\ErrorHandler\\Error\\FatalError(code: 0): Uncaught Error: Call to undefined function app_path() in Command line code:1
Stack trace:
#0 {main}
  thrown at Command line code:1)
[stacktrace]
#0 {main}
"} 
[2021-07-06 18:06:51] local.ERROR: Uncaught Error: Call to undefined function app_path() in Command line code:1
Stack trace:
#0 {main}
  thrown {"exception":"[object] (Symfony\\Component\\ErrorHandler\\Error\\FatalError(code: 0): Uncaught Error: Call to undefined function app_path() in Command line code:1
Stack trace:
#0 {main}
  thrown at Command line code:1)
[stacktrace]
#0 {main}
"} 
[2021-07-06 18:07:51] local.ERROR: Uncaught Error: Call to undefined function app_path() in Command line code:1
Stack trace:
#0 {main}
  thrown {"exception":"[object] (Symfony\\Component\\ErrorHandler\\Error\\FatalError(code: 0): Uncaught Error: Call to undefined function app_path() in Command line code:1
Stack trace:
#0 {main}
  thrown at Command line code:1)
[stacktrace]
#0 {main}
"} 
[2021-07-06 18:08:51] local.ERROR: Uncaught Error: Call to undefined function app_path() in Command line code:1
Stack trace:
#0 {main}
  thrown {"exception":"[object] (Symfony\\Component\\ErrorHandler\\Error\\FatalError(code: 0): Uncaught Error: Call to undefined function app_path() in Command line code:1
Stack trace:
#0 {main}
  thrown at Command line code:1)
[stacktrace]
#0 {main}
"} 
[2021-07-06 18:09:51] local.ERROR: Uncaught Error: Call to undefined function app_path() in Command line code:1
Stack trace:
#0 {main}
  thrown {"exception":"[object] (Symfony\\Component\\ErrorHandler\\Error\\FatalError(code: 0): Uncaught Error: Call to undefined function app_path() in Command line code:1
Stack trace:
#0 {main}
  thrown at Command line code:1)
[stacktrace]
#0 {main}
"} 
[2021-07-06 18:09:52] local.ERROR: Uncaught Illuminate\Contracts\Container\BindingResolutionException: Unresolvable dependency resolving [Parameter #1 [ <required> $cachePath ]] in class Illuminate\View\Compilers\Compiler in C:\laragon\www\youreoAPI\vendor\illuminate\container\Container.php:1032
Stack trace:
#0 C:\laragon\www\youreoAPI\vendor\illuminate\container\Container.php(943): Illuminate\Container\Container->unresolvablePrimitive(Object(ReflectionParameter))
#1 C:\laragon\www\youreoAPI\vendor\illuminate\container\Container.php(878): Illuminate\Container\Container->resolvePrimitive(Object(ReflectionParameter))
#2 C:\laragon\www\youreoAPI\vendor\illuminate\container\Container.php(840): Illuminate\Container\Container->resolveDependencies(Array)
#3 C:\laragon\www\youreoAPI\vendor\illuminate\container\Container.php(691): Illuminate\Container\Container->build('Illuminate\\View...')
#4 C:\laragon\www\youreoAPI\vendor\illuminate\container\Container.php(637): Illuminate\Container\Container->resolve('Illuminate\\View...', Array)
#5 C:\laragon\www\ {"exception":"[object] (Symfony\\Component\\ErrorHandler\\Error\\FatalError(code: 0): Uncaught Illuminate\\Contracts\\Container\\BindingResolutionException: Unresolvable dependency resolving [Parameter #1 [ <required> $cachePath ]] in class Illuminate\\View\\Compilers\\Compiler in C:\\laragon\\www\\youreoAPI\\vendor\\illuminate\\container\\Container.php:1032
Stack trace:
#0 C:\\laragon\\www\\youreoAPI\\vendor\\illuminate\\container\\Container.php(943): Illuminate\\Container\\Container->unresolvablePrimitive(Object(ReflectionParameter))
#1 C:\\laragon\\www\\youreoAPI\\vendor\\illuminate\\container\\Container.php(878): Illuminate\\Container\\Container->resolvePrimitive(Object(ReflectionParameter))
#2 C:\\laragon\\www\\youreoAPI\\vendor\\illuminate\\container\\Container.php(840): Illuminate\\Container\\Container->resolveDependencies(Array)
#3 C:\\laragon\\www\\youreoAPI\\vendor\\illuminate\\container\\Container.php(691): Illuminate\\Container\\Container->build('Illuminate\\\\View...')
#4 C:\\laragon\\www\\youreoAPI\\vendor\\illuminate\\container\\Container.php(637): Illuminate\\Container\\Container->resolve('Illuminate\\\\View...', Array)
#5 C:\\laragon\\www\\ at C:\\laragon\\www\\youreoAPI\\vendor\\illuminate\\container\\Container.php:1032)
[stacktrace]
#0 {main}
"} 
[2021-07-06 18:10:51] local.ERROR: Uncaught Error: Call to undefined function app_path() in Command line code:1
Stack trace:
#0 {main}
  thrown {"exception":"[object] (Symfony\\Component\\ErrorHandler\\Error\\FatalError(code: 0): Uncaught Error: Call to undefined function app_path() in Command line code:1
Stack trace:
#0 {main}
  thrown at Command line code:1)
[stacktrace]
#0 {main}
"} 
[2021-07-06 18:11:51] local.ERROR: Uncaught Error: Call to undefined function app_path() in Command line code:1
Stack trace:
#0 {main}
  thrown {"exception":"[object] (Symfony\\Component\\ErrorHandler\\Error\\FatalError(code: 0): Uncaught Error: Call to undefined function app_path() in Command line code:1
Stack trace:
#0 {main}
  thrown at Command line code:1)
[stacktrace]
#0 {main}
"} 
[2021-07-06 18:12:51] local.ERROR: Uncaught Error: Call to undefined function app_path() in Command line code:1
Stack trace:
#0 {main}
  thrown {"exception":"[object] (Symfony\\Component\\ErrorHandler\\Error\\FatalError(code: 0): Uncaught Error: Call to undefined function app_path() in Command line code:1
Stack trace:
#0 {main}
  thrown at Command line code:1)
[stacktrace]
#0 {main}
"} 
[2021-07-06 18:13:51] local.ERROR: Uncaught Error: Call to undefined function app_path() in Command line code:1
Stack trace:
#0 {main}
  thrown {"exception":"[object] (Symfony\\Component\\ErrorHandler\\Error\\FatalError(code: 0): Uncaught Error: Call to undefined function app_path() in Command line code:1
Stack trace:
#0 {main}
  thrown at Command line code:1)
[stacktrace]
#0 {main}
"} 
[2021-07-06 18:14:51] local.ERROR: Uncaught Error: Call to undefined function app_path() in Command line code:1
Stack trace:
#0 {main}
  thrown {"exception":"[object] (Symfony\\Component\\ErrorHandler\\Error\\FatalError(code: 0): Uncaught Error: Call to undefined function app_path() in Command line code:1
Stack trace:
#0 {main}
  thrown at Command line code:1)
[stacktrace]
#0 {main}
"} 
[2021-07-06 18:15:51] local.ERROR: Uncaught Error: Call to undefined function app_path() in Command line code:1
Stack trace:
#0 {main}
  thrown {"exception":"[object] (Symfony\\Component\\ErrorHandler\\Error\\FatalError(code: 0): Uncaught Error: Call to undefined function app_path() in Command line code:1
Stack trace:
#0 {main}
  thrown at Command line code:1)
[stacktrace]
#0 {main}
"} 
[2021-07-06 18:16:51] local.ERROR: Uncaught Error: Call to undefined function app_path() in Command line code:1
Stack trace:
#0 {main}
  thrown {"exception":"[object] (Symfony\\Component\\ErrorHandler\\Error\\FatalError(code: 0): Uncaught Error: Call to undefined function app_path() in Command line code:1
Stack trace:
#0 {main}
  thrown at Command line code:1)
[stacktrace]
#0 {main}
"} 
[2021-07-06 18:17:51] local.ERROR: Uncaught Error: Call to undefined function app_path() in Command line code:1
Stack trace:
#0 {main}
  thrown {"exception":"[object] (Symfony\\Component\\ErrorHandler\\Error\\FatalError(code: 0): Uncaught Error: Call to undefined function app_path() in Command line code:1
Stack trace:
#0 {main}
  thrown at Command line code:1)
[stacktrace]
#0 {main}
"} 
[2021-07-06 18:18:51] local.ERROR: Uncaught Error: Call to undefined function app_path() in Command line code:1
Stack trace:
#0 {main}
  thrown {"exception":"[object] (Symfony\\Component\\ErrorHandler\\Error\\FatalError(code: 0): Uncaught Error: Call to undefined function app_path() in Command line code:1
Stack trace:
#0 {main}
  thrown at Command line code:1)
[stacktrace]
#0 {main}
"} 
[2021-07-06 18:19:51] local.ERROR: Uncaught Error: Call to undefined function app_path() in Command line code:1
Stack trace:
#0 {main}
  thrown {"exception":"[object] (Symfony\\Component\\ErrorHandler\\Error\\FatalError(code: 0): Uncaught Error: Call to undefined function app_path() in Command line code:1
Stack trace:
#0 {main}
  thrown at Command line code:1)
[stacktrace]
#0 {main}
"} 
[2021-07-06 18:19:52] local.ERROR: Uncaught Illuminate\Contracts\Container\BindingResolutionException: Unresolvable dependency resolving [Parameter #1 [ <required> $cachePath ]] in class Illuminate\View\Compilers\Compiler in C:\laragon\www\youreoAPI\vendor\illuminate\container\Container.php:1032
Stack trace:
#0 C:\laragon\www\youreoAPI\vendor\illuminate\container\Container.php(943): Illuminate\Container\Container->unresolvablePrimitive(Object(ReflectionParameter))
#1 C:\laragon\www\youreoAPI\vendor\illuminate\container\Container.php(878): Illuminate\Container\Container->resolvePrimitive(Object(ReflectionParameter))
#2 C:\laragon\www\youreoAPI\vendor\illuminate\container\Container.php(840): Illuminate\Container\Container->resolveDependencies(Array)
#3 C:\laragon\www\youreoAPI\vendor\illuminate\container\Container.php(691): Illuminate\Container\Container->build('Illuminate\\View...')
#4 C:\laragon\www\youreoAPI\vendor\illuminate\container\Container.php(637): Illuminate\Container\Container->resolve('Illuminate\\View...', Array)
#5 C:\laragon\www\ {"exception":"[object] (Symfony\\Component\\ErrorHandler\\Error\\FatalError(code: 0): Uncaught Illuminate\\Contracts\\Container\\BindingResolutionException: Unresolvable dependency resolving [Parameter #1 [ <required> $cachePath ]] in class Illuminate\\View\\Compilers\\Compiler in C:\\laragon\\www\\youreoAPI\\vendor\\illuminate\\container\\Container.php:1032
Stack trace:
#0 C:\\laragon\\www\\youreoAPI\\vendor\\illuminate\\container\\Container.php(943): Illuminate\\Container\\Container->unresolvablePrimitive(Object(ReflectionParameter))
#1 C:\\laragon\\www\\youreoAPI\\vendor\\illuminate\\container\\Container.php(878): Illuminate\\Container\\Container->resolvePrimitive(Object(ReflectionParameter))
#2 C:\\laragon\\www\\youreoAPI\\vendor\\illuminate\\container\\Container.php(840): Illuminate\\Container\\Container->resolveDependencies(Array)
#3 C:\\laragon\\www\\youreoAPI\\vendor\\illuminate\\container\\Container.php(691): Illuminate\\Container\\Container->build('Illuminate\\\\View...')
#4 C:\\laragon\\www\\youreoAPI\\vendor\\illuminate\\container\\Container.php(637): Illuminate\\Container\\Container->resolve('Illuminate\\\\View...', Array)
#5 C:\\laragon\\www\\ at C:\\laragon\\www\\youreoAPI\\vendor\\illuminate\\container\\Container.php:1032)
[stacktrace]
#0 {main}
"} 
[2021-07-06 18:20:51] local.ERROR: Uncaught Error: Call to undefined function app_path() in Command line code:1
Stack trace:
#0 {main}
  thrown {"exception":"[object] (Symfony\\Component\\ErrorHandler\\Error\\FatalError(code: 0): Uncaught Error: Call to undefined function app_path() in Command line code:1
Stack trace:
#0 {main}
  thrown at Command line code:1)
[stacktrace]
#0 {main}
"} 
[2021-07-06 18:21:51] local.ERROR: Uncaught Error: Call to undefined function app_path() in Command line code:1
Stack trace:
#0 {main}
  thrown {"exception":"[object] (Symfony\\Component\\ErrorHandler\\Error\\FatalError(code: 0): Uncaught Error: Call to undefined function app_path() in Command line code:1
Stack trace:
#0 {main}
  thrown at Command line code:1)
[stacktrace]
#0 {main}
"} 
[2021-07-06 18:22:51] local.ERROR: Uncaught Error: Call to undefined function app_path() in Command line code:1
Stack trace:
#0 {main}
  thrown {"exception":"[object] (Symfony\\Component\\ErrorHandler\\Error\\FatalError(code: 0): Uncaught Error: Call to undefined function app_path() in Command line code:1
Stack trace:
#0 {main}
  thrown at Command line code:1)
[stacktrace]
#0 {main}
"} 
[2021-07-06 18:23:51] local.ERROR: Uncaught Error: Call to undefined function app_path() in Command line code:1
Stack trace:
#0 {main}
  thrown {"exception":"[object] (Symfony\\Component\\ErrorHandler\\Error\\FatalError(code: 0): Uncaught Error: Call to undefined function app_path() in Command line code:1
Stack trace:
#0 {main}
  thrown at Command line code:1)
[stacktrace]
#0 {main}
"} 
[2021-07-06 18:24:51] local.ERROR: Uncaught Error: Call to undefined function app_path() in Command line code:1
Stack trace:
#0 {main}
  thrown {"exception":"[object] (Symfony\\Component\\ErrorHandler\\Error\\FatalError(code: 0): Uncaught Error: Call to undefined function app_path() in Command line code:1
Stack trace:
#0 {main}
  thrown at Command line code:1)
[stacktrace]
#0 {main}
"} 
[2021-07-06 18:25:51] local.ERROR: Uncaught Error: Call to undefined function app_path() in Command line code:1
Stack trace:
#0 {main}
  thrown {"exception":"[object] (Symfony\\Component\\ErrorHandler\\Error\\FatalError(code: 0): Uncaught Error: Call to undefined function app_path() in Command line code:1
Stack trace:
#0 {main}
  thrown at Command line code:1)
[stacktrace]
#0 {main}
"} 
[2021-07-06 18:26:51] local.ERROR: Uncaught Error: Call to undefined function app_path() in Command line code:1
Stack trace:
#0 {main}
  thrown {"exception":"[object] (Symfony\\Component\\ErrorHandler\\Error\\FatalError(code: 0): Uncaught Error: Call to undefined function app_path() in Command line code:1
Stack trace:
#0 {main}
  thrown at Command line code:1)
[stacktrace]
#0 {main}
"} 
[2021-07-06 18:27:51] local.ERROR: Uncaught Error: Call to undefined function app_path() in Command line code:1
Stack trace:
#0 {main}
  thrown {"exception":"[object] (Symfony\\Component\\ErrorHandler\\Error\\FatalError(code: 0): Uncaught Error: Call to undefined function app_path() in Command line code:1
Stack trace:
#0 {main}
  thrown at Command line code:1)
[stacktrace]
#0 {main}
"} 
[2021-07-06 18:28:51] local.ERROR: Uncaught Error: Call to undefined function app_path() in Command line code:1
Stack trace:
#0 {main}
  thrown {"exception":"[object] (Symfony\\Component\\ErrorHandler\\Error\\FatalError(code: 0): Uncaught Error: Call to undefined function app_path() in Command line code:1
Stack trace:
#0 {main}
  thrown at Command line code:1)
[stacktrace]
#0 {main}
"} 
[2021-07-06 18:29:51] local.ERROR: Uncaught Error: Call to undefined function app_path() in Command line code:1
Stack trace:
#0 {main}
  thrown {"exception":"[object] (Symfony\\Component\\ErrorHandler\\Error\\FatalError(code: 0): Uncaught Error: Call to undefined function app_path() in Command line code:1
Stack trace:
#0 {main}
  thrown at Command line code:1)
[stacktrace]
#0 {main}
"} 
[2021-07-06 18:29:52] local.ERROR: Uncaught Illuminate\Contracts\Container\BindingResolutionException: Unresolvable dependency resolving [Parameter #1 [ <required> $cachePath ]] in class Illuminate\View\Compilers\Compiler in C:\laragon\www\youreoAPI\vendor\illuminate\container\Container.php:1032
Stack trace:
#0 C:\laragon\www\youreoAPI\vendor\illuminate\container\Container.php(943): Illuminate\Container\Container->unresolvablePrimitive(Object(ReflectionParameter))
#1 C:\laragon\www\youreoAPI\vendor\illuminate\container\Container.php(878): Illuminate\Container\Container->resolvePrimitive(Object(ReflectionParameter))
#2 C:\laragon\www\youreoAPI\vendor\illuminate\container\Container.php(840): Illuminate\Container\Container->resolveDependencies(Array)
#3 C:\laragon\www\youreoAPI\vendor\illuminate\container\Container.php(691): Illuminate\Container\Container->build('Illuminate\\View...')
#4 C:\laragon\www\youreoAPI\vendor\illuminate\container\Container.php(637): Illuminate\Container\Container->resolve('Illuminate\\View...', Array)
#5 C:\laragon\www\ {"exception":"[object] (Symfony\\Component\\ErrorHandler\\Error\\FatalError(code: 0): Uncaught Illuminate\\Contracts\\Container\\BindingResolutionException: Unresolvable dependency resolving [Parameter #1 [ <required> $cachePath ]] in class Illuminate\\View\\Compilers\\Compiler in C:\\laragon\\www\\youreoAPI\\vendor\\illuminate\\container\\Container.php:1032
Stack trace:
#0 C:\\laragon\\www\\youreoAPI\\vendor\\illuminate\\container\\Container.php(943): Illuminate\\Container\\Container->unresolvablePrimitive(Object(ReflectionParameter))
#1 C:\\laragon\\www\\youreoAPI\\vendor\\illuminate\\container\\Container.php(878): Illuminate\\Container\\Container->resolvePrimitive(Object(ReflectionParameter))
#2 C:\\laragon\\www\\youreoAPI\\vendor\\illuminate\\container\\Container.php(840): Illuminate\\Container\\Container->resolveDependencies(Array)
#3 C:\\laragon\\www\\youreoAPI\\vendor\\illuminate\\container\\Container.php(691): Illuminate\\Container\\Container->build('Illuminate\\\\View...')
#4 C:\\laragon\\www\\youreoAPI\\vendor\\illuminate\\container\\Container.php(637): Illuminate\\Container\\Container->resolve('Illuminate\\\\View...', Array)
#5 C:\\laragon\\www\\ at C:\\laragon\\www\\youreoAPI\\vendor\\illuminate\\container\\Container.php:1032)
[stacktrace]
#0 {main}
"} 
[2021-07-06 18:30:51] local.ERROR: Uncaught Error: Call to undefined function app_path() in Command line code:1
Stack trace:
#0 {main}
  thrown {"exception":"[object] (Symfony\\Component\\ErrorHandler\\Error\\FatalError(code: 0): Uncaught Error: Call to undefined function app_path() in Command line code:1
Stack trace:
#0 {main}
  thrown at Command line code:1)
[stacktrace]
#0 {main}
"} 
[2021-07-06 18:31:51] local.ERROR: Uncaught Error: Call to undefined function app_path() in Command line code:1
Stack trace:
#0 {main}
  thrown {"exception":"[object] (Symfony\\Component\\ErrorHandler\\Error\\FatalError(code: 0): Uncaught Error: Call to undefined function app_path() in Command line code:1
Stack trace:
#0 {main}
  thrown at Command line code:1)
[stacktrace]
#0 {main}
"} 
[2021-07-06 18:32:51] local.ERROR: Uncaught Error: Call to undefined function app_path() in Command line code:1
Stack trace:
#0 {main}
  thrown {"exception":"[object] (Symfony\\Component\\ErrorHandler\\Error\\FatalError(code: 0): Uncaught Error: Call to undefined function app_path() in Command line code:1
Stack trace:
#0 {main}
  thrown at Command line code:1)
[stacktrace]
#0 {main}
"} 
[2021-07-06 18:33:51] local.ERROR: Uncaught Error: Call to undefined function app_path() in Command line code:1
Stack trace:
#0 {main}
  thrown {"exception":"[object] (Symfony\\Component\\ErrorHandler\\Error\\FatalError(code: 0): Uncaught Error: Call to undefined function app_path() in Command line code:1
Stack trace:
#0 {main}
  thrown at Command line code:1)
[stacktrace]
#0 {main}
"} 
[2021-07-06 18:34:51] local.ERROR: Uncaught Error: Call to undefined function app_path() in Command line code:1
Stack trace:
#0 {main}
  thrown {"exception":"[object] (Symfony\\Component\\ErrorHandler\\Error\\FatalError(code: 0): Uncaught Error: Call to undefined function app_path() in Command line code:1
Stack trace:
#0 {main}
  thrown at Command line code:1)
[stacktrace]
#0 {main}
"} 
[2021-07-06 18:35:51] local.ERROR: Uncaught Error: Call to undefined function app_path() in Command line code:1
Stack trace:
#0 {main}
  thrown {"exception":"[object] (Symfony\\Component\\ErrorHandler\\Error\\FatalError(code: 0): Uncaught Error: Call to undefined function app_path() in Command line code:1
Stack trace:
#0 {main}
  thrown at Command line code:1)
[stacktrace]
#0 {main}
"} 
[2021-07-06 18:36:51] local.ERROR: Uncaught Error: Call to undefined function app_path() in Command line code:1
Stack trace:
#0 {main}
  thrown {"exception":"[object] (Symfony\\Component\\ErrorHandler\\Error\\FatalError(code: 0): Uncaught Error: Call to undefined function app_path() in Command line code:1
Stack trace:
#0 {main}
  thrown at Command line code:1)
[stacktrace]
#0 {main}
"} 
[2021-07-06 18:37:51] local.ERROR: Uncaught Error: Call to undefined function app_path() in Command line code:1
Stack trace:
#0 {main}
  thrown {"exception":"[object] (Symfony\\Component\\ErrorHandler\\Error\\FatalError(code: 0): Uncaught Error: Call to undefined function app_path() in Command line code:1
Stack trace:
#0 {main}
  thrown at Command line code:1)
[stacktrace]
#0 {main}
"} 
[2021-07-06 18:38:51] local.ERROR: Uncaught Error: Call to undefined function app_path() in Command line code:1
Stack trace:
#0 {main}
  thrown {"exception":"[object] (Symfony\\Component\\ErrorHandler\\Error\\FatalError(code: 0): Uncaught Error: Call to undefined function app_path() in Command line code:1
Stack trace:
#0 {main}
  thrown at Command line code:1)
[stacktrace]
#0 {main}
"} 
[2021-07-06 18:39:51] local.ERROR: Uncaught Error: Call to undefined function app_path() in Command line code:1
Stack trace:
#0 {main}
  thrown {"exception":"[object] (Symfony\\Component\\ErrorHandler\\Error\\FatalError(code: 0): Uncaught Error: Call to undefined function app_path() in Command line code:1
Stack trace:
#0 {main}
  thrown at Command line code:1)
[stacktrace]
#0 {main}
"} 
[2021-07-06 18:39:52] local.ERROR: Uncaught Illuminate\Contracts\Container\BindingResolutionException: Unresolvable dependency resolving [Parameter #1 [ <required> $cachePath ]] in class Illuminate\View\Compilers\Compiler in C:\laragon\www\youreoAPI\vendor\illuminate\container\Container.php:1032
Stack trace:
#0 C:\laragon\www\youreoAPI\vendor\illuminate\container\Container.php(943): Illuminate\Container\Container->unresolvablePrimitive(Object(ReflectionParameter))
#1 C:\laragon\www\youreoAPI\vendor\illuminate\container\Container.php(878): Illuminate\Container\Container->resolvePrimitive(Object(ReflectionParameter))
#2 C:\laragon\www\youreoAPI\vendor\illuminate\container\Container.php(840): Illuminate\Container\Container->resolveDependencies(Array)
#3 C:\laragon\www\youreoAPI\vendor\illuminate\container\Container.php(691): Illuminate\Container\Container->build('Illuminate\\View...')
#4 C:\laragon\www\youreoAPI\vendor\illuminate\container\Container.php(637): Illuminate\Container\Container->resolve('Illuminate\\View...', Array)
#5 C:\laragon\www\ {"exception":"[object] (Symfony\\Component\\ErrorHandler\\Error\\FatalError(code: 0): Uncaught Illuminate\\Contracts\\Container\\BindingResolutionException: Unresolvable dependency resolving [Parameter #1 [ <required> $cachePath ]] in class Illuminate\\View\\Compilers\\Compiler in C:\\laragon\\www\\youreoAPI\\vendor\\illuminate\\container\\Container.php:1032
Stack trace:
#0 C:\\laragon\\www\\youreoAPI\\vendor\\illuminate\\container\\Container.php(943): Illuminate\\Container\\Container->unresolvablePrimitive(Object(ReflectionParameter))
#1 C:\\laragon\\www\\youreoAPI\\vendor\\illuminate\\container\\Container.php(878): Illuminate\\Container\\Container->resolvePrimitive(Object(ReflectionParameter))
#2 C:\\laragon\\www\\youreoAPI\\vendor\\illuminate\\container\\Container.php(840): Illuminate\\Container\\Container->resolveDependencies(Array)
#3 C:\\laragon\\www\\youreoAPI\\vendor\\illuminate\\container\\Container.php(691): Illuminate\\Container\\Container->build('Illuminate\\\\View...')
#4 C:\\laragon\\www\\youreoAPI\\vendor\\illuminate\\container\\Container.php(637): Illuminate\\Container\\Container->resolve('Illuminate\\\\View...', Array)
#5 C:\\laragon\\www\\ at C:\\laragon\\www\\youreoAPI\\vendor\\illuminate\\container\\Container.php:1032)
[stacktrace]
#0 {main}
"} 
[2021-07-06 18:40:51] local.ERROR: Uncaught Error: Call to undefined function app_path() in Command line code:1
Stack trace:
#0 {main}
  thrown {"exception":"[object] (Symfony\\Component\\ErrorHandler\\Error\\FatalError(code: 0): Uncaught Error: Call to undefined function app_path() in Command line code:1
Stack trace:
#0 {main}
  thrown at Command line code:1)
[stacktrace]
#0 {main}
"} 
[2021-07-06 18:41:51] local.ERROR: Uncaught Error: Call to undefined function app_path() in Command line code:1
Stack trace:
#0 {main}
  thrown {"exception":"[object] (Symfony\\Component\\ErrorHandler\\Error\\FatalError(code: 0): Uncaught Error: Call to undefined function app_path() in Command line code:1
Stack trace:
#0 {main}
  thrown at Command line code:1)
[stacktrace]
#0 {main}
"} 
[2021-07-06 18:42:51] local.ERROR: Uncaught Error: Call to undefined function app_path() in Command line code:1
Stack trace:
#0 {main}
  thrown {"exception":"[object] (Symfony\\Component\\ErrorHandler\\Error\\FatalError(code: 0): Uncaught Error: Call to undefined function app_path() in Command line code:1
Stack trace:
#0 {main}
  thrown at Command line code:1)
[stacktrace]
#0 {main}
"} 
[2021-07-06 18:43:52] local.ERROR: Uncaught Error: Call to undefined function app_path() in Command line code:1
Stack trace:
#0 {main}
  thrown {"exception":"[object] (Symfony\\Component\\ErrorHandler\\Error\\FatalError(code: 0): Uncaught Error: Call to undefined function app_path() in Command line code:1
Stack trace:
#0 {main}
  thrown at Command line code:1)
[stacktrace]
#0 {main}
"} 
[2021-07-06 18:44:51] local.ERROR: Uncaught Error: Call to undefined function app_path() in Command line code:1
Stack trace:
#0 {main}
  thrown {"exception":"[object] (Symfony\\Component\\ErrorHandler\\Error\\FatalError(code: 0): Uncaught Error: Call to undefined function app_path() in Command line code:1
Stack trace:
#0 {main}
  thrown at Command line code:1)
[stacktrace]
#0 {main}
"} 
[2021-07-06 18:45:51] local.ERROR: Uncaught Error: Call to undefined function app_path() in Command line code:1
Stack trace:
#0 {main}
  thrown {"exception":"[object] (Symfony\\Component\\ErrorHandler\\Error\\FatalError(code: 0): Uncaught Error: Call to undefined function app_path() in Command line code:1
Stack trace:
#0 {main}
  thrown at Command line code:1)
[stacktrace]
#0 {main}
"} 
[2021-07-06 18:46:51] local.ERROR: Uncaught Error: Call to undefined function app_path() in Command line code:1
Stack trace:
#0 {main}
  thrown {"exception":"[object] (Symfony\\Component\\ErrorHandler\\Error\\FatalError(code: 0): Uncaught Error: Call to undefined function app_path() in Command line code:1
Stack trace:
#0 {main}
  thrown at Command line code:1)
[stacktrace]
#0 {main}
"} 
[2021-07-06 18:47:51] local.ERROR: Uncaught Error: Call to undefined function app_path() in Command line code:1
Stack trace:
#0 {main}
  thrown {"exception":"[object] (Symfony\\Component\\ErrorHandler\\Error\\FatalError(code: 0): Uncaught Error: Call to undefined function app_path() in Command line code:1
Stack trace:
#0 {main}
  thrown at Command line code:1)
[stacktrace]
#0 {main}
"} 
[2021-07-06 18:48:51] local.ERROR: Uncaught Error: Call to undefined function app_path() in Command line code:1
Stack trace:
#0 {main}
  thrown {"exception":"[object] (Symfony\\Component\\ErrorHandler\\Error\\FatalError(code: 0): Uncaught Error: Call to undefined function app_path() in Command line code:1
Stack trace:
#0 {main}
  thrown at Command line code:1)
[stacktrace]
#0 {main}
"} 
[2021-07-06 18:49:51] local.ERROR: Uncaught Error: Call to undefined function app_path() in Command line code:1
Stack trace:
#0 {main}
  thrown {"exception":"[object] (Symfony\\Component\\ErrorHandler\\Error\\FatalError(code: 0): Uncaught Error: Call to undefined function app_path() in Command line code:1
Stack trace:
#0 {main}
  thrown at Command line code:1)
[stacktrace]
#0 {main}
"} 
[2021-07-06 18:49:52] local.ERROR: Uncaught Illuminate\Contracts\Container\BindingResolutionException: Unresolvable dependency resolving [Parameter #1 [ <required> $cachePath ]] in class Illuminate\View\Compilers\Compiler in C:\laragon\www\youreoAPI\vendor\illuminate\container\Container.php:1032
Stack trace:
#0 C:\laragon\www\youreoAPI\vendor\illuminate\container\Container.php(943): Illuminate\Container\Container->unresolvablePrimitive(Object(ReflectionParameter))
#1 C:\laragon\www\youreoAPI\vendor\illuminate\container\Container.php(878): Illuminate\Container\Container->resolvePrimitive(Object(ReflectionParameter))
#2 C:\laragon\www\youreoAPI\vendor\illuminate\container\Container.php(840): Illuminate\Container\Container->resolveDependencies(Array)
#3 C:\laragon\www\youreoAPI\vendor\illuminate\container\Container.php(691): Illuminate\Container\Container->build('Illuminate\\View...')
#4 C:\laragon\www\youreoAPI\vendor\illuminate\container\Container.php(637): Illuminate\Container\Container->resolve('Illuminate\\View...', Array)
#5 C:\laragon\www\ {"exception":"[object] (Symfony\\Component\\ErrorHandler\\Error\\FatalError(code: 0): Uncaught Illuminate\\Contracts\\Container\\BindingResolutionException: Unresolvable dependency resolving [Parameter #1 [ <required> $cachePath ]] in class Illuminate\\View\\Compilers\\Compiler in C:\\laragon\\www\\youreoAPI\\vendor\\illuminate\\container\\Container.php:1032
Stack trace:
#0 C:\\laragon\\www\\youreoAPI\\vendor\\illuminate\\container\\Container.php(943): Illuminate\\Container\\Container->unresolvablePrimitive(Object(ReflectionParameter))
#1 C:\\laragon\\www\\youreoAPI\\vendor\\illuminate\\container\\Container.php(878): Illuminate\\Container\\Container->resolvePrimitive(Object(ReflectionParameter))
#2 C:\\laragon\\www\\youreoAPI\\vendor\\illuminate\\container\\Container.php(840): Illuminate\\Container\\Container->resolveDependencies(Array)
#3 C:\\laragon\\www\\youreoAPI\\vendor\\illuminate\\container\\Container.php(691): Illuminate\\Container\\Container->build('Illuminate\\\\View...')
#4 C:\\laragon\\www\\youreoAPI\\vendor\\illuminate\\container\\Container.php(637): Illuminate\\Container\\Container->resolve('Illuminate\\\\View...', Array)
#5 C:\\laragon\\www\\ at C:\\laragon\\www\\youreoAPI\\vendor\\illuminate\\container\\Container.php:1032)
[stacktrace]
#0 {main}
"} 
