[2021-07-05 21:06:47] local.ERROR: Uncaught Error: Call to a member function getRoutes() on array in Command line code:1
Stack trace:
#0 {main}
  thrown {"exception":"[object] (Symfony\\Component\\ErrorHandler\\Error\\FatalError(code: 0): Uncaught Error: Call to a member function getRoutes() on array in Command line code:1
Stack trace:
#0 {main}
  thrown at Command line code:1)
[stacktrace]
#0 {main}
"} 
[2021-07-05 21:06:47] local.ERROR: Uncaught Illuminate\Contracts\Container\BindingResolutionException: Target [Illuminate\Contracts\Http\Kernel] is not instantiable. in C:\laragon\www\youreoAPI\vendor\illuminate\container\Container.php:1017
Stack trace:
#0 C:\laragon\www\youreoAPI\vendor\illuminate\container\Container.php(818): Illuminate\Container\Container->notInstantiable('Illuminate\\Cont...')
#1 C:\laragon\www\youreoAPI\vendor\illuminate\container\Container.php(691): Illuminate\Container\Container->build('Illuminate\\Cont...')
#2 C:\laragon\www\youreoAPI\vendor\illuminate\container\Container.php(637): Illuminate\Container\Container->resolve('Illuminate\\Cont...', Array)
#3 C:\laragon\www\youreoAPI\vendor\laravel\lumen-framework\src\Application.php(300): Illuminate\Container\Container->make('Illuminate\\Cont...', Array)
#4 C:\laragon\www\youreoAPI\vendor\laravel\lumen-framework\src\helpers.php(43): Laravel\Lumen\Application->make('Illuminate\\Cont...', Array)
#5 Command line code(1): app('Illuminate\\Cont...')
#6 {main}
  thrown {"exception":"[object] (Symfony\\Component\\ErrorHandler\\Error\\FatalError(code: 0): Uncaught Illuminate\\Contracts\\Container\\BindingResolutionException: Target [Illuminate\\Contracts\\Http\\Kernel] is not instantiable. in C:\\laragon\\www\\youreoAPI\\vendor\\illuminate\\container\\Container.php:1017
Stack trace:
#0 C:\\laragon\\www\\youreoAPI\\vendor\\illuminate\\container\\Container.php(818): Illuminate\\Container\\Container->notInstantiable('Illuminate\\\\Cont...')
#1 C:\\laragon\\www\\youreoAPI\\vendor\\illuminate\\container\\Container.php(691): Illuminate\\Container\\Container->build('Illuminate\\\\Cont...')
#2 C:\\laragon\\www\\youreoAPI\\vendor\\illuminate\\container\\Container.php(637): Illuminate\\Container\\Container->resolve('Illuminate\\\\Cont...', Array)
#3 C:\\laragon\\www\\youreoAPI\\vendor\\laravel\\lumen-framework\\src\\Application.php(300): Illuminate\\Container\\Container->make('Illuminate\\\\Cont...', Array)
#4 C:\\laragon\\www\\youreoAPI\\vendor\\laravel\\lumen-framework\\src\\helpers.php(43): Laravel\\Lumen\\Application->make('Illuminate\\\\Cont...', Array)
#5 Command line code(1): app('Illuminate\\\\Cont...')
#6 {main}
  thrown at C:\\laragon\\www\\youreoAPI\\vendor\\illuminate\\container\\Container.php:1017)
[stacktrace]
#0 {main}
"} 
[2021-07-05 21:06:47] local.ERROR: Uncaught Error: Call to undefined function app_path() in Command line code:1
Stack trace:
#0 {main}
  thrown {"exception":"[object] (Symfony\\Component\\ErrorHandler\\Error\\FatalError(code: 0): Uncaught Error: Call to undefined function app_path() in Command line code:1
Stack trace:
#0 {main}
  thrown at Command line code:1)
[stacktrace]
#0 {main}
"} 
[2021-07-05 21:06:48] local.ERROR: Uncaught Illuminate\Contracts\Container\BindingResolutionException: Unresolvable dependency resolving [Parameter #1 [ <required> $cachePath ]] in class Illuminate\View\Compilers\Compiler in C:\laragon\www\youreoAPI\vendor\illuminate\container\Container.php:1032
Stack trace:
#0 C:\laragon\www\youreoAPI\vendor\illuminate\container\Container.php(943): Illuminate\Container\Container->unresolvablePrimitive(Object(ReflectionParameter))
#1 C:\laragon\www\youreoAPI\vendor\illuminate\container\Container.php(878): Illuminate\Container\Container->resolvePrimitive(Object(ReflectionParameter))
#2 C:\laragon\www\youreoAPI\vendor\illuminate\container\Container.php(840): Illuminate\Container\Container->resolveDependencies(Array)
#3 C:\laragon\www\youreoAPI\vendor\illuminate\container\Container.php(691): Illuminate\Container\Container->build('Illuminate\\View...')
#4 C:\laragon\www\youreoAPI\vendor\illuminate\container\Container.php(637): Illuminate\Container\Container->resolve('Illuminate\\View...', Array)
#5 C:\laragon\www\ {"exception":"[object] (Symfony\\Component\\ErrorHandler\\Error\\FatalError(code: 0): Uncaught Illuminate\\Contracts\\Container\\BindingResolutionException: Unresolvable dependency resolving [Parameter #1 [ <required> $cachePath ]] in class Illuminate\\View\\Compilers\\Compiler in C:\\laragon\\www\\youreoAPI\\vendor\\illuminate\\container\\Container.php:1032
Stack trace:
#0 C:\\laragon\\www\\youreoAPI\\vendor\\illuminate\\container\\Container.php(943): Illuminate\\Container\\Container->unresolvablePrimitive(Object(ReflectionParameter))
#1 C:\\laragon\\www\\youreoAPI\\vendor\\illuminate\\container\\Container.php(878): Illuminate\\Container\\Container->resolvePrimitive(Object(ReflectionParameter))
#2 C:\\laragon\\www\\youreoAPI\\vendor\\illuminate\\container\\Container.php(840): Illuminate\\Container\\Container->resolveDependencies(Array)
#3 C:\\laragon\\www\\youreoAPI\\vendor\\illuminate\\container\\Container.php(691): Illuminate\\Container\\Container->build('Illuminate\\\\View...')
#4 C:\\laragon\\www\\youreoAPI\\vendor\\illuminate\\container\\Container.php(637): Illuminate\\Container\\Container->resolve('Illuminate\\\\View...', Array)
#5 C:\\laragon\\www\\ at C:\\laragon\\www\\youreoAPI\\vendor\\illuminate\\container\\Container.php:1032)
[stacktrace]
#0 {main}
"} 
[2021-07-05 21:07:23] local.ERROR: Uncaught Error: Call to undefined function app_path() in Command line code:1
Stack trace:
#0 {main}
  thrown {"exception":"[object] (Symfony\\Component\\ErrorHandler\\Error\\FatalError(code: 0): Uncaught Error: Call to undefined function app_path() in Command line code:1
Stack trace:
#0 {main}
  thrown at Command line code:1)
[stacktrace]
#0 {main}
"} 
[2021-07-05 21:08:24] local.ERROR: Uncaught Error: Call to undefined function app_path() in Command line code:1
Stack trace:
#0 {main}
  thrown {"exception":"[object] (Symfony\\Component\\ErrorHandler\\Error\\FatalError(code: 0): Uncaught Error: Call to undefined function app_path() in Command line code:1
Stack trace:
#0 {main}
  thrown at Command line code:1)
[stacktrace]
#0 {main}
"} 
[2021-07-05 21:09:25] local.ERROR: Uncaught Error: Call to undefined function app_path() in Command line code:1
Stack trace:
#0 {main}
  thrown {"exception":"[object] (Symfony\\Component\\ErrorHandler\\Error\\FatalError(code: 0): Uncaught Error: Call to undefined function app_path() in Command line code:1
Stack trace:
#0 {main}
  thrown at Command line code:1)
[stacktrace]
#0 {main}
"} 
[2021-07-05 21:10:32] local.ERROR: Uncaught Error: Call to undefined function app_path() in Command line code:1
Stack trace:
#0 {main}
  thrown {"exception":"[object] (Symfony\\Component\\ErrorHandler\\Error\\FatalError(code: 0): Uncaught Error: Call to undefined function app_path() in Command line code:1
Stack trace:
#0 {main}
  thrown at Command line code:1)
[stacktrace]
#0 {main}
"} 
[2021-07-05 21:11:26] local.ERROR: Uncaught Error: Call to undefined function app_path() in Command line code:1
Stack trace:
#0 {main}
  thrown {"exception":"[object] (Symfony\\Component\\ErrorHandler\\Error\\FatalError(code: 0): Uncaught Error: Call to undefined function app_path() in Command line code:1
Stack trace:
#0 {main}
  thrown at Command line code:1)
[stacktrace]
#0 {main}
"} 
[2021-07-05 21:12:23] local.ERROR: Uncaught Error: Call to undefined function app_path() in Command line code:1
Stack trace:
#0 {main}
  thrown {"exception":"[object] (Symfony\\Component\\ErrorHandler\\Error\\FatalError(code: 0): Uncaught Error: Call to undefined function app_path() in Command line code:1
Stack trace:
#0 {main}
  thrown at Command line code:1)
[stacktrace]
#0 {main}
"} 
[2021-07-05 21:13:23] local.ERROR: Uncaught Error: Call to undefined function app_path() in Command line code:1
Stack trace:
#0 {main}
  thrown {"exception":"[object] (Symfony\\Component\\ErrorHandler\\Error\\FatalError(code: 0): Uncaught Error: Call to undefined function app_path() in Command line code:1
Stack trace:
#0 {main}
  thrown at Command line code:1)
[stacktrace]
#0 {main}
"} 
[2021-07-05 21:14:24] local.ERROR: Uncaught Error: Call to undefined function app_path() in Command line code:1
Stack trace:
#0 {main}
  thrown {"exception":"[object] (Symfony\\Component\\ErrorHandler\\Error\\FatalError(code: 0): Uncaught Error: Call to undefined function app_path() in Command line code:1
Stack trace:
#0 {main}
  thrown at Command line code:1)
[stacktrace]
#0 {main}
"} 
[2021-07-05 21:15:11] local.ERROR:  {"exception":"[object] (Illuminate\\Http\\Exceptions\\HttpResponseException(code: 0):  at C:\\laragon\\www\\youreoAPI\\vendor\\illuminate\\http\\ResponseTrait.php:151)
[stacktrace]
#0 C:\\laragon\\www\\youreoAPI\\app\\Helpers\\ErrorBuilder.php(42): Illuminate\\Http\\JsonResponse->throwResponse()
#1 C:\\laragon\\www\\youreoAPI\\app\\Exceptions\\Handler.php(56): App\\Helpers\\ErrorBuilder->toResponse(Object(Laravel\\Lumen\\Http\\Request))
#2 C:\\laragon\\www\\youreoAPI\\vendor\\laravel\\lumen-framework\\src\\Concerns\\RegistersExceptionHandlers.php(106): App\\Exceptions\\Handler->render(Object(Laravel\\Lumen\\Http\\Request), Object(Symfony\\Component\\HttpKernel\\Exception\\NotFoundHttpException))
#3 C:\\laragon\\www\\youreoAPI\\vendor\\laravel\\lumen-framework\\src\\Concerns\\RoutesRequests.php(174): Laravel\\Lumen\\Application->sendExceptionToHandler(Object(Symfony\\Component\\HttpKernel\\Exception\\NotFoundHttpException))
#4 C:\\laragon\\www\\youreoAPI\\vendor\\laravel\\lumen-framework\\src\\Concerns\\RoutesRequests.php(109): Laravel\\Lumen\\Application->dispatch(NULL)
#5 C:\\laragon\\www\\youreoAPI\\public\\index.php(28): Laravel\\Lumen\\Application->run()
#6 {main}
"} 
[2021-07-05 21:15:23] local.ERROR: Uncaught Illuminate\Contracts\Container\BindingResolutionException: Unresolvable dependency resolving [Parameter #1 [ <required> $cachePath ]] in class Illuminate\View\Compilers\Compiler in C:\laragon\www\youreoAPI\vendor\illuminate\container\Container.php:1032
Stack trace:
#0 C:\laragon\www\youreoAPI\vendor\illuminate\container\Container.php(943): Illuminate\Container\Container->unresolvablePrimitive(Object(ReflectionParameter))
#1 C:\laragon\www\youreoAPI\vendor\illuminate\container\Container.php(878): Illuminate\Container\Container->resolvePrimitive(Object(ReflectionParameter))
#2 C:\laragon\www\youreoAPI\vendor\illuminate\container\Container.php(840): Illuminate\Container\Container->resolveDependencies(Array)
#3 C:\laragon\www\youreoAPI\vendor\illuminate\container\Container.php(691): Illuminate\Container\Container->build('Illuminate\\View...')
#4 C:\laragon\www\youreoAPI\vendor\illuminate\container\Container.php(637): Illuminate\Container\Container->resolve('Illuminate\\View...', Array)
#5 C:\laragon\www\ {"exception":"[object] (Symfony\\Component\\ErrorHandler\\Error\\FatalError(code: 0): Uncaught Illuminate\\Contracts\\Container\\BindingResolutionException: Unresolvable dependency resolving [Parameter #1 [ <required> $cachePath ]] in class Illuminate\\View\\Compilers\\Compiler in C:\\laragon\\www\\youreoAPI\\vendor\\illuminate\\container\\Container.php:1032
Stack trace:
#0 C:\\laragon\\www\\youreoAPI\\vendor\\illuminate\\container\\Container.php(943): Illuminate\\Container\\Container->unresolvablePrimitive(Object(ReflectionParameter))
#1 C:\\laragon\\www\\youreoAPI\\vendor\\illuminate\\container\\Container.php(878): Illuminate\\Container\\Container->resolvePrimitive(Object(ReflectionParameter))
#2 C:\\laragon\\www\\youreoAPI\\vendor\\illuminate\\container\\Container.php(840): Illuminate\\Container\\Container->resolveDependencies(Array)
#3 C:\\laragon\\www\\youreoAPI\\vendor\\illuminate\\container\\Container.php(691): Illuminate\\Container\\Container->build('Illuminate\\\\View...')
#4 C:\\laragon\\www\\youreoAPI\\vendor\\illuminate\\container\\Container.php(637): Illuminate\\Container\\Container->resolve('Illuminate\\\\View...', Array)
#5 C:\\laragon\\www\\ at C:\\laragon\\www\\youreoAPI\\vendor\\illuminate\\container\\Container.php:1032)
[stacktrace]
#0 {main}
"} 
[2021-07-05 21:15:24] local.ERROR: Uncaught Error: Call to undefined function app_path() in Command line code:1
Stack trace:
#0 {main}
  thrown {"exception":"[object] (Symfony\\Component\\ErrorHandler\\Error\\FatalError(code: 0): Uncaught Error: Call to undefined function app_path() in Command line code:1
Stack trace:
#0 {main}
  thrown at Command line code:1)
[stacktrace]
#0 {main}
"} 
[2021-07-05 21:16:24] local.ERROR: Uncaught Error: Call to undefined function app_path() in Command line code:1
Stack trace:
#0 {main}
  thrown {"exception":"[object] (Symfony\\Component\\ErrorHandler\\Error\\FatalError(code: 0): Uncaught Error: Call to undefined function app_path() in Command line code:1
Stack trace:
#0 {main}
  thrown at Command line code:1)
[stacktrace]
#0 {main}
"} 
[2021-07-05 21:17:23] local.ERROR: Uncaught Error: Call to undefined function app_path() in Command line code:1
Stack trace:
#0 {main}
  thrown {"exception":"[object] (Symfony\\Component\\ErrorHandler\\Error\\FatalError(code: 0): Uncaught Error: Call to undefined function app_path() in Command line code:1
Stack trace:
#0 {main}
  thrown at Command line code:1)
[stacktrace]
#0 {main}
"} 
[2021-07-05 21:17:34] local.ERROR: Undefined variable: title {"exception":"[object] (ErrorException(code: 0): Undefined variable: title at C:\\laragon\\www\\youreoAPI\\app\\Helpers\\FirebaseNotifMobile.php:17)
[stacktrace]
#0 C:\\laragon\\www\\youreoAPI\\app\\Helpers\\FirebaseNotifMobile.php(17): Laravel\\Lumen\\Application->Laravel\\Lumen\\Concerns\\{closure}(8, 'Undefined varia...', 'C:\\\\laragon\\\\www\\\\...', 17, Array)
#1 C:\\laragon\\www\\youreoAPI\\app\\Http\\Controllers\\v1\\EventController.php(116): App\\Helpers\\FirebaseNotifMobile::sendPushNotif()
#2 C:\\laragon\\www\\youreoAPI\\vendor\\illuminate\\container\\BoundMethod.php(36): App\\Http\\Controllers\\v1\\EventController->getStats(Object(Laravel\\Lumen\\Http\\Request), 'v1-dev')
#3 C:\\laragon\\www\\youreoAPI\\vendor\\illuminate\\container\\Util.php(37): Illuminate\\Container\\BoundMethod::Illuminate\\Container\\{closure}()
#4 C:\\laragon\\www\\youreoAPI\\vendor\\illuminate\\container\\BoundMethod.php(93): Illuminate\\Container\\Util::unwrapIfClosure(Object(Closure))
#5 C:\\laragon\\www\\youreoAPI\\vendor\\illuminate\\container\\BoundMethod.php(37): Illuminate\\Container\\BoundMethod::callBoundMethod(Object(Laravel\\Lumen\\Application), Array, Object(Closure))
#6 C:\\laragon\\www\\youreoAPI\\vendor\\illuminate\\container\\Container.php(596): Illuminate\\Container\\BoundMethod::call(Object(Laravel\\Lumen\\Application), Array, Array, NULL)
#7 C:\\laragon\\www\\youreoAPI\\vendor\\laravel\\lumen-framework\\src\\Concerns\\RoutesRequests.php(386): Illuminate\\Container\\Container->call(Array, Array)
#8 C:\\laragon\\www\\youreoAPI\\vendor\\laravel\\lumen-framework\\src\\Concerns\\RoutesRequests.php(352): Laravel\\Lumen\\Application->callControllerCallable(Array, Array)
#9 C:\\laragon\\www\\youreoAPI\\vendor\\laravel\\lumen-framework\\src\\Concerns\\RoutesRequests.php(326): Laravel\\Lumen\\Application->callLumenController(Object(App\\Http\\Controllers\\v1\\EventController), 'getStats', Array)
#10 C:\\laragon\\www\\youreoAPI\\vendor\\laravel\\lumen-framework\\src\\Concerns\\RoutesRequests.php(279): Laravel\\Lumen\\Application->callControllerAction(Array)
#11 C:\\laragon\\www\\youreoAPI\\vendor\\laravel\\lumen-framework\\src\\Concerns\\RoutesRequests.php(259): Laravel\\Lumen\\Application->callActionOnArrayBasedRoute(Array)
#12 [internal function]: Laravel\\Lumen\\Application->Laravel\\Lumen\\Concerns\\{closure}(Object(Laravel\\Lumen\\Http\\Request))
#13 C:\\laragon\\www\\youreoAPI\\vendor\\laravel\\lumen-framework\\src\\Routing\\Pipeline.php(48): call_user_func(Object(Closure), Object(Laravel\\Lumen\\Http\\Request))
#14 C:\\laragon\\www\\youreoAPI\\app\\Http\\Middleware\\Authenticate.php(45): Laravel\\Lumen\\Routing\\Pipeline->Laravel\\Lumen\\Routing\\{closure}(Object(Laravel\\Lumen\\Http\\Request))
#15 C:\\laragon\\www\\youreoAPI\\vendor\\illuminate\\pipeline\\Pipeline.php(167): App\\Http\\Middleware\\Authenticate->handle(Object(Laravel\\Lumen\\Http\\Request), Object(Closure), 'api_token')
#16 [internal function]: Illuminate\\Pipeline\\Pipeline->Illuminate\\Pipeline\\{closure}(Object(Laravel\\Lumen\\Http\\Request))
#17 C:\\laragon\\www\\youreoAPI\\vendor\\laravel\\lumen-framework\\src\\Routing\\Pipeline.php(30): call_user_func(Object(Closure), Object(Laravel\\Lumen\\Http\\Request))
#18 C:\\laragon\\www\\youreoAPI\\app\\Http\\Middleware\\BranchDB.php(28): Laravel\\Lumen\\Routing\\Pipeline->Laravel\\Lumen\\Routing\\{closure}(Object(Laravel\\Lumen\\Http\\Request))
#19 C:\\laragon\\www\\youreoAPI\\vendor\\illuminate\\pipeline\\Pipeline.php(167): App\\Http\\Middleware\\BranchDB->handle(Object(Laravel\\Lumen\\Http\\Request), Object(Closure), 'version')
#20 [internal function]: Illuminate\\Pipeline\\Pipeline->Illuminate\\Pipeline\\{closure}(Object(Laravel\\Lumen\\Http\\Request))
#21 C:\\laragon\\www\\youreoAPI\\vendor\\laravel\\lumen-framework\\src\\Routing\\Pipeline.php(30): call_user_func(Object(Closure), Object(Laravel\\Lumen\\Http\\Request))
#22 C:\\laragon\\www\\youreoAPI\\vendor\\illuminate\\pipeline\\Pipeline.php(103): Laravel\\Lumen\\Routing\\Pipeline->Laravel\\Lumen\\Routing\\{closure}(Object(Laravel\\Lumen\\Http\\Request))
#23 C:\\laragon\\www\\youreoAPI\\vendor\\laravel\\lumen-framework\\src\\Concerns\\RoutesRequests.php(423): Illuminate\\Pipeline\\Pipeline->then(Object(Closure))
#24 C:\\laragon\\www\\youreoAPI\\vendor\\laravel\\lumen-framework\\src\\Concerns\\RoutesRequests.php(260): Laravel\\Lumen\\Application->sendThroughPipeline(Array, Object(Closure))
#25 C:\\laragon\\www\\youreoAPI\\vendor\\laravel\\lumen-framework\\src\\Concerns\\RoutesRequests.php(234): Laravel\\Lumen\\Application->handleFoundRoute(Array)
#26 C:\\laragon\\www\\youreoAPI\\vendor\\laravel\\lumen-framework\\src\\Concerns\\RoutesRequests.php(170): Laravel\\Lumen\\Application->handleDispatcherResponse(Array)
#27 C:\\laragon\\www\\youreoAPI\\vendor\\laravel\\lumen-framework\\src\\Concerns\\RoutesRequests.php(426): Laravel\\Lumen\\Application->Laravel\\Lumen\\Concerns\\{closure}(Object(Laravel\\Lumen\\Http\\Request))
#28 C:\\laragon\\www\\youreoAPI\\vendor\\laravel\\lumen-framework\\src\\Concerns\\RoutesRequests.php(172): Laravel\\Lumen\\Application->sendThroughPipeline(Array, Object(Closure))
#29 C:\\laragon\\www\\youreoAPI\\vendor\\laravel\\lumen-framework\\src\\Concerns\\RoutesRequests.php(109): Laravel\\Lumen\\Application->dispatch(NULL)
#30 C:\\laragon\\www\\youreoAPI\\public\\index.php(28): Laravel\\Lumen\\Application->run()
#31 {main}
"} 
[2021-07-05 21:18:23] local.ERROR: Uncaught Error: Call to undefined function app_path() in Command line code:1
Stack trace:
#0 {main}
  thrown {"exception":"[object] (Symfony\\Component\\ErrorHandler\\Error\\FatalError(code: 0): Uncaught Error: Call to undefined function app_path() in Command line code:1
Stack trace:
#0 {main}
  thrown at Command line code:1)
[stacktrace]
#0 {main}
"} 
[2021-07-05 21:18:32] local.ERROR: Uncaught Error: Call to a member function getRoutes() on array in Command line code:1
Stack trace:
#0 {main}
  thrown {"exception":"[object] (Symfony\\Component\\ErrorHandler\\Error\\FatalError(code: 0): Uncaught Error: Call to a member function getRoutes() on array in Command line code:1
Stack trace:
#0 {main}
  thrown at Command line code:1)
[stacktrace]
#0 {main}
"} 
[2021-07-05 21:19:23] local.ERROR: Uncaught Error: Call to undefined function app_path() in Command line code:1
Stack trace:
#0 {main}
  thrown {"exception":"[object] (Symfony\\Component\\ErrorHandler\\Error\\FatalError(code: 0): Uncaught Error: Call to undefined function app_path() in Command line code:1
Stack trace:
#0 {main}
  thrown at Command line code:1)
[stacktrace]
#0 {main}
"} 
[2021-07-05 21:20:23] local.ERROR: Uncaught Error: Call to undefined function app_path() in Command line code:1
Stack trace:
#0 {main}
  thrown {"exception":"[object] (Symfony\\Component\\ErrorHandler\\Error\\FatalError(code: 0): Uncaught Error: Call to undefined function app_path() in Command line code:1
Stack trace:
#0 {main}
  thrown at Command line code:1)
[stacktrace]
#0 {main}
"} 
[2021-07-05 21:21:23] local.ERROR: Uncaught Error: Call to undefined function app_path() in Command line code:1
Stack trace:
#0 {main}
  thrown {"exception":"[object] (Symfony\\Component\\ErrorHandler\\Error\\FatalError(code: 0): Uncaught Error: Call to undefined function app_path() in Command line code:1
Stack trace:
#0 {main}
  thrown at Command line code:1)
[stacktrace]
#0 {main}
"} 
[2021-07-05 21:22:23] local.ERROR: Uncaught Error: Call to undefined function app_path() in Command line code:1
Stack trace:
#0 {main}
  thrown {"exception":"[object] (Symfony\\Component\\ErrorHandler\\Error\\FatalError(code: 0): Uncaught Error: Call to undefined function app_path() in Command line code:1
Stack trace:
#0 {main}
  thrown at Command line code:1)
[stacktrace]
#0 {main}
"} 
[2021-07-05 21:23:23] local.ERROR: Uncaught Error: Call to undefined function app_path() in Command line code:1
Stack trace:
#0 {main}
  thrown {"exception":"[object] (Symfony\\Component\\ErrorHandler\\Error\\FatalError(code: 0): Uncaught Error: Call to undefined function app_path() in Command line code:1
Stack trace:
#0 {main}
  thrown at Command line code:1)
[stacktrace]
#0 {main}
"} 
[2021-07-05 21:24:23] local.ERROR: Uncaught Error: Call to undefined function app_path() in Command line code:1
Stack trace:
#0 {main}
  thrown {"exception":"[object] (Symfony\\Component\\ErrorHandler\\Error\\FatalError(code: 0): Uncaught Error: Call to undefined function app_path() in Command line code:1
Stack trace:
#0 {main}
  thrown at Command line code:1)
[stacktrace]
#0 {main}
"} 
[2021-07-05 21:25:23] local.ERROR: Uncaught Illuminate\Contracts\Container\BindingResolutionException: Unresolvable dependency resolving [Parameter #1 [ <required> $cachePath ]] in class Illuminate\View\Compilers\Compiler in C:\laragon\www\youreoAPI\vendor\illuminate\container\Container.php:1032
Stack trace:
#0 C:\laragon\www\youreoAPI\vendor\illuminate\container\Container.php(943): Illuminate\Container\Container->unresolvablePrimitive(Object(ReflectionParameter))
#1 C:\laragon\www\youreoAPI\vendor\illuminate\container\Container.php(878): Illuminate\Container\Container->resolvePrimitive(Object(ReflectionParameter))
#2 C:\laragon\www\youreoAPI\vendor\illuminate\container\Container.php(840): Illuminate\Container\Container->resolveDependencies(Array)
#3 C:\laragon\www\youreoAPI\vendor\illuminate\container\Container.php(691): Illuminate\Container\Container->build('Illuminate\\View...')
#4 C:\laragon\www\youreoAPI\vendor\illuminate\container\Container.php(637): Illuminate\Container\Container->resolve('Illuminate\\View...', Array)
#5 C:\laragon\www\ {"exception":"[object] (Symfony\\Component\\ErrorHandler\\Error\\FatalError(code: 0): Uncaught Illuminate\\Contracts\\Container\\BindingResolutionException: Unresolvable dependency resolving [Parameter #1 [ <required> $cachePath ]] in class Illuminate\\View\\Compilers\\Compiler in C:\\laragon\\www\\youreoAPI\\vendor\\illuminate\\container\\Container.php:1032
Stack trace:
#0 C:\\laragon\\www\\youreoAPI\\vendor\\illuminate\\container\\Container.php(943): Illuminate\\Container\\Container->unresolvablePrimitive(Object(ReflectionParameter))
#1 C:\\laragon\\www\\youreoAPI\\vendor\\illuminate\\container\\Container.php(878): Illuminate\\Container\\Container->resolvePrimitive(Object(ReflectionParameter))
#2 C:\\laragon\\www\\youreoAPI\\vendor\\illuminate\\container\\Container.php(840): Illuminate\\Container\\Container->resolveDependencies(Array)
#3 C:\\laragon\\www\\youreoAPI\\vendor\\illuminate\\container\\Container.php(691): Illuminate\\Container\\Container->build('Illuminate\\\\View...')
#4 C:\\laragon\\www\\youreoAPI\\vendor\\illuminate\\container\\Container.php(637): Illuminate\\Container\\Container->resolve('Illuminate\\\\View...', Array)
#5 C:\\laragon\\www\\ at C:\\laragon\\www\\youreoAPI\\vendor\\illuminate\\container\\Container.php:1032)
[stacktrace]
#0 {main}
"} 
[2021-07-05 21:25:23] local.ERROR: Uncaught Error: Call to undefined function app_path() in Command line code:1
Stack trace:
#0 {main}
  thrown {"exception":"[object] (Symfony\\Component\\ErrorHandler\\Error\\FatalError(code: 0): Uncaught Error: Call to undefined function app_path() in Command line code:1
Stack trace:
#0 {main}
  thrown at Command line code:1)
[stacktrace]
#0 {main}
"} 
[2021-07-05 21:26:23] local.ERROR: Uncaught Error: Call to undefined function app_path() in Command line code:1
Stack trace:
#0 {main}
  thrown {"exception":"[object] (Symfony\\Component\\ErrorHandler\\Error\\FatalError(code: 0): Uncaught Error: Call to undefined function app_path() in Command line code:1
Stack trace:
#0 {main}
  thrown at Command line code:1)
[stacktrace]
#0 {main}
"} 
[2021-07-05 21:27:23] local.ERROR: Uncaught Error: Call to undefined function app_path() in Command line code:1
Stack trace:
#0 {main}
  thrown {"exception":"[object] (Symfony\\Component\\ErrorHandler\\Error\\FatalError(code: 0): Uncaught Error: Call to undefined function app_path() in Command line code:1
Stack trace:
#0 {main}
  thrown at Command line code:1)
[stacktrace]
#0 {main}
"} 
[2021-07-05 21:28:24] local.ERROR: Uncaught Error: Call to undefined function app_path() in Command line code:1
Stack trace:
#0 {main}
  thrown {"exception":"[object] (Symfony\\Component\\ErrorHandler\\Error\\FatalError(code: 0): Uncaught Error: Call to undefined function app_path() in Command line code:1
Stack trace:
#0 {main}
  thrown at Command line code:1)
[stacktrace]
#0 {main}
"} 
[2021-07-05 21:29:23] local.ERROR: Uncaught Error: Call to undefined function app_path() in Command line code:1
Stack trace:
#0 {main}
  thrown {"exception":"[object] (Symfony\\Component\\ErrorHandler\\Error\\FatalError(code: 0): Uncaught Error: Call to undefined function app_path() in Command line code:1
Stack trace:
#0 {main}
  thrown at Command line code:1)
[stacktrace]
#0 {main}
"} 
[2021-07-05 21:30:23] local.ERROR: Uncaught Error: Call to undefined function app_path() in Command line code:1
Stack trace:
#0 {main}
  thrown {"exception":"[object] (Symfony\\Component\\ErrorHandler\\Error\\FatalError(code: 0): Uncaught Error: Call to undefined function app_path() in Command line code:1
Stack trace:
#0 {main}
  thrown at Command line code:1)
[stacktrace]
#0 {main}
"} 
[2021-07-05 21:31:23] local.ERROR: Uncaught Error: Call to undefined function app_path() in Command line code:1
Stack trace:
#0 {main}
  thrown {"exception":"[object] (Symfony\\Component\\ErrorHandler\\Error\\FatalError(code: 0): Uncaught Error: Call to undefined function app_path() in Command line code:1
Stack trace:
#0 {main}
  thrown at Command line code:1)
[stacktrace]
#0 {main}
"} 
[2021-07-05 21:32:23] local.ERROR: Uncaught Error: Call to undefined function app_path() in Command line code:1
Stack trace:
#0 {main}
  thrown {"exception":"[object] (Symfony\\Component\\ErrorHandler\\Error\\FatalError(code: 0): Uncaught Error: Call to undefined function app_path() in Command line code:1
Stack trace:
#0 {main}
  thrown at Command line code:1)
[stacktrace]
#0 {main}
"} 
[2021-07-05 21:33:23] local.ERROR: Uncaught Error: Call to undefined function app_path() in Command line code:1
Stack trace:
#0 {main}
  thrown {"exception":"[object] (Symfony\\Component\\ErrorHandler\\Error\\FatalError(code: 0): Uncaught Error: Call to undefined function app_path() in Command line code:1
Stack trace:
#0 {main}
  thrown at Command line code:1)
[stacktrace]
#0 {main}
"} 
[2021-07-05 21:34:23] local.ERROR: Uncaught Error: Call to undefined function app_path() in Command line code:1
Stack trace:
#0 {main}
  thrown {"exception":"[object] (Symfony\\Component\\ErrorHandler\\Error\\FatalError(code: 0): Uncaught Error: Call to undefined function app_path() in Command line code:1
Stack trace:
#0 {main}
  thrown at Command line code:1)
[stacktrace]
#0 {main}
"} 
[2021-07-05 21:35:23] local.ERROR: Uncaught Illuminate\Contracts\Container\BindingResolutionException: Unresolvable dependency resolving [Parameter #1 [ <required> $cachePath ]] in class Illuminate\View\Compilers\Compiler in C:\laragon\www\youreoAPI\vendor\illuminate\container\Container.php:1032
Stack trace:
#0 C:\laragon\www\youreoAPI\vendor\illuminate\container\Container.php(943): Illuminate\Container\Container->unresolvablePrimitive(Object(ReflectionParameter))
#1 C:\laragon\www\youreoAPI\vendor\illuminate\container\Container.php(878): Illuminate\Container\Container->resolvePrimitive(Object(ReflectionParameter))
#2 C:\laragon\www\youreoAPI\vendor\illuminate\container\Container.php(840): Illuminate\Container\Container->resolveDependencies(Array)
#3 C:\laragon\www\youreoAPI\vendor\illuminate\container\Container.php(691): Illuminate\Container\Container->build('Illuminate\\View...')
#4 C:\laragon\www\youreoAPI\vendor\illuminate\container\Container.php(637): Illuminate\Container\Container->resolve('Illuminate\\View...', Array)
#5 C:\laragon\www\ {"exception":"[object] (Symfony\\Component\\ErrorHandler\\Error\\FatalError(code: 0): Uncaught Illuminate\\Contracts\\Container\\BindingResolutionException: Unresolvable dependency resolving [Parameter #1 [ <required> $cachePath ]] in class Illuminate\\View\\Compilers\\Compiler in C:\\laragon\\www\\youreoAPI\\vendor\\illuminate\\container\\Container.php:1032
Stack trace:
#0 C:\\laragon\\www\\youreoAPI\\vendor\\illuminate\\container\\Container.php(943): Illuminate\\Container\\Container->unresolvablePrimitive(Object(ReflectionParameter))
#1 C:\\laragon\\www\\youreoAPI\\vendor\\illuminate\\container\\Container.php(878): Illuminate\\Container\\Container->resolvePrimitive(Object(ReflectionParameter))
#2 C:\\laragon\\www\\youreoAPI\\vendor\\illuminate\\container\\Container.php(840): Illuminate\\Container\\Container->resolveDependencies(Array)
#3 C:\\laragon\\www\\youreoAPI\\vendor\\illuminate\\container\\Container.php(691): Illuminate\\Container\\Container->build('Illuminate\\\\View...')
#4 C:\\laragon\\www\\youreoAPI\\vendor\\illuminate\\container\\Container.php(637): Illuminate\\Container\\Container->resolve('Illuminate\\\\View...', Array)
#5 C:\\laragon\\www\\ at C:\\laragon\\www\\youreoAPI\\vendor\\illuminate\\container\\Container.php:1032)
[stacktrace]
#0 {main}
"} 
[2021-07-05 21:35:23] local.ERROR: Uncaught Error: Call to undefined function app_path() in Command line code:1
Stack trace:
#0 {main}
  thrown {"exception":"[object] (Symfony\\Component\\ErrorHandler\\Error\\FatalError(code: 0): Uncaught Error: Call to undefined function app_path() in Command line code:1
Stack trace:
#0 {main}
  thrown at Command line code:1)
[stacktrace]
#0 {main}
"} 
[2021-07-05 21:36:25] local.ERROR: Uncaught Error: Call to undefined function app_path() in Command line code:1
Stack trace:
#0 {main}
  thrown {"exception":"[object] (Symfony\\Component\\ErrorHandler\\Error\\FatalError(code: 0): Uncaught Error: Call to undefined function app_path() in Command line code:1
Stack trace:
#0 {main}
  thrown at Command line code:1)
[stacktrace]
#0 {main}
"} 
[2021-07-05 21:37:23] local.ERROR: Uncaught Error: Call to undefined function app_path() in Command line code:1
Stack trace:
#0 {main}
  thrown {"exception":"[object] (Symfony\\Component\\ErrorHandler\\Error\\FatalError(code: 0): Uncaught Error: Call to undefined function app_path() in Command line code:1
Stack trace:
#0 {main}
  thrown at Command line code:1)
[stacktrace]
#0 {main}
"} 
[2021-07-05 21:38:23] local.ERROR: Uncaught Error: Call to undefined function app_path() in Command line code:1
Stack trace:
#0 {main}
  thrown {"exception":"[object] (Symfony\\Component\\ErrorHandler\\Error\\FatalError(code: 0): Uncaught Error: Call to undefined function app_path() in Command line code:1
Stack trace:
#0 {main}
  thrown at Command line code:1)
[stacktrace]
#0 {main}
"} 
[2021-07-05 21:39:23] local.ERROR: Uncaught Error: Call to undefined function app_path() in Command line code:1
Stack trace:
#0 {main}
  thrown {"exception":"[object] (Symfony\\Component\\ErrorHandler\\Error\\FatalError(code: 0): Uncaught Error: Call to undefined function app_path() in Command line code:1
Stack trace:
#0 {main}
  thrown at Command line code:1)
[stacktrace]
#0 {main}
"} 
[2021-07-05 21:40:23] local.ERROR: Uncaught Error: Call to undefined function app_path() in Command line code:1
Stack trace:
#0 {main}
  thrown {"exception":"[object] (Symfony\\Component\\ErrorHandler\\Error\\FatalError(code: 0): Uncaught Error: Call to undefined function app_path() in Command line code:1
Stack trace:
#0 {main}
  thrown at Command line code:1)
[stacktrace]
#0 {main}
"} 
[2021-07-05 21:41:23] local.ERROR: Uncaught Error: Call to undefined function app_path() in Command line code:1
Stack trace:
#0 {main}
  thrown {"exception":"[object] (Symfony\\Component\\ErrorHandler\\Error\\FatalError(code: 0): Uncaught Error: Call to undefined function app_path() in Command line code:1
Stack trace:
#0 {main}
  thrown at Command line code:1)
[stacktrace]
#0 {main}
"} 
[2021-07-05 21:42:23] local.ERROR: Uncaught Error: Call to undefined function app_path() in Command line code:1
Stack trace:
#0 {main}
  thrown {"exception":"[object] (Symfony\\Component\\ErrorHandler\\Error\\FatalError(code: 0): Uncaught Error: Call to undefined function app_path() in Command line code:1
Stack trace:
#0 {main}
  thrown at Command line code:1)
[stacktrace]
#0 {main}
"} 
[2021-07-05 21:43:23] local.ERROR: Uncaught Error: Call to undefined function app_path() in Command line code:1
Stack trace:
#0 {main}
  thrown {"exception":"[object] (Symfony\\Component\\ErrorHandler\\Error\\FatalError(code: 0): Uncaught Error: Call to undefined function app_path() in Command line code:1
Stack trace:
#0 {main}
  thrown at Command line code:1)
[stacktrace]
#0 {main}
"} 
[2021-07-05 21:44:23] local.ERROR: Uncaught Error: Call to undefined function app_path() in Command line code:1
Stack trace:
#0 {main}
  thrown {"exception":"[object] (Symfony\\Component\\ErrorHandler\\Error\\FatalError(code: 0): Uncaught Error: Call to undefined function app_path() in Command line code:1
Stack trace:
#0 {main}
  thrown at Command line code:1)
[stacktrace]
#0 {main}
"} 
[2021-07-05 21:45:23] local.ERROR: Uncaught Illuminate\Contracts\Container\BindingResolutionException: Unresolvable dependency resolving [Parameter #1 [ <required> $cachePath ]] in class Illuminate\View\Compilers\Compiler in C:\laragon\www\youreoAPI\vendor\illuminate\container\Container.php:1032
Stack trace:
#0 C:\laragon\www\youreoAPI\vendor\illuminate\container\Container.php(943): Illuminate\Container\Container->unresolvablePrimitive(Object(ReflectionParameter))
#1 C:\laragon\www\youreoAPI\vendor\illuminate\container\Container.php(878): Illuminate\Container\Container->resolvePrimitive(Object(ReflectionParameter))
#2 C:\laragon\www\youreoAPI\vendor\illuminate\container\Container.php(840): Illuminate\Container\Container->resolveDependencies(Array)
#3 C:\laragon\www\youreoAPI\vendor\illuminate\container\Container.php(691): Illuminate\Container\Container->build('Illuminate\\View...')
#4 C:\laragon\www\youreoAPI\vendor\illuminate\container\Container.php(637): Illuminate\Container\Container->resolve('Illuminate\\View...', Array)
#5 C:\laragon\www\ {"exception":"[object] (Symfony\\Component\\ErrorHandler\\Error\\FatalError(code: 0): Uncaught Illuminate\\Contracts\\Container\\BindingResolutionException: Unresolvable dependency resolving [Parameter #1 [ <required> $cachePath ]] in class Illuminate\\View\\Compilers\\Compiler in C:\\laragon\\www\\youreoAPI\\vendor\\illuminate\\container\\Container.php:1032
Stack trace:
#0 C:\\laragon\\www\\youreoAPI\\vendor\\illuminate\\container\\Container.php(943): Illuminate\\Container\\Container->unresolvablePrimitive(Object(ReflectionParameter))
#1 C:\\laragon\\www\\youreoAPI\\vendor\\illuminate\\container\\Container.php(878): Illuminate\\Container\\Container->resolvePrimitive(Object(ReflectionParameter))
#2 C:\\laragon\\www\\youreoAPI\\vendor\\illuminate\\container\\Container.php(840): Illuminate\\Container\\Container->resolveDependencies(Array)
#3 C:\\laragon\\www\\youreoAPI\\vendor\\illuminate\\container\\Container.php(691): Illuminate\\Container\\Container->build('Illuminate\\\\View...')
#4 C:\\laragon\\www\\youreoAPI\\vendor\\illuminate\\container\\Container.php(637): Illuminate\\Container\\Container->resolve('Illuminate\\\\View...', Array)
#5 C:\\laragon\\www\\ at C:\\laragon\\www\\youreoAPI\\vendor\\illuminate\\container\\Container.php:1032)
[stacktrace]
#0 {main}
"} 
[2021-07-05 21:45:23] local.ERROR: Uncaught Error: Call to undefined function app_path() in Command line code:1
Stack trace:
#0 {main}
  thrown {"exception":"[object] (Symfony\\Component\\ErrorHandler\\Error\\FatalError(code: 0): Uncaught Error: Call to undefined function app_path() in Command line code:1
Stack trace:
#0 {main}
  thrown at Command line code:1)
[stacktrace]
#0 {main}
"} 
[2021-07-05 21:46:23] local.ERROR: Uncaught Error: Call to undefined function app_path() in Command line code:1
Stack trace:
#0 {main}
  thrown {"exception":"[object] (Symfony\\Component\\ErrorHandler\\Error\\FatalError(code: 0): Uncaught Error: Call to undefined function app_path() in Command line code:1
Stack trace:
#0 {main}
  thrown at Command line code:1)
[stacktrace]
#0 {main}
"} 
[2021-07-05 21:47:23] local.ERROR: Uncaught Error: Call to undefined function app_path() in Command line code:1
Stack trace:
#0 {main}
  thrown {"exception":"[object] (Symfony\\Component\\ErrorHandler\\Error\\FatalError(code: 0): Uncaught Error: Call to undefined function app_path() in Command line code:1
Stack trace:
#0 {main}
  thrown at Command line code:1)
[stacktrace]
#0 {main}
"} 
[2021-07-05 21:48:23] local.ERROR: Uncaught Error: Call to undefined function app_path() in Command line code:1
Stack trace:
#0 {main}
  thrown {"exception":"[object] (Symfony\\Component\\ErrorHandler\\Error\\FatalError(code: 0): Uncaught Error: Call to undefined function app_path() in Command line code:1
Stack trace:
#0 {main}
  thrown at Command line code:1)
[stacktrace]
#0 {main}
"} 
[2021-07-05 21:49:23] local.ERROR: Uncaught Error: Call to undefined function app_path() in Command line code:1
Stack trace:
#0 {main}
  thrown {"exception":"[object] (Symfony\\Component\\ErrorHandler\\Error\\FatalError(code: 0): Uncaught Error: Call to undefined function app_path() in Command line code:1
Stack trace:
#0 {main}
  thrown at Command line code:1)
[stacktrace]
#0 {main}
"} 
[2021-07-05 21:50:23] local.ERROR: Uncaught Error: Call to undefined function app_path() in Command line code:1
Stack trace:
#0 {main}
  thrown {"exception":"[object] (Symfony\\Component\\ErrorHandler\\Error\\FatalError(code: 0): Uncaught Error: Call to undefined function app_path() in Command line code:1
Stack trace:
#0 {main}
  thrown at Command line code:1)
[stacktrace]
#0 {main}
"} 
[2021-07-05 21:51:48] local.ERROR: Uncaught Error: Call to undefined function app_path() in Command line code:1
Stack trace:
#0 {main}
  thrown {"exception":"[object] (Symfony\\Component\\ErrorHandler\\Error\\FatalError(code: 0): Uncaught Error: Call to undefined function app_path() in Command line code:1
Stack trace:
#0 {main}
  thrown at Command line code:1)
[stacktrace]
#0 {main}
"} 
[2021-07-05 21:52:24] local.ERROR: Uncaught Error: Call to undefined function app_path() in Command line code:1
Stack trace:
#0 {main}
  thrown {"exception":"[object] (Symfony\\Component\\ErrorHandler\\Error\\FatalError(code: 0): Uncaught Error: Call to undefined function app_path() in Command line code:1
Stack trace:
#0 {main}
  thrown at Command line code:1)
[stacktrace]
#0 {main}
"} 
[2021-07-05 21:53:23] local.ERROR: Uncaught Error: Call to undefined function app_path() in Command line code:1
Stack trace:
#0 {main}
  thrown {"exception":"[object] (Symfony\\Component\\ErrorHandler\\Error\\FatalError(code: 0): Uncaught Error: Call to undefined function app_path() in Command line code:1
Stack trace:
#0 {main}
  thrown at Command line code:1)
[stacktrace]
#0 {main}
"} 
[2021-07-05 21:54:23] local.ERROR: Uncaught Error: Call to undefined function app_path() in Command line code:1
Stack trace:
#0 {main}
  thrown {"exception":"[object] (Symfony\\Component\\ErrorHandler\\Error\\FatalError(code: 0): Uncaught Error: Call to undefined function app_path() in Command line code:1
Stack trace:
#0 {main}
  thrown at Command line code:1)
[stacktrace]
#0 {main}
"} 
[2021-07-05 21:55:23] local.ERROR: Uncaught Illuminate\Contracts\Container\BindingResolutionException: Unresolvable dependency resolving [Parameter #1 [ <required> $cachePath ]] in class Illuminate\View\Compilers\Compiler in C:\laragon\www\youreoAPI\vendor\illuminate\container\Container.php:1032
Stack trace:
#0 C:\laragon\www\youreoAPI\vendor\illuminate\container\Container.php(943): Illuminate\Container\Container->unresolvablePrimitive(Object(ReflectionParameter))
#1 C:\laragon\www\youreoAPI\vendor\illuminate\container\Container.php(878): Illuminate\Container\Container->resolvePrimitive(Object(ReflectionParameter))
#2 C:\laragon\www\youreoAPI\vendor\illuminate\container\Container.php(840): Illuminate\Container\Container->resolveDependencies(Array)
#3 C:\laragon\www\youreoAPI\vendor\illuminate\container\Container.php(691): Illuminate\Container\Container->build('Illuminate\\View...')
#4 C:\laragon\www\youreoAPI\vendor\illuminate\container\Container.php(637): Illuminate\Container\Container->resolve('Illuminate\\View...', Array)
#5 C:\laragon\www\ {"exception":"[object] (Symfony\\Component\\ErrorHandler\\Error\\FatalError(code: 0): Uncaught Illuminate\\Contracts\\Container\\BindingResolutionException: Unresolvable dependency resolving [Parameter #1 [ <required> $cachePath ]] in class Illuminate\\View\\Compilers\\Compiler in C:\\laragon\\www\\youreoAPI\\vendor\\illuminate\\container\\Container.php:1032
Stack trace:
#0 C:\\laragon\\www\\youreoAPI\\vendor\\illuminate\\container\\Container.php(943): Illuminate\\Container\\Container->unresolvablePrimitive(Object(ReflectionParameter))
#1 C:\\laragon\\www\\youreoAPI\\vendor\\illuminate\\container\\Container.php(878): Illuminate\\Container\\Container->resolvePrimitive(Object(ReflectionParameter))
#2 C:\\laragon\\www\\youreoAPI\\vendor\\illuminate\\container\\Container.php(840): Illuminate\\Container\\Container->resolveDependencies(Array)
#3 C:\\laragon\\www\\youreoAPI\\vendor\\illuminate\\container\\Container.php(691): Illuminate\\Container\\Container->build('Illuminate\\\\View...')
#4 C:\\laragon\\www\\youreoAPI\\vendor\\illuminate\\container\\Container.php(637): Illuminate\\Container\\Container->resolve('Illuminate\\\\View...', Array)
#5 C:\\laragon\\www\\ at C:\\laragon\\www\\youreoAPI\\vendor\\illuminate\\container\\Container.php:1032)
[stacktrace]
#0 {main}
"} 
[2021-07-05 21:55:24] local.ERROR: Uncaught Error: Call to undefined function app_path() in Command line code:1
Stack trace:
#0 {main}
  thrown {"exception":"[object] (Symfony\\Component\\ErrorHandler\\Error\\FatalError(code: 0): Uncaught Error: Call to undefined function app_path() in Command line code:1
Stack trace:
#0 {main}
  thrown at Command line code:1)
[stacktrace]
#0 {main}
"} 
