[2021-05-03 15:27:29] local.ERROR: Uncaught Error: Call to undefined function app_path() in Command line code:1
Stack trace:
#0 {main}
  thrown {"exception":"[object] (Symfony\\Component\\ErrorHandler\\Error\\FatalError(code: 0): Uncaught Error: Call to undefined function app_path() in Command line code:1
Stack trace:
#0 {main}
  thrown at Command line code:1)
[stacktrace]
#0 {main}
"} 
[2021-05-03 15:27:29] local.ERROR: Uncaught Illuminate\Contracts\Container\BindingResolutionException: Unresolvable dependency resolving [Parameter #1 [ <required> $cachePath ]] in class Illuminate\View\Compilers\Compiler in C:\laragon\www\youreoAPI\vendor\illuminate\container\Container.php:1032
Stack trace:
#0 C:\laragon\www\youreoAPI\vendor\illuminate\container\Container.php(943): Illuminate\Container\Container->unresolvablePrimitive(Object(ReflectionParameter))
#1 C:\laragon\www\youreoAPI\vendor\illuminate\container\Container.php(878): Illuminate\Container\Container->resolvePrimitive(Object(ReflectionParameter))
#2 C:\laragon\www\youreoAPI\vendor\illuminate\container\Container.php(840): Illuminate\Container\Container->resolveDependencies(Array)
#3 C:\laragon\www\youreoAPI\vendor\illuminate\container\Container.php(691): Illuminate\Container\Container->build('Illuminate\\View...')
#4 C:\laragon\www\youreoAPI\vendor\illuminate\container\Container.php(637): Illuminate\Container\Container->resolve('Illuminate\\View...', Array)
#5 C:\laragon\www\ {"exception":"[object] (Symfony\\Component\\ErrorHandler\\Error\\FatalError(code: 0): Uncaught Illuminate\\Contracts\\Container\\BindingResolutionException: Unresolvable dependency resolving [Parameter #1 [ <required> $cachePath ]] in class Illuminate\\View\\Compilers\\Compiler in C:\\laragon\\www\\youreoAPI\\vendor\\illuminate\\container\\Container.php:1032
Stack trace:
#0 C:\\laragon\\www\\youreoAPI\\vendor\\illuminate\\container\\Container.php(943): Illuminate\\Container\\Container->unresolvablePrimitive(Object(ReflectionParameter))
#1 C:\\laragon\\www\\youreoAPI\\vendor\\illuminate\\container\\Container.php(878): Illuminate\\Container\\Container->resolvePrimitive(Object(ReflectionParameter))
#2 C:\\laragon\\www\\youreoAPI\\vendor\\illuminate\\container\\Container.php(840): Illuminate\\Container\\Container->resolveDependencies(Array)
#3 C:\\laragon\\www\\youreoAPI\\vendor\\illuminate\\container\\Container.php(691): Illuminate\\Container\\Container->build('Illuminate\\\\View...')
#4 C:\\laragon\\www\\youreoAPI\\vendor\\illuminate\\container\\Container.php(637): Illuminate\\Container\\Container->resolve('Illuminate\\\\View...', Array)
#5 C:\\laragon\\www\\ at C:\\laragon\\www\\youreoAPI\\vendor\\illuminate\\container\\Container.php:1032)
[stacktrace]
#0 {main}
"} 
[2021-05-03 15:28:24] local.ERROR: Uncaught Error: Call to undefined function app_path() in Command line code:1
Stack trace:
#0 {main}
  thrown {"exception":"[object] (Symfony\\Component\\ErrorHandler\\Error\\FatalError(code: 0): Uncaught Error: Call to undefined function app_path() in Command line code:1
Stack trace:
#0 {main}
  thrown at Command line code:1)
[stacktrace]
#0 {main}
"} 
[2021-05-03 15:29:24] local.ERROR: Uncaught Error: Call to undefined function app_path() in Command line code:1
Stack trace:
#0 {main}
  thrown {"exception":"[object] (Symfony\\Component\\ErrorHandler\\Error\\FatalError(code: 0): Uncaught Error: Call to undefined function app_path() in Command line code:1
Stack trace:
#0 {main}
  thrown at Command line code:1)
[stacktrace]
#0 {main}
"} 
[2021-05-03 15:30:24] local.ERROR: Uncaught Error: Call to undefined function app_path() in Command line code:1
Stack trace:
#0 {main}
  thrown {"exception":"[object] (Symfony\\Component\\ErrorHandler\\Error\\FatalError(code: 0): Uncaught Error: Call to undefined function app_path() in Command line code:1
Stack trace:
#0 {main}
  thrown at Command line code:1)
[stacktrace]
#0 {main}
"} 
[2021-05-03 15:31:24] local.ERROR: Uncaught Error: Call to undefined function app_path() in Command line code:1
Stack trace:
#0 {main}
  thrown {"exception":"[object] (Symfony\\Component\\ErrorHandler\\Error\\FatalError(code: 0): Uncaught Error: Call to undefined function app_path() in Command line code:1
Stack trace:
#0 {main}
  thrown at Command line code:1)
[stacktrace]
#0 {main}
"} 
[2021-05-03 15:32:24] local.ERROR: Uncaught Error: Call to undefined function app_path() in Command line code:1
Stack trace:
#0 {main}
  thrown {"exception":"[object] (Symfony\\Component\\ErrorHandler\\Error\\FatalError(code: 0): Uncaught Error: Call to undefined function app_path() in Command line code:1
Stack trace:
#0 {main}
  thrown at Command line code:1)
[stacktrace]
#0 {main}
"} 
[2021-05-03 15:33:24] local.ERROR: Uncaught Error: Call to undefined function app_path() in Command line code:1
Stack trace:
#0 {main}
  thrown {"exception":"[object] (Symfony\\Component\\ErrorHandler\\Error\\FatalError(code: 0): Uncaught Error: Call to undefined function app_path() in Command line code:1
Stack trace:
#0 {main}
  thrown at Command line code:1)
[stacktrace]
#0 {main}
"} 
[2021-05-03 15:34:24] local.ERROR: Uncaught Error: Call to undefined function app_path() in Command line code:1
Stack trace:
#0 {main}
  thrown {"exception":"[object] (Symfony\\Component\\ErrorHandler\\Error\\FatalError(code: 0): Uncaught Error: Call to undefined function app_path() in Command line code:1
Stack trace:
#0 {main}
  thrown at Command line code:1)
[stacktrace]
#0 {main}
"} 
[2021-05-03 15:35:24] local.ERROR: Uncaught Error: Call to undefined function app_path() in Command line code:1
Stack trace:
#0 {main}
  thrown {"exception":"[object] (Symfony\\Component\\ErrorHandler\\Error\\FatalError(code: 0): Uncaught Error: Call to undefined function app_path() in Command line code:1
Stack trace:
#0 {main}
  thrown at Command line code:1)
[stacktrace]
#0 {main}
"} 
[2021-05-03 15:36:24] local.ERROR: Uncaught Error: Call to undefined function app_path() in Command line code:1
Stack trace:
#0 {main}
  thrown {"exception":"[object] (Symfony\\Component\\ErrorHandler\\Error\\FatalError(code: 0): Uncaught Error: Call to undefined function app_path() in Command line code:1
Stack trace:
#0 {main}
  thrown at Command line code:1)
[stacktrace]
#0 {main}
"} 
[2021-05-03 15:37:24] local.ERROR: Uncaught Error: Call to undefined function app_path() in Command line code:1
Stack trace:
#0 {main}
  thrown {"exception":"[object] (Symfony\\Component\\ErrorHandler\\Error\\FatalError(code: 0): Uncaught Error: Call to undefined function app_path() in Command line code:1
Stack trace:
#0 {main}
  thrown at Command line code:1)
[stacktrace]
#0 {main}
"} 
[2021-05-03 15:37:25] local.ERROR: Uncaught Illuminate\Contracts\Container\BindingResolutionException: Unresolvable dependency resolving [Parameter #1 [ <required> $cachePath ]] in class Illuminate\View\Compilers\Compiler in C:\laragon\www\youreoAPI\vendor\illuminate\container\Container.php:1032
Stack trace:
#0 C:\laragon\www\youreoAPI\vendor\illuminate\container\Container.php(943): Illuminate\Container\Container->unresolvablePrimitive(Object(ReflectionParameter))
#1 C:\laragon\www\youreoAPI\vendor\illuminate\container\Container.php(878): Illuminate\Container\Container->resolvePrimitive(Object(ReflectionParameter))
#2 C:\laragon\www\youreoAPI\vendor\illuminate\container\Container.php(840): Illuminate\Container\Container->resolveDependencies(Array)
#3 C:\laragon\www\youreoAPI\vendor\illuminate\container\Container.php(691): Illuminate\Container\Container->build('Illuminate\\View...')
#4 C:\laragon\www\youreoAPI\vendor\illuminate\container\Container.php(637): Illuminate\Container\Container->resolve('Illuminate\\View...', Array)
#5 C:\laragon\www\ {"exception":"[object] (Symfony\\Component\\ErrorHandler\\Error\\FatalError(code: 0): Uncaught Illuminate\\Contracts\\Container\\BindingResolutionException: Unresolvable dependency resolving [Parameter #1 [ <required> $cachePath ]] in class Illuminate\\View\\Compilers\\Compiler in C:\\laragon\\www\\youreoAPI\\vendor\\illuminate\\container\\Container.php:1032
Stack trace:
#0 C:\\laragon\\www\\youreoAPI\\vendor\\illuminate\\container\\Container.php(943): Illuminate\\Container\\Container->unresolvablePrimitive(Object(ReflectionParameter))
#1 C:\\laragon\\www\\youreoAPI\\vendor\\illuminate\\container\\Container.php(878): Illuminate\\Container\\Container->resolvePrimitive(Object(ReflectionParameter))
#2 C:\\laragon\\www\\youreoAPI\\vendor\\illuminate\\container\\Container.php(840): Illuminate\\Container\\Container->resolveDependencies(Array)
#3 C:\\laragon\\www\\youreoAPI\\vendor\\illuminate\\container\\Container.php(691): Illuminate\\Container\\Container->build('Illuminate\\\\View...')
#4 C:\\laragon\\www\\youreoAPI\\vendor\\illuminate\\container\\Container.php(637): Illuminate\\Container\\Container->resolve('Illuminate\\\\View...', Array)
#5 C:\\laragon\\www\\ at C:\\laragon\\www\\youreoAPI\\vendor\\illuminate\\container\\Container.php:1032)
[stacktrace]
#0 {main}
"} 
[2021-05-03 15:38:24] local.ERROR: Uncaught Error: Call to undefined function app_path() in Command line code:1
Stack trace:
#0 {main}
  thrown {"exception":"[object] (Symfony\\Component\\ErrorHandler\\Error\\FatalError(code: 0): Uncaught Error: Call to undefined function app_path() in Command line code:1
Stack trace:
#0 {main}
  thrown at Command line code:1)
[stacktrace]
#0 {main}
"} 
[2021-05-03 15:39:24] local.ERROR: Uncaught Error: Call to undefined function app_path() in Command line code:1
Stack trace:
#0 {main}
  thrown {"exception":"[object] (Symfony\\Component\\ErrorHandler\\Error\\FatalError(code: 0): Uncaught Error: Call to undefined function app_path() in Command line code:1
Stack trace:
#0 {main}
  thrown at Command line code:1)
[stacktrace]
#0 {main}
"} 
[2021-05-03 15:40:24] local.ERROR: Uncaught Error: Call to undefined function app_path() in Command line code:1
Stack trace:
#0 {main}
  thrown {"exception":"[object] (Symfony\\Component\\ErrorHandler\\Error\\FatalError(code: 0): Uncaught Error: Call to undefined function app_path() in Command line code:1
Stack trace:
#0 {main}
  thrown at Command line code:1)
[stacktrace]
#0 {main}
"} 
[2021-05-03 15:41:24] local.ERROR: Uncaught Error: Call to undefined function app_path() in Command line code:1
Stack trace:
#0 {main}
  thrown {"exception":"[object] (Symfony\\Component\\ErrorHandler\\Error\\FatalError(code: 0): Uncaught Error: Call to undefined function app_path() in Command line code:1
Stack trace:
#0 {main}
  thrown at Command line code:1)
[stacktrace]
#0 {main}
"} 
[2021-05-03 15:42:24] local.ERROR: Uncaught Error: Call to undefined function app_path() in Command line code:1
Stack trace:
#0 {main}
  thrown {"exception":"[object] (Symfony\\Component\\ErrorHandler\\Error\\FatalError(code: 0): Uncaught Error: Call to undefined function app_path() in Command line code:1
Stack trace:
#0 {main}
  thrown at Command line code:1)
[stacktrace]
#0 {main}
"} 
[2021-05-03 15:43:24] local.ERROR: Uncaught Error: Call to undefined function app_path() in Command line code:1
Stack trace:
#0 {main}
  thrown {"exception":"[object] (Symfony\\Component\\ErrorHandler\\Error\\FatalError(code: 0): Uncaught Error: Call to undefined function app_path() in Command line code:1
Stack trace:
#0 {main}
  thrown at Command line code:1)
[stacktrace]
#0 {main}
"} 
[2021-05-03 15:44:24] local.ERROR: Uncaught Error: Call to undefined function app_path() in Command line code:1
Stack trace:
#0 {main}
  thrown {"exception":"[object] (Symfony\\Component\\ErrorHandler\\Error\\FatalError(code: 0): Uncaught Error: Call to undefined function app_path() in Command line code:1
Stack trace:
#0 {main}
  thrown at Command line code:1)
[stacktrace]
#0 {main}
"} 
[2021-05-03 15:45:24] local.ERROR: Uncaught Error: Call to undefined function app_path() in Command line code:1
Stack trace:
#0 {main}
  thrown {"exception":"[object] (Symfony\\Component\\ErrorHandler\\Error\\FatalError(code: 0): Uncaught Error: Call to undefined function app_path() in Command line code:1
Stack trace:
#0 {main}
  thrown at Command line code:1)
[stacktrace]
#0 {main}
"} 
[2021-05-03 15:46:24] local.ERROR: Uncaught Error: Call to undefined function app_path() in Command line code:1
Stack trace:
#0 {main}
  thrown {"exception":"[object] (Symfony\\Component\\ErrorHandler\\Error\\FatalError(code: 0): Uncaught Error: Call to undefined function app_path() in Command line code:1
Stack trace:
#0 {main}
  thrown at Command line code:1)
[stacktrace]
#0 {main}
"} 
[2021-05-03 15:47:24] local.ERROR: Uncaught Error: Call to undefined function app_path() in Command line code:1
Stack trace:
#0 {main}
  thrown {"exception":"[object] (Symfony\\Component\\ErrorHandler\\Error\\FatalError(code: 0): Uncaught Error: Call to undefined function app_path() in Command line code:1
Stack trace:
#0 {main}
  thrown at Command line code:1)
[stacktrace]
#0 {main}
"} 
[2021-05-03 15:47:25] local.ERROR: Uncaught Illuminate\Contracts\Container\BindingResolutionException: Unresolvable dependency resolving [Parameter #1 [ <required> $cachePath ]] in class Illuminate\View\Compilers\Compiler in C:\laragon\www\youreoAPI\vendor\illuminate\container\Container.php:1032
Stack trace:
#0 C:\laragon\www\youreoAPI\vendor\illuminate\container\Container.php(943): Illuminate\Container\Container->unresolvablePrimitive(Object(ReflectionParameter))
#1 C:\laragon\www\youreoAPI\vendor\illuminate\container\Container.php(878): Illuminate\Container\Container->resolvePrimitive(Object(ReflectionParameter))
#2 C:\laragon\www\youreoAPI\vendor\illuminate\container\Container.php(840): Illuminate\Container\Container->resolveDependencies(Array)
#3 C:\laragon\www\youreoAPI\vendor\illuminate\container\Container.php(691): Illuminate\Container\Container->build('Illuminate\\View...')
#4 C:\laragon\www\youreoAPI\vendor\illuminate\container\Container.php(637): Illuminate\Container\Container->resolve('Illuminate\\View...', Array)
#5 C:\laragon\www\ {"exception":"[object] (Symfony\\Component\\ErrorHandler\\Error\\FatalError(code: 0): Uncaught Illuminate\\Contracts\\Container\\BindingResolutionException: Unresolvable dependency resolving [Parameter #1 [ <required> $cachePath ]] in class Illuminate\\View\\Compilers\\Compiler in C:\\laragon\\www\\youreoAPI\\vendor\\illuminate\\container\\Container.php:1032
Stack trace:
#0 C:\\laragon\\www\\youreoAPI\\vendor\\illuminate\\container\\Container.php(943): Illuminate\\Container\\Container->unresolvablePrimitive(Object(ReflectionParameter))
#1 C:\\laragon\\www\\youreoAPI\\vendor\\illuminate\\container\\Container.php(878): Illuminate\\Container\\Container->resolvePrimitive(Object(ReflectionParameter))
#2 C:\\laragon\\www\\youreoAPI\\vendor\\illuminate\\container\\Container.php(840): Illuminate\\Container\\Container->resolveDependencies(Array)
#3 C:\\laragon\\www\\youreoAPI\\vendor\\illuminate\\container\\Container.php(691): Illuminate\\Container\\Container->build('Illuminate\\\\View...')
#4 C:\\laragon\\www\\youreoAPI\\vendor\\illuminate\\container\\Container.php(637): Illuminate\\Container\\Container->resolve('Illuminate\\\\View...', Array)
#5 C:\\laragon\\www\\ at C:\\laragon\\www\\youreoAPI\\vendor\\illuminate\\container\\Container.php:1032)
[stacktrace]
#0 {main}
"} 
[2021-05-03 15:48:24] local.ERROR: Uncaught Error: Call to undefined function app_path() in Command line code:1
Stack trace:
#0 {main}
  thrown {"exception":"[object] (Symfony\\Component\\ErrorHandler\\Error\\FatalError(code: 0): Uncaught Error: Call to undefined function app_path() in Command line code:1
Stack trace:
#0 {main}
  thrown at Command line code:1)
[stacktrace]
#0 {main}
"} 
[2021-05-03 15:49:24] local.ERROR: Uncaught Error: Call to undefined function app_path() in Command line code:1
Stack trace:
#0 {main}
  thrown {"exception":"[object] (Symfony\\Component\\ErrorHandler\\Error\\FatalError(code: 0): Uncaught Error: Call to undefined function app_path() in Command line code:1
Stack trace:
#0 {main}
  thrown at Command line code:1)
[stacktrace]
#0 {main}
"} 
[2021-05-03 15:50:24] local.ERROR: Uncaught Error: Call to undefined function app_path() in Command line code:1
Stack trace:
#0 {main}
  thrown {"exception":"[object] (Symfony\\Component\\ErrorHandler\\Error\\FatalError(code: 0): Uncaught Error: Call to undefined function app_path() in Command line code:1
Stack trace:
#0 {main}
  thrown at Command line code:1)
[stacktrace]
#0 {main}
"} 
[2021-05-03 15:51:24] local.ERROR: Uncaught Error: Call to undefined function app_path() in Command line code:1
Stack trace:
#0 {main}
  thrown {"exception":"[object] (Symfony\\Component\\ErrorHandler\\Error\\FatalError(code: 0): Uncaught Error: Call to undefined function app_path() in Command line code:1
Stack trace:
#0 {main}
  thrown at Command line code:1)
[stacktrace]
#0 {main}
"} 
[2021-05-03 15:52:24] local.ERROR: Uncaught Error: Call to undefined function app_path() in Command line code:1
Stack trace:
#0 {main}
  thrown {"exception":"[object] (Symfony\\Component\\ErrorHandler\\Error\\FatalError(code: 0): Uncaught Error: Call to undefined function app_path() in Command line code:1
Stack trace:
#0 {main}
  thrown at Command line code:1)
[stacktrace]
#0 {main}
"} 
[2021-05-03 15:53:24] local.ERROR: Uncaught Error: Call to undefined function app_path() in Command line code:1
Stack trace:
#0 {main}
  thrown {"exception":"[object] (Symfony\\Component\\ErrorHandler\\Error\\FatalError(code: 0): Uncaught Error: Call to undefined function app_path() in Command line code:1
Stack trace:
#0 {main}
  thrown at Command line code:1)
[stacktrace]
#0 {main}
"} 
[2021-05-03 15:54:24] local.ERROR: Uncaught Error: Call to undefined function app_path() in Command line code:1
Stack trace:
#0 {main}
  thrown {"exception":"[object] (Symfony\\Component\\ErrorHandler\\Error\\FatalError(code: 0): Uncaught Error: Call to undefined function app_path() in Command line code:1
Stack trace:
#0 {main}
  thrown at Command line code:1)
[stacktrace]
#0 {main}
"} 
[2021-05-03 15:55:24] local.ERROR: Uncaught Error: Call to undefined function app_path() in Command line code:1
Stack trace:
#0 {main}
  thrown {"exception":"[object] (Symfony\\Component\\ErrorHandler\\Error\\FatalError(code: 0): Uncaught Error: Call to undefined function app_path() in Command line code:1
Stack trace:
#0 {main}
  thrown at Command line code:1)
[stacktrace]
#0 {main}
"} 
[2021-05-03 15:56:24] local.ERROR: Uncaught Error: Call to undefined function app_path() in Command line code:1
Stack trace:
#0 {main}
  thrown {"exception":"[object] (Symfony\\Component\\ErrorHandler\\Error\\FatalError(code: 0): Uncaught Error: Call to undefined function app_path() in Command line code:1
Stack trace:
#0 {main}
  thrown at Command line code:1)
[stacktrace]
#0 {main}
"} 
[2021-05-03 15:57:24] local.ERROR: Uncaught Error: Call to undefined function app_path() in Command line code:1
Stack trace:
#0 {main}
  thrown {"exception":"[object] (Symfony\\Component\\ErrorHandler\\Error\\FatalError(code: 0): Uncaught Error: Call to undefined function app_path() in Command line code:1
Stack trace:
#0 {main}
  thrown at Command line code:1)
[stacktrace]
#0 {main}
"} 
[2021-05-03 15:57:25] local.ERROR: Uncaught Illuminate\Contracts\Container\BindingResolutionException: Unresolvable dependency resolving [Parameter #1 [ <required> $cachePath ]] in class Illuminate\View\Compilers\Compiler in C:\laragon\www\youreoAPI\vendor\illuminate\container\Container.php:1032
Stack trace:
#0 C:\laragon\www\youreoAPI\vendor\illuminate\container\Container.php(943): Illuminate\Container\Container->unresolvablePrimitive(Object(ReflectionParameter))
#1 C:\laragon\www\youreoAPI\vendor\illuminate\container\Container.php(878): Illuminate\Container\Container->resolvePrimitive(Object(ReflectionParameter))
#2 C:\laragon\www\youreoAPI\vendor\illuminate\container\Container.php(840): Illuminate\Container\Container->resolveDependencies(Array)
#3 C:\laragon\www\youreoAPI\vendor\illuminate\container\Container.php(691): Illuminate\Container\Container->build('Illuminate\\View...')
#4 C:\laragon\www\youreoAPI\vendor\illuminate\container\Container.php(637): Illuminate\Container\Container->resolve('Illuminate\\View...', Array)
#5 C:\laragon\www\ {"exception":"[object] (Symfony\\Component\\ErrorHandler\\Error\\FatalError(code: 0): Uncaught Illuminate\\Contracts\\Container\\BindingResolutionException: Unresolvable dependency resolving [Parameter #1 [ <required> $cachePath ]] in class Illuminate\\View\\Compilers\\Compiler in C:\\laragon\\www\\youreoAPI\\vendor\\illuminate\\container\\Container.php:1032
Stack trace:
#0 C:\\laragon\\www\\youreoAPI\\vendor\\illuminate\\container\\Container.php(943): Illuminate\\Container\\Container->unresolvablePrimitive(Object(ReflectionParameter))
#1 C:\\laragon\\www\\youreoAPI\\vendor\\illuminate\\container\\Container.php(878): Illuminate\\Container\\Container->resolvePrimitive(Object(ReflectionParameter))
#2 C:\\laragon\\www\\youreoAPI\\vendor\\illuminate\\container\\Container.php(840): Illuminate\\Container\\Container->resolveDependencies(Array)
#3 C:\\laragon\\www\\youreoAPI\\vendor\\illuminate\\container\\Container.php(691): Illuminate\\Container\\Container->build('Illuminate\\\\View...')
#4 C:\\laragon\\www\\youreoAPI\\vendor\\illuminate\\container\\Container.php(637): Illuminate\\Container\\Container->resolve('Illuminate\\\\View...', Array)
#5 C:\\laragon\\www\\ at C:\\laragon\\www\\youreoAPI\\vendor\\illuminate\\container\\Container.php:1032)
[stacktrace]
#0 {main}
"} 
[2021-05-03 15:58:24] local.ERROR: Uncaught Error: Call to undefined function app_path() in Command line code:1
Stack trace:
#0 {main}
  thrown {"exception":"[object] (Symfony\\Component\\ErrorHandler\\Error\\FatalError(code: 0): Uncaught Error: Call to undefined function app_path() in Command line code:1
Stack trace:
#0 {main}
  thrown at Command line code:1)
[stacktrace]
#0 {main}
"} 
[2021-05-03 15:59:24] local.ERROR: Uncaught Error: Call to undefined function app_path() in Command line code:1
Stack trace:
#0 {main}
  thrown {"exception":"[object] (Symfony\\Component\\ErrorHandler\\Error\\FatalError(code: 0): Uncaught Error: Call to undefined function app_path() in Command line code:1
Stack trace:
#0 {main}
  thrown at Command line code:1)
[stacktrace]
#0 {main}
"} 
[2021-05-03 16:00:24] local.ERROR: Uncaught Error: Call to undefined function app_path() in Command line code:1
Stack trace:
#0 {main}
  thrown {"exception":"[object] (Symfony\\Component\\ErrorHandler\\Error\\FatalError(code: 0): Uncaught Error: Call to undefined function app_path() in Command line code:1
Stack trace:
#0 {main}
  thrown at Command line code:1)
[stacktrace]
#0 {main}
"} 
[2021-05-03 16:01:24] local.ERROR: Uncaught Error: Call to undefined function app_path() in Command line code:1
Stack trace:
#0 {main}
  thrown {"exception":"[object] (Symfony\\Component\\ErrorHandler\\Error\\FatalError(code: 0): Uncaught Error: Call to undefined function app_path() in Command line code:1
Stack trace:
#0 {main}
  thrown at Command line code:1)
[stacktrace]
#0 {main}
"} 
[2021-05-03 16:02:24] local.ERROR: Uncaught Error: Call to undefined function app_path() in Command line code:1
Stack trace:
#0 {main}
  thrown {"exception":"[object] (Symfony\\Component\\ErrorHandler\\Error\\FatalError(code: 0): Uncaught Error: Call to undefined function app_path() in Command line code:1
Stack trace:
#0 {main}
  thrown at Command line code:1)
[stacktrace]
#0 {main}
"} 
[2021-05-03 16:03:24] local.ERROR: Uncaught Error: Call to undefined function app_path() in Command line code:1
Stack trace:
#0 {main}
  thrown {"exception":"[object] (Symfony\\Component\\ErrorHandler\\Error\\FatalError(code: 0): Uncaught Error: Call to undefined function app_path() in Command line code:1
Stack trace:
#0 {main}
  thrown at Command line code:1)
[stacktrace]
#0 {main}
"} 
[2021-05-03 16:04:24] local.ERROR: Uncaught Error: Call to undefined function app_path() in Command line code:1
Stack trace:
#0 {main}
  thrown {"exception":"[object] (Symfony\\Component\\ErrorHandler\\Error\\FatalError(code: 0): Uncaught Error: Call to undefined function app_path() in Command line code:1
Stack trace:
#0 {main}
  thrown at Command line code:1)
[stacktrace]
#0 {main}
"} 
[2021-05-03 16:05:24] local.ERROR: Uncaught Error: Call to undefined function app_path() in Command line code:1
Stack trace:
#0 {main}
  thrown {"exception":"[object] (Symfony\\Component\\ErrorHandler\\Error\\FatalError(code: 0): Uncaught Error: Call to undefined function app_path() in Command line code:1
Stack trace:
#0 {main}
  thrown at Command line code:1)
[stacktrace]
#0 {main}
"} 
[2021-05-03 16:06:24] local.ERROR: Uncaught Error: Call to undefined function app_path() in Command line code:1
Stack trace:
#0 {main}
  thrown {"exception":"[object] (Symfony\\Component\\ErrorHandler\\Error\\FatalError(code: 0): Uncaught Error: Call to undefined function app_path() in Command line code:1
Stack trace:
#0 {main}
  thrown at Command line code:1)
[stacktrace]
#0 {main}
"} 
[2021-05-03 16:07:24] local.ERROR: Uncaught Error: Call to undefined function app_path() in Command line code:1
Stack trace:
#0 {main}
  thrown {"exception":"[object] (Symfony\\Component\\ErrorHandler\\Error\\FatalError(code: 0): Uncaught Error: Call to undefined function app_path() in Command line code:1
Stack trace:
#0 {main}
  thrown at Command line code:1)
[stacktrace]
#0 {main}
"} 
[2021-05-03 16:07:25] local.ERROR: Uncaught Illuminate\Contracts\Container\BindingResolutionException: Unresolvable dependency resolving [Parameter #1 [ <required> $cachePath ]] in class Illuminate\View\Compilers\Compiler in C:\laragon\www\youreoAPI\vendor\illuminate\container\Container.php:1032
Stack trace:
#0 C:\laragon\www\youreoAPI\vendor\illuminate\container\Container.php(943): Illuminate\Container\Container->unresolvablePrimitive(Object(ReflectionParameter))
#1 C:\laragon\www\youreoAPI\vendor\illuminate\container\Container.php(878): Illuminate\Container\Container->resolvePrimitive(Object(ReflectionParameter))
#2 C:\laragon\www\youreoAPI\vendor\illuminate\container\Container.php(840): Illuminate\Container\Container->resolveDependencies(Array)
#3 C:\laragon\www\youreoAPI\vendor\illuminate\container\Container.php(691): Illuminate\Container\Container->build('Illuminate\\View...')
#4 C:\laragon\www\youreoAPI\vendor\illuminate\container\Container.php(637): Illuminate\Container\Container->resolve('Illuminate\\View...', Array)
#5 C:\laragon\www\ {"exception":"[object] (Symfony\\Component\\ErrorHandler\\Error\\FatalError(code: 0): Uncaught Illuminate\\Contracts\\Container\\BindingResolutionException: Unresolvable dependency resolving [Parameter #1 [ <required> $cachePath ]] in class Illuminate\\View\\Compilers\\Compiler in C:\\laragon\\www\\youreoAPI\\vendor\\illuminate\\container\\Container.php:1032
Stack trace:
#0 C:\\laragon\\www\\youreoAPI\\vendor\\illuminate\\container\\Container.php(943): Illuminate\\Container\\Container->unresolvablePrimitive(Object(ReflectionParameter))
#1 C:\\laragon\\www\\youreoAPI\\vendor\\illuminate\\container\\Container.php(878): Illuminate\\Container\\Container->resolvePrimitive(Object(ReflectionParameter))
#2 C:\\laragon\\www\\youreoAPI\\vendor\\illuminate\\container\\Container.php(840): Illuminate\\Container\\Container->resolveDependencies(Array)
#3 C:\\laragon\\www\\youreoAPI\\vendor\\illuminate\\container\\Container.php(691): Illuminate\\Container\\Container->build('Illuminate\\\\View...')
#4 C:\\laragon\\www\\youreoAPI\\vendor\\illuminate\\container\\Container.php(637): Illuminate\\Container\\Container->resolve('Illuminate\\\\View...', Array)
#5 C:\\laragon\\www\\ at C:\\laragon\\www\\youreoAPI\\vendor\\illuminate\\container\\Container.php:1032)
[stacktrace]
#0 {main}
"} 
[2021-05-03 16:08:24] local.ERROR: Uncaught Error: Call to undefined function app_path() in Command line code:1
Stack trace:
#0 {main}
  thrown {"exception":"[object] (Symfony\\Component\\ErrorHandler\\Error\\FatalError(code: 0): Uncaught Error: Call to undefined function app_path() in Command line code:1
Stack trace:
#0 {main}
  thrown at Command line code:1)
[stacktrace]
#0 {main}
"} 
[2021-05-03 16:09:24] local.ERROR: Uncaught Error: Call to undefined function app_path() in Command line code:1
Stack trace:
#0 {main}
  thrown {"exception":"[object] (Symfony\\Component\\ErrorHandler\\Error\\FatalError(code: 0): Uncaught Error: Call to undefined function app_path() in Command line code:1
Stack trace:
#0 {main}
  thrown at Command line code:1)
[stacktrace]
#0 {main}
"} 
[2021-05-03 16:10:24] local.ERROR: Uncaught Error: Call to undefined function app_path() in Command line code:1
Stack trace:
#0 {main}
  thrown {"exception":"[object] (Symfony\\Component\\ErrorHandler\\Error\\FatalError(code: 0): Uncaught Error: Call to undefined function app_path() in Command line code:1
Stack trace:
#0 {main}
  thrown at Command line code:1)
[stacktrace]
#0 {main}
"} 
[2021-05-03 16:11:24] local.ERROR: Uncaught Error: Call to undefined function app_path() in Command line code:1
Stack trace:
#0 {main}
  thrown {"exception":"[object] (Symfony\\Component\\ErrorHandler\\Error\\FatalError(code: 0): Uncaught Error: Call to undefined function app_path() in Command line code:1
Stack trace:
#0 {main}
  thrown at Command line code:1)
[stacktrace]
#0 {main}
"} 
[2021-05-03 16:12:24] local.ERROR: Uncaught Error: Call to undefined function app_path() in Command line code:1
Stack trace:
#0 {main}
  thrown {"exception":"[object] (Symfony\\Component\\ErrorHandler\\Error\\FatalError(code: 0): Uncaught Error: Call to undefined function app_path() in Command line code:1
Stack trace:
#0 {main}
  thrown at Command line code:1)
[stacktrace]
#0 {main}
"} 
[2021-05-03 16:13:24] local.ERROR: Uncaught Error: Call to undefined function app_path() in Command line code:1
Stack trace:
#0 {main}
  thrown {"exception":"[object] (Symfony\\Component\\ErrorHandler\\Error\\FatalError(code: 0): Uncaught Error: Call to undefined function app_path() in Command line code:1
Stack trace:
#0 {main}
  thrown at Command line code:1)
[stacktrace]
#0 {main}
"} 
[2021-05-03 16:14:24] local.ERROR: Uncaught Error: Call to undefined function app_path() in Command line code:1
Stack trace:
#0 {main}
  thrown {"exception":"[object] (Symfony\\Component\\ErrorHandler\\Error\\FatalError(code: 0): Uncaught Error: Call to undefined function app_path() in Command line code:1
Stack trace:
#0 {main}
  thrown at Command line code:1)
[stacktrace]
#0 {main}
"} 
[2021-05-03 16:15:24] local.ERROR: Uncaught Error: Call to undefined function app_path() in Command line code:1
Stack trace:
#0 {main}
  thrown {"exception":"[object] (Symfony\\Component\\ErrorHandler\\Error\\FatalError(code: 0): Uncaught Error: Call to undefined function app_path() in Command line code:1
Stack trace:
#0 {main}
  thrown at Command line code:1)
[stacktrace]
#0 {main}
"} 
[2021-05-03 16:16:24] local.ERROR: Uncaught Error: Call to undefined function app_path() in Command line code:1
Stack trace:
#0 {main}
  thrown {"exception":"[object] (Symfony\\Component\\ErrorHandler\\Error\\FatalError(code: 0): Uncaught Error: Call to undefined function app_path() in Command line code:1
Stack trace:
#0 {main}
  thrown at Command line code:1)
[stacktrace]
#0 {main}
"} 
[2021-05-03 16:17:24] local.ERROR: Uncaught Error: Call to undefined function app_path() in Command line code:1
Stack trace:
#0 {main}
  thrown {"exception":"[object] (Symfony\\Component\\ErrorHandler\\Error\\FatalError(code: 0): Uncaught Error: Call to undefined function app_path() in Command line code:1
Stack trace:
#0 {main}
  thrown at Command line code:1)
[stacktrace]
#0 {main}
"} 
[2021-05-03 16:17:25] local.ERROR: Uncaught Illuminate\Contracts\Container\BindingResolutionException: Unresolvable dependency resolving [Parameter #1 [ <required> $cachePath ]] in class Illuminate\View\Compilers\Compiler in C:\laragon\www\youreoAPI\vendor\illuminate\container\Container.php:1032
Stack trace:
#0 C:\laragon\www\youreoAPI\vendor\illuminate\container\Container.php(943): Illuminate\Container\Container->unresolvablePrimitive(Object(ReflectionParameter))
#1 C:\laragon\www\youreoAPI\vendor\illuminate\container\Container.php(878): Illuminate\Container\Container->resolvePrimitive(Object(ReflectionParameter))
#2 C:\laragon\www\youreoAPI\vendor\illuminate\container\Container.php(840): Illuminate\Container\Container->resolveDependencies(Array)
#3 C:\laragon\www\youreoAPI\vendor\illuminate\container\Container.php(691): Illuminate\Container\Container->build('Illuminate\\View...')
#4 C:\laragon\www\youreoAPI\vendor\illuminate\container\Container.php(637): Illuminate\Container\Container->resolve('Illuminate\\View...', Array)
#5 C:\laragon\www\ {"exception":"[object] (Symfony\\Component\\ErrorHandler\\Error\\FatalError(code: 0): Uncaught Illuminate\\Contracts\\Container\\BindingResolutionException: Unresolvable dependency resolving [Parameter #1 [ <required> $cachePath ]] in class Illuminate\\View\\Compilers\\Compiler in C:\\laragon\\www\\youreoAPI\\vendor\\illuminate\\container\\Container.php:1032
Stack trace:
#0 C:\\laragon\\www\\youreoAPI\\vendor\\illuminate\\container\\Container.php(943): Illuminate\\Container\\Container->unresolvablePrimitive(Object(ReflectionParameter))
#1 C:\\laragon\\www\\youreoAPI\\vendor\\illuminate\\container\\Container.php(878): Illuminate\\Container\\Container->resolvePrimitive(Object(ReflectionParameter))
#2 C:\\laragon\\www\\youreoAPI\\vendor\\illuminate\\container\\Container.php(840): Illuminate\\Container\\Container->resolveDependencies(Array)
#3 C:\\laragon\\www\\youreoAPI\\vendor\\illuminate\\container\\Container.php(691): Illuminate\\Container\\Container->build('Illuminate\\\\View...')
#4 C:\\laragon\\www\\youreoAPI\\vendor\\illuminate\\container\\Container.php(637): Illuminate\\Container\\Container->resolve('Illuminate\\\\View...', Array)
#5 C:\\laragon\\www\\ at C:\\laragon\\www\\youreoAPI\\vendor\\illuminate\\container\\Container.php:1032)
[stacktrace]
#0 {main}
"} 
[2021-05-03 16:18:24] local.ERROR: Uncaught Error: Call to undefined function app_path() in Command line code:1
Stack trace:
#0 {main}
  thrown {"exception":"[object] (Symfony\\Component\\ErrorHandler\\Error\\FatalError(code: 0): Uncaught Error: Call to undefined function app_path() in Command line code:1
Stack trace:
#0 {main}
  thrown at Command line code:1)
[stacktrace]
#0 {main}
"} 
[2021-05-03 16:19:24] local.ERROR: Uncaught Error: Call to undefined function app_path() in Command line code:1
Stack trace:
#0 {main}
  thrown {"exception":"[object] (Symfony\\Component\\ErrorHandler\\Error\\FatalError(code: 0): Uncaught Error: Call to undefined function app_path() in Command line code:1
Stack trace:
#0 {main}
  thrown at Command line code:1)
[stacktrace]
#0 {main}
"} 
[2021-05-03 16:20:24] local.ERROR: Uncaught Error: Call to undefined function app_path() in Command line code:1
Stack trace:
#0 {main}
  thrown {"exception":"[object] (Symfony\\Component\\ErrorHandler\\Error\\FatalError(code: 0): Uncaught Error: Call to undefined function app_path() in Command line code:1
Stack trace:
#0 {main}
  thrown at Command line code:1)
[stacktrace]
#0 {main}
"} 
[2021-05-03 16:21:24] local.ERROR: Uncaught Error: Call to undefined function app_path() in Command line code:1
Stack trace:
#0 {main}
  thrown {"exception":"[object] (Symfony\\Component\\ErrorHandler\\Error\\FatalError(code: 0): Uncaught Error: Call to undefined function app_path() in Command line code:1
Stack trace:
#0 {main}
  thrown at Command line code:1)
[stacktrace]
#0 {main}
"} 
[2021-05-03 16:22:24] local.ERROR: Uncaught Error: Call to undefined function app_path() in Command line code:1
Stack trace:
#0 {main}
  thrown {"exception":"[object] (Symfony\\Component\\ErrorHandler\\Error\\FatalError(code: 0): Uncaught Error: Call to undefined function app_path() in Command line code:1
Stack trace:
#0 {main}
  thrown at Command line code:1)
[stacktrace]
#0 {main}
"} 
[2021-05-03 16:23:24] local.ERROR: Uncaught Error: Call to undefined function app_path() in Command line code:1
Stack trace:
#0 {main}
  thrown {"exception":"[object] (Symfony\\Component\\ErrorHandler\\Error\\FatalError(code: 0): Uncaught Error: Call to undefined function app_path() in Command line code:1
Stack trace:
#0 {main}
  thrown at Command line code:1)
[stacktrace]
#0 {main}
"} 
[2021-05-03 16:24:24] local.ERROR: Uncaught Error: Call to undefined function app_path() in Command line code:1
Stack trace:
#0 {main}
  thrown {"exception":"[object] (Symfony\\Component\\ErrorHandler\\Error\\FatalError(code: 0): Uncaught Error: Call to undefined function app_path() in Command line code:1
Stack trace:
#0 {main}
  thrown at Command line code:1)
[stacktrace]
#0 {main}
"} 
[2021-05-03 16:25:24] local.ERROR: Uncaught Error: Call to undefined function app_path() in Command line code:1
Stack trace:
#0 {main}
  thrown {"exception":"[object] (Symfony\\Component\\ErrorHandler\\Error\\FatalError(code: 0): Uncaught Error: Call to undefined function app_path() in Command line code:1
Stack trace:
#0 {main}
  thrown at Command line code:1)
[stacktrace]
#0 {main}
"} 
[2021-05-03 16:26:24] local.ERROR: Uncaught Error: Call to undefined function app_path() in Command line code:1
Stack trace:
#0 {main}
  thrown {"exception":"[object] (Symfony\\Component\\ErrorHandler\\Error\\FatalError(code: 0): Uncaught Error: Call to undefined function app_path() in Command line code:1
Stack trace:
#0 {main}
  thrown at Command line code:1)
[stacktrace]
#0 {main}
"} 
[2021-05-03 16:27:24] local.ERROR: Uncaught Error: Call to undefined function app_path() in Command line code:1
Stack trace:
#0 {main}
  thrown {"exception":"[object] (Symfony\\Component\\ErrorHandler\\Error\\FatalError(code: 0): Uncaught Error: Call to undefined function app_path() in Command line code:1
Stack trace:
#0 {main}
  thrown at Command line code:1)
[stacktrace]
#0 {main}
"} 
[2021-05-03 16:27:25] local.ERROR: Uncaught Illuminate\Contracts\Container\BindingResolutionException: Unresolvable dependency resolving [Parameter #1 [ <required> $cachePath ]] in class Illuminate\View\Compilers\Compiler in C:\laragon\www\youreoAPI\vendor\illuminate\container\Container.php:1032
Stack trace:
#0 C:\laragon\www\youreoAPI\vendor\illuminate\container\Container.php(943): Illuminate\Container\Container->unresolvablePrimitive(Object(ReflectionParameter))
#1 C:\laragon\www\youreoAPI\vendor\illuminate\container\Container.php(878): Illuminate\Container\Container->resolvePrimitive(Object(ReflectionParameter))
#2 C:\laragon\www\youreoAPI\vendor\illuminate\container\Container.php(840): Illuminate\Container\Container->resolveDependencies(Array)
#3 C:\laragon\www\youreoAPI\vendor\illuminate\container\Container.php(691): Illuminate\Container\Container->build('Illuminate\\View...')
#4 C:\laragon\www\youreoAPI\vendor\illuminate\container\Container.php(637): Illuminate\Container\Container->resolve('Illuminate\\View...', Array)
#5 C:\laragon\www\ {"exception":"[object] (Symfony\\Component\\ErrorHandler\\Error\\FatalError(code: 0): Uncaught Illuminate\\Contracts\\Container\\BindingResolutionException: Unresolvable dependency resolving [Parameter #1 [ <required> $cachePath ]] in class Illuminate\\View\\Compilers\\Compiler in C:\\laragon\\www\\youreoAPI\\vendor\\illuminate\\container\\Container.php:1032
Stack trace:
#0 C:\\laragon\\www\\youreoAPI\\vendor\\illuminate\\container\\Container.php(943): Illuminate\\Container\\Container->unresolvablePrimitive(Object(ReflectionParameter))
#1 C:\\laragon\\www\\youreoAPI\\vendor\\illuminate\\container\\Container.php(878): Illuminate\\Container\\Container->resolvePrimitive(Object(ReflectionParameter))
#2 C:\\laragon\\www\\youreoAPI\\vendor\\illuminate\\container\\Container.php(840): Illuminate\\Container\\Container->resolveDependencies(Array)
#3 C:\\laragon\\www\\youreoAPI\\vendor\\illuminate\\container\\Container.php(691): Illuminate\\Container\\Container->build('Illuminate\\\\View...')
#4 C:\\laragon\\www\\youreoAPI\\vendor\\illuminate\\container\\Container.php(637): Illuminate\\Container\\Container->resolve('Illuminate\\\\View...', Array)
#5 C:\\laragon\\www\\ at C:\\laragon\\www\\youreoAPI\\vendor\\illuminate\\container\\Container.php:1032)
[stacktrace]
#0 {main}
"} 
[2021-05-03 16:28:24] local.ERROR: Uncaught Error: Call to undefined function app_path() in Command line code:1
Stack trace:
#0 {main}
  thrown {"exception":"[object] (Symfony\\Component\\ErrorHandler\\Error\\FatalError(code: 0): Uncaught Error: Call to undefined function app_path() in Command line code:1
Stack trace:
#0 {main}
  thrown at Command line code:1)
[stacktrace]
#0 {main}
"} 
[2021-05-03 16:29:24] local.ERROR: Uncaught Error: Call to undefined function app_path() in Command line code:1
Stack trace:
#0 {main}
  thrown {"exception":"[object] (Symfony\\Component\\ErrorHandler\\Error\\FatalError(code: 0): Uncaught Error: Call to undefined function app_path() in Command line code:1
Stack trace:
#0 {main}
  thrown at Command line code:1)
[stacktrace]
#0 {main}
"} 
[2021-05-03 16:30:24] local.ERROR: Uncaught Error: Call to undefined function app_path() in Command line code:1
Stack trace:
#0 {main}
  thrown {"exception":"[object] (Symfony\\Component\\ErrorHandler\\Error\\FatalError(code: 0): Uncaught Error: Call to undefined function app_path() in Command line code:1
Stack trace:
#0 {main}
  thrown at Command line code:1)
[stacktrace]
#0 {main}
"} 
[2021-05-03 16:31:24] local.ERROR: Uncaught Error: Call to undefined function app_path() in Command line code:1
Stack trace:
#0 {main}
  thrown {"exception":"[object] (Symfony\\Component\\ErrorHandler\\Error\\FatalError(code: 0): Uncaught Error: Call to undefined function app_path() in Command line code:1
Stack trace:
#0 {main}
  thrown at Command line code:1)
[stacktrace]
#0 {main}
"} 
[2021-05-03 16:32:24] local.ERROR: Uncaught Error: Call to undefined function app_path() in Command line code:1
Stack trace:
#0 {main}
  thrown {"exception":"[object] (Symfony\\Component\\ErrorHandler\\Error\\FatalError(code: 0): Uncaught Error: Call to undefined function app_path() in Command line code:1
Stack trace:
#0 {main}
  thrown at Command line code:1)
[stacktrace]
#0 {main}
"} 
[2021-05-03 16:33:24] local.ERROR: Uncaught Error: Call to undefined function app_path() in Command line code:1
Stack trace:
#0 {main}
  thrown {"exception":"[object] (Symfony\\Component\\ErrorHandler\\Error\\FatalError(code: 0): Uncaught Error: Call to undefined function app_path() in Command line code:1
Stack trace:
#0 {main}
  thrown at Command line code:1)
[stacktrace]
#0 {main}
"} 
[2021-05-03 16:34:24] local.ERROR: Uncaught Error: Call to undefined function app_path() in Command line code:1
Stack trace:
#0 {main}
  thrown {"exception":"[object] (Symfony\\Component\\ErrorHandler\\Error\\FatalError(code: 0): Uncaught Error: Call to undefined function app_path() in Command line code:1
Stack trace:
#0 {main}
  thrown at Command line code:1)
[stacktrace]
#0 {main}
"} 
[2021-05-03 16:35:24] local.ERROR: Uncaught Error: Call to undefined function app_path() in Command line code:1
Stack trace:
#0 {main}
  thrown {"exception":"[object] (Symfony\\Component\\ErrorHandler\\Error\\FatalError(code: 0): Uncaught Error: Call to undefined function app_path() in Command line code:1
Stack trace:
#0 {main}
  thrown at Command line code:1)
[stacktrace]
#0 {main}
"} 
[2021-05-03 16:36:24] local.ERROR: Uncaught Error: Call to undefined function app_path() in Command line code:1
Stack trace:
#0 {main}
  thrown {"exception":"[object] (Symfony\\Component\\ErrorHandler\\Error\\FatalError(code: 0): Uncaught Error: Call to undefined function app_path() in Command line code:1
Stack trace:
#0 {main}
  thrown at Command line code:1)
[stacktrace]
#0 {main}
"} 
[2021-05-03 16:37:24] local.ERROR: Uncaught Error: Call to undefined function app_path() in Command line code:1
Stack trace:
#0 {main}
  thrown {"exception":"[object] (Symfony\\Component\\ErrorHandler\\Error\\FatalError(code: 0): Uncaught Error: Call to undefined function app_path() in Command line code:1
Stack trace:
#0 {main}
  thrown at Command line code:1)
[stacktrace]
#0 {main}
"} 
[2021-05-03 16:37:25] local.ERROR: Uncaught Illuminate\Contracts\Container\BindingResolutionException: Unresolvable dependency resolving [Parameter #1 [ <required> $cachePath ]] in class Illuminate\View\Compilers\Compiler in C:\laragon\www\youreoAPI\vendor\illuminate\container\Container.php:1032
Stack trace:
#0 C:\laragon\www\youreoAPI\vendor\illuminate\container\Container.php(943): Illuminate\Container\Container->unresolvablePrimitive(Object(ReflectionParameter))
#1 C:\laragon\www\youreoAPI\vendor\illuminate\container\Container.php(878): Illuminate\Container\Container->resolvePrimitive(Object(ReflectionParameter))
#2 C:\laragon\www\youreoAPI\vendor\illuminate\container\Container.php(840): Illuminate\Container\Container->resolveDependencies(Array)
#3 C:\laragon\www\youreoAPI\vendor\illuminate\container\Container.php(691): Illuminate\Container\Container->build('Illuminate\\View...')
#4 C:\laragon\www\youreoAPI\vendor\illuminate\container\Container.php(637): Illuminate\Container\Container->resolve('Illuminate\\View...', Array)
#5 C:\laragon\www\ {"exception":"[object] (Symfony\\Component\\ErrorHandler\\Error\\FatalError(code: 0): Uncaught Illuminate\\Contracts\\Container\\BindingResolutionException: Unresolvable dependency resolving [Parameter #1 [ <required> $cachePath ]] in class Illuminate\\View\\Compilers\\Compiler in C:\\laragon\\www\\youreoAPI\\vendor\\illuminate\\container\\Container.php:1032
Stack trace:
#0 C:\\laragon\\www\\youreoAPI\\vendor\\illuminate\\container\\Container.php(943): Illuminate\\Container\\Container->unresolvablePrimitive(Object(ReflectionParameter))
#1 C:\\laragon\\www\\youreoAPI\\vendor\\illuminate\\container\\Container.php(878): Illuminate\\Container\\Container->resolvePrimitive(Object(ReflectionParameter))
#2 C:\\laragon\\www\\youreoAPI\\vendor\\illuminate\\container\\Container.php(840): Illuminate\\Container\\Container->resolveDependencies(Array)
#3 C:\\laragon\\www\\youreoAPI\\vendor\\illuminate\\container\\Container.php(691): Illuminate\\Container\\Container->build('Illuminate\\\\View...')
#4 C:\\laragon\\www\\youreoAPI\\vendor\\illuminate\\container\\Container.php(637): Illuminate\\Container\\Container->resolve('Illuminate\\\\View...', Array)
#5 C:\\laragon\\www\\ at C:\\laragon\\www\\youreoAPI\\vendor\\illuminate\\container\\Container.php:1032)
[stacktrace]
#0 {main}
"} 
[2021-05-03 16:38:24] local.ERROR: Uncaught Error: Call to undefined function app_path() in Command line code:1
Stack trace:
#0 {main}
  thrown {"exception":"[object] (Symfony\\Component\\ErrorHandler\\Error\\FatalError(code: 0): Uncaught Error: Call to undefined function app_path() in Command line code:1
Stack trace:
#0 {main}
  thrown at Command line code:1)
[stacktrace]
#0 {main}
"} 
[2021-05-03 16:39:24] local.ERROR: Uncaught Error: Call to undefined function app_path() in Command line code:1
Stack trace:
#0 {main}
  thrown {"exception":"[object] (Symfony\\Component\\ErrorHandler\\Error\\FatalError(code: 0): Uncaught Error: Call to undefined function app_path() in Command line code:1
Stack trace:
#0 {main}
  thrown at Command line code:1)
[stacktrace]
#0 {main}
"} 
[2021-05-03 16:40:24] local.ERROR: Uncaught Error: Call to undefined function app_path() in Command line code:1
Stack trace:
#0 {main}
  thrown {"exception":"[object] (Symfony\\Component\\ErrorHandler\\Error\\FatalError(code: 0): Uncaught Error: Call to undefined function app_path() in Command line code:1
Stack trace:
#0 {main}
  thrown at Command line code:1)
[stacktrace]
#0 {main}
"} 
[2021-05-03 16:41:24] local.ERROR: Uncaught Error: Call to undefined function app_path() in Command line code:1
Stack trace:
#0 {main}
  thrown {"exception":"[object] (Symfony\\Component\\ErrorHandler\\Error\\FatalError(code: 0): Uncaught Error: Call to undefined function app_path() in Command line code:1
Stack trace:
#0 {main}
  thrown at Command line code:1)
[stacktrace]
#0 {main}
"} 
[2021-05-03 16:42:24] local.ERROR: Uncaught Error: Call to undefined function app_path() in Command line code:1
Stack trace:
#0 {main}
  thrown {"exception":"[object] (Symfony\\Component\\ErrorHandler\\Error\\FatalError(code: 0): Uncaught Error: Call to undefined function app_path() in Command line code:1
Stack trace:
#0 {main}
  thrown at Command line code:1)
[stacktrace]
#0 {main}
"} 
[2021-05-03 16:43:24] local.ERROR: Uncaught Error: Call to undefined function app_path() in Command line code:1
Stack trace:
#0 {main}
  thrown {"exception":"[object] (Symfony\\Component\\ErrorHandler\\Error\\FatalError(code: 0): Uncaught Error: Call to undefined function app_path() in Command line code:1
Stack trace:
#0 {main}
  thrown at Command line code:1)
[stacktrace]
#0 {main}
"} 
[2021-05-03 16:44:24] local.ERROR: Uncaught Error: Call to undefined function app_path() in Command line code:1
Stack trace:
#0 {main}
  thrown {"exception":"[object] (Symfony\\Component\\ErrorHandler\\Error\\FatalError(code: 0): Uncaught Error: Call to undefined function app_path() in Command line code:1
Stack trace:
#0 {main}
  thrown at Command line code:1)
[stacktrace]
#0 {main}
"} 
[2021-05-03 16:45:24] local.ERROR: Uncaught Error: Call to undefined function app_path() in Command line code:1
Stack trace:
#0 {main}
  thrown {"exception":"[object] (Symfony\\Component\\ErrorHandler\\Error\\FatalError(code: 0): Uncaught Error: Call to undefined function app_path() in Command line code:1
Stack trace:
#0 {main}
  thrown at Command line code:1)
[stacktrace]
#0 {main}
"} 
[2021-05-03 16:46:24] local.ERROR: Uncaught Error: Call to undefined function app_path() in Command line code:1
Stack trace:
#0 {main}
  thrown {"exception":"[object] (Symfony\\Component\\ErrorHandler\\Error\\FatalError(code: 0): Uncaught Error: Call to undefined function app_path() in Command line code:1
Stack trace:
#0 {main}
  thrown at Command line code:1)
[stacktrace]
#0 {main}
"} 
[2021-05-03 16:47:24] local.ERROR: Uncaught Error: Call to undefined function app_path() in Command line code:1
Stack trace:
#0 {main}
  thrown {"exception":"[object] (Symfony\\Component\\ErrorHandler\\Error\\FatalError(code: 0): Uncaught Error: Call to undefined function app_path() in Command line code:1
Stack trace:
#0 {main}
  thrown at Command line code:1)
[stacktrace]
#0 {main}
"} 
[2021-05-03 16:47:25] local.ERROR: Uncaught Illuminate\Contracts\Container\BindingResolutionException: Unresolvable dependency resolving [Parameter #1 [ <required> $cachePath ]] in class Illuminate\View\Compilers\Compiler in C:\laragon\www\youreoAPI\vendor\illuminate\container\Container.php:1032
Stack trace:
#0 C:\laragon\www\youreoAPI\vendor\illuminate\container\Container.php(943): Illuminate\Container\Container->unresolvablePrimitive(Object(ReflectionParameter))
#1 C:\laragon\www\youreoAPI\vendor\illuminate\container\Container.php(878): Illuminate\Container\Container->resolvePrimitive(Object(ReflectionParameter))
#2 C:\laragon\www\youreoAPI\vendor\illuminate\container\Container.php(840): Illuminate\Container\Container->resolveDependencies(Array)
#3 C:\laragon\www\youreoAPI\vendor\illuminate\container\Container.php(691): Illuminate\Container\Container->build('Illuminate\\View...')
#4 C:\laragon\www\youreoAPI\vendor\illuminate\container\Container.php(637): Illuminate\Container\Container->resolve('Illuminate\\View...', Array)
#5 C:\laragon\www\ {"exception":"[object] (Symfony\\Component\\ErrorHandler\\Error\\FatalError(code: 0): Uncaught Illuminate\\Contracts\\Container\\BindingResolutionException: Unresolvable dependency resolving [Parameter #1 [ <required> $cachePath ]] in class Illuminate\\View\\Compilers\\Compiler in C:\\laragon\\www\\youreoAPI\\vendor\\illuminate\\container\\Container.php:1032
Stack trace:
#0 C:\\laragon\\www\\youreoAPI\\vendor\\illuminate\\container\\Container.php(943): Illuminate\\Container\\Container->unresolvablePrimitive(Object(ReflectionParameter))
#1 C:\\laragon\\www\\youreoAPI\\vendor\\illuminate\\container\\Container.php(878): Illuminate\\Container\\Container->resolvePrimitive(Object(ReflectionParameter))
#2 C:\\laragon\\www\\youreoAPI\\vendor\\illuminate\\container\\Container.php(840): Illuminate\\Container\\Container->resolveDependencies(Array)
#3 C:\\laragon\\www\\youreoAPI\\vendor\\illuminate\\container\\Container.php(691): Illuminate\\Container\\Container->build('Illuminate\\\\View...')
#4 C:\\laragon\\www\\youreoAPI\\vendor\\illuminate\\container\\Container.php(637): Illuminate\\Container\\Container->resolve('Illuminate\\\\View...', Array)
#5 C:\\laragon\\www\\ at C:\\laragon\\www\\youreoAPI\\vendor\\illuminate\\container\\Container.php:1032)
[stacktrace]
#0 {main}
"} 
[2021-05-03 16:48:24] local.ERROR: Uncaught Error: Call to undefined function app_path() in Command line code:1
Stack trace:
#0 {main}
  thrown {"exception":"[object] (Symfony\\Component\\ErrorHandler\\Error\\FatalError(code: 0): Uncaught Error: Call to undefined function app_path() in Command line code:1
Stack trace:
#0 {main}
  thrown at Command line code:1)
[stacktrace]
#0 {main}
"} 
[2021-05-03 16:49:24] local.ERROR: Uncaught Error: Call to undefined function app_path() in Command line code:1
Stack trace:
#0 {main}
  thrown {"exception":"[object] (Symfony\\Component\\ErrorHandler\\Error\\FatalError(code: 0): Uncaught Error: Call to undefined function app_path() in Command line code:1
Stack trace:
#0 {main}
  thrown at Command line code:1)
[stacktrace]
#0 {main}
"} 
[2021-05-03 16:50:24] local.ERROR: Uncaught Error: Call to undefined function app_path() in Command line code:1
Stack trace:
#0 {main}
  thrown {"exception":"[object] (Symfony\\Component\\ErrorHandler\\Error\\FatalError(code: 0): Uncaught Error: Call to undefined function app_path() in Command line code:1
Stack trace:
#0 {main}
  thrown at Command line code:1)
[stacktrace]
#0 {main}
"} 
[2021-05-03 16:51:24] local.ERROR: Uncaught Error: Call to undefined function app_path() in Command line code:1
Stack trace:
#0 {main}
  thrown {"exception":"[object] (Symfony\\Component\\ErrorHandler\\Error\\FatalError(code: 0): Uncaught Error: Call to undefined function app_path() in Command line code:1
Stack trace:
#0 {main}
  thrown at Command line code:1)
[stacktrace]
#0 {main}
"} 
[2021-05-03 16:52:24] local.ERROR: Uncaught Error: Call to undefined function app_path() in Command line code:1
Stack trace:
#0 {main}
  thrown {"exception":"[object] (Symfony\\Component\\ErrorHandler\\Error\\FatalError(code: 0): Uncaught Error: Call to undefined function app_path() in Command line code:1
Stack trace:
#0 {main}
  thrown at Command line code:1)
[stacktrace]
#0 {main}
"} 
[2021-05-03 16:53:24] local.ERROR: Uncaught Error: Call to undefined function app_path() in Command line code:1
Stack trace:
#0 {main}
  thrown {"exception":"[object] (Symfony\\Component\\ErrorHandler\\Error\\FatalError(code: 0): Uncaught Error: Call to undefined function app_path() in Command line code:1
Stack trace:
#0 {main}
  thrown at Command line code:1)
[stacktrace]
#0 {main}
"} 
[2021-05-03 16:54:24] local.ERROR: Uncaught Error: Call to undefined function app_path() in Command line code:1
Stack trace:
#0 {main}
  thrown {"exception":"[object] (Symfony\\Component\\ErrorHandler\\Error\\FatalError(code: 0): Uncaught Error: Call to undefined function app_path() in Command line code:1
Stack trace:
#0 {main}
  thrown at Command line code:1)
[stacktrace]
#0 {main}
"} 
[2021-05-03 16:55:24] local.ERROR: Uncaught Error: Call to undefined function app_path() in Command line code:1
Stack trace:
#0 {main}
  thrown {"exception":"[object] (Symfony\\Component\\ErrorHandler\\Error\\FatalError(code: 0): Uncaught Error: Call to undefined function app_path() in Command line code:1
Stack trace:
#0 {main}
  thrown at Command line code:1)
[stacktrace]
#0 {main}
"} 
[2021-05-03 16:56:24] local.ERROR: Uncaught Error: Call to undefined function app_path() in Command line code:1
Stack trace:
#0 {main}
  thrown {"exception":"[object] (Symfony\\Component\\ErrorHandler\\Error\\FatalError(code: 0): Uncaught Error: Call to undefined function app_path() in Command line code:1
Stack trace:
#0 {main}
  thrown at Command line code:1)
[stacktrace]
#0 {main}
"} 
[2021-05-03 16:57:24] local.ERROR: Uncaught Error: Call to undefined function app_path() in Command line code:1
Stack trace:
#0 {main}
  thrown {"exception":"[object] (Symfony\\Component\\ErrorHandler\\Error\\FatalError(code: 0): Uncaught Error: Call to undefined function app_path() in Command line code:1
Stack trace:
#0 {main}
  thrown at Command line code:1)
[stacktrace]
#0 {main}
"} 
[2021-05-03 16:57:25] local.ERROR: Uncaught Illuminate\Contracts\Container\BindingResolutionException: Unresolvable dependency resolving [Parameter #1 [ <required> $cachePath ]] in class Illuminate\View\Compilers\Compiler in C:\laragon\www\youreoAPI\vendor\illuminate\container\Container.php:1032
Stack trace:
#0 C:\laragon\www\youreoAPI\vendor\illuminate\container\Container.php(943): Illuminate\Container\Container->unresolvablePrimitive(Object(ReflectionParameter))
#1 C:\laragon\www\youreoAPI\vendor\illuminate\container\Container.php(878): Illuminate\Container\Container->resolvePrimitive(Object(ReflectionParameter))
#2 C:\laragon\www\youreoAPI\vendor\illuminate\container\Container.php(840): Illuminate\Container\Container->resolveDependencies(Array)
#3 C:\laragon\www\youreoAPI\vendor\illuminate\container\Container.php(691): Illuminate\Container\Container->build('Illuminate\\View...')
#4 C:\laragon\www\youreoAPI\vendor\illuminate\container\Container.php(637): Illuminate\Container\Container->resolve('Illuminate\\View...', Array)
#5 C:\laragon\www\ {"exception":"[object] (Symfony\\Component\\ErrorHandler\\Error\\FatalError(code: 0): Uncaught Illuminate\\Contracts\\Container\\BindingResolutionException: Unresolvable dependency resolving [Parameter #1 [ <required> $cachePath ]] in class Illuminate\\View\\Compilers\\Compiler in C:\\laragon\\www\\youreoAPI\\vendor\\illuminate\\container\\Container.php:1032
Stack trace:
#0 C:\\laragon\\www\\youreoAPI\\vendor\\illuminate\\container\\Container.php(943): Illuminate\\Container\\Container->unresolvablePrimitive(Object(ReflectionParameter))
#1 C:\\laragon\\www\\youreoAPI\\vendor\\illuminate\\container\\Container.php(878): Illuminate\\Container\\Container->resolvePrimitive(Object(ReflectionParameter))
#2 C:\\laragon\\www\\youreoAPI\\vendor\\illuminate\\container\\Container.php(840): Illuminate\\Container\\Container->resolveDependencies(Array)
#3 C:\\laragon\\www\\youreoAPI\\vendor\\illuminate\\container\\Container.php(691): Illuminate\\Container\\Container->build('Illuminate\\\\View...')
#4 C:\\laragon\\www\\youreoAPI\\vendor\\illuminate\\container\\Container.php(637): Illuminate\\Container\\Container->resolve('Illuminate\\\\View...', Array)
#5 C:\\laragon\\www\\ at C:\\laragon\\www\\youreoAPI\\vendor\\illuminate\\container\\Container.php:1032)
[stacktrace]
#0 {main}
"} 
[2021-05-03 16:58:24] local.ERROR: Uncaught Error: Call to undefined function app_path() in Command line code:1
Stack trace:
#0 {main}
  thrown {"exception":"[object] (Symfony\\Component\\ErrorHandler\\Error\\FatalError(code: 0): Uncaught Error: Call to undefined function app_path() in Command line code:1
Stack trace:
#0 {main}
  thrown at Command line code:1)
[stacktrace]
#0 {main}
"} 
[2021-05-03 16:59:24] local.ERROR: Uncaught Error: Call to undefined function app_path() in Command line code:1
Stack trace:
#0 {main}
  thrown {"exception":"[object] (Symfony\\Component\\ErrorHandler\\Error\\FatalError(code: 0): Uncaught Error: Call to undefined function app_path() in Command line code:1
Stack trace:
#0 {main}
  thrown at Command line code:1)
[stacktrace]
#0 {main}
"} 
[2021-05-03 17:00:24] local.ERROR: Uncaught Error: Call to undefined function app_path() in Command line code:1
Stack trace:
#0 {main}
  thrown {"exception":"[object] (Symfony\\Component\\ErrorHandler\\Error\\FatalError(code: 0): Uncaught Error: Call to undefined function app_path() in Command line code:1
Stack trace:
#0 {main}
  thrown at Command line code:1)
[stacktrace]
#0 {main}
"} 
[2021-05-03 17:01:24] local.ERROR: Uncaught Error: Call to undefined function app_path() in Command line code:1
Stack trace:
#0 {main}
  thrown {"exception":"[object] (Symfony\\Component\\ErrorHandler\\Error\\FatalError(code: 0): Uncaught Error: Call to undefined function app_path() in Command line code:1
Stack trace:
#0 {main}
  thrown at Command line code:1)
[stacktrace]
#0 {main}
"} 
[2021-05-03 17:02:24] local.ERROR: Uncaught Error: Call to undefined function app_path() in Command line code:1
Stack trace:
#0 {main}
  thrown {"exception":"[object] (Symfony\\Component\\ErrorHandler\\Error\\FatalError(code: 0): Uncaught Error: Call to undefined function app_path() in Command line code:1
Stack trace:
#0 {main}
  thrown at Command line code:1)
[stacktrace]
#0 {main}
"} 
[2021-05-03 17:03:24] local.ERROR: Uncaught Error: Call to undefined function app_path() in Command line code:1
Stack trace:
#0 {main}
  thrown {"exception":"[object] (Symfony\\Component\\ErrorHandler\\Error\\FatalError(code: 0): Uncaught Error: Call to undefined function app_path() in Command line code:1
Stack trace:
#0 {main}
  thrown at Command line code:1)
[stacktrace]
#0 {main}
"} 
[2021-05-03 17:04:24] local.ERROR: Uncaught Error: Call to undefined function app_path() in Command line code:1
Stack trace:
#0 {main}
  thrown {"exception":"[object] (Symfony\\Component\\ErrorHandler\\Error\\FatalError(code: 0): Uncaught Error: Call to undefined function app_path() in Command line code:1
Stack trace:
#0 {main}
  thrown at Command line code:1)
[stacktrace]
#0 {main}
"} 
[2021-05-03 17:05:24] local.ERROR: Uncaught Error: Call to undefined function app_path() in Command line code:1
Stack trace:
#0 {main}
  thrown {"exception":"[object] (Symfony\\Component\\ErrorHandler\\Error\\FatalError(code: 0): Uncaught Error: Call to undefined function app_path() in Command line code:1
Stack trace:
#0 {main}
  thrown at Command line code:1)
[stacktrace]
#0 {main}
"} 
[2021-05-03 17:06:24] local.ERROR: Uncaught Error: Call to undefined function app_path() in Command line code:1
Stack trace:
#0 {main}
  thrown {"exception":"[object] (Symfony\\Component\\ErrorHandler\\Error\\FatalError(code: 0): Uncaught Error: Call to undefined function app_path() in Command line code:1
Stack trace:
#0 {main}
  thrown at Command line code:1)
[stacktrace]
#0 {main}
"} 
[2021-05-03 17:07:24] local.ERROR: Uncaught Error: Call to undefined function app_path() in Command line code:1
Stack trace:
#0 {main}
  thrown {"exception":"[object] (Symfony\\Component\\ErrorHandler\\Error\\FatalError(code: 0): Uncaught Error: Call to undefined function app_path() in Command line code:1
Stack trace:
#0 {main}
  thrown at Command line code:1)
[stacktrace]
#0 {main}
"} 
[2021-05-03 17:07:25] local.ERROR: Uncaught Illuminate\Contracts\Container\BindingResolutionException: Unresolvable dependency resolving [Parameter #1 [ <required> $cachePath ]] in class Illuminate\View\Compilers\Compiler in C:\laragon\www\youreoAPI\vendor\illuminate\container\Container.php:1032
Stack trace:
#0 C:\laragon\www\youreoAPI\vendor\illuminate\container\Container.php(943): Illuminate\Container\Container->unresolvablePrimitive(Object(ReflectionParameter))
#1 C:\laragon\www\youreoAPI\vendor\illuminate\container\Container.php(878): Illuminate\Container\Container->resolvePrimitive(Object(ReflectionParameter))
#2 C:\laragon\www\youreoAPI\vendor\illuminate\container\Container.php(840): Illuminate\Container\Container->resolveDependencies(Array)
#3 C:\laragon\www\youreoAPI\vendor\illuminate\container\Container.php(691): Illuminate\Container\Container->build('Illuminate\\View...')
#4 C:\laragon\www\youreoAPI\vendor\illuminate\container\Container.php(637): Illuminate\Container\Container->resolve('Illuminate\\View...', Array)
#5 C:\laragon\www\ {"exception":"[object] (Symfony\\Component\\ErrorHandler\\Error\\FatalError(code: 0): Uncaught Illuminate\\Contracts\\Container\\BindingResolutionException: Unresolvable dependency resolving [Parameter #1 [ <required> $cachePath ]] in class Illuminate\\View\\Compilers\\Compiler in C:\\laragon\\www\\youreoAPI\\vendor\\illuminate\\container\\Container.php:1032
Stack trace:
#0 C:\\laragon\\www\\youreoAPI\\vendor\\illuminate\\container\\Container.php(943): Illuminate\\Container\\Container->unresolvablePrimitive(Object(ReflectionParameter))
#1 C:\\laragon\\www\\youreoAPI\\vendor\\illuminate\\container\\Container.php(878): Illuminate\\Container\\Container->resolvePrimitive(Object(ReflectionParameter))
#2 C:\\laragon\\www\\youreoAPI\\vendor\\illuminate\\container\\Container.php(840): Illuminate\\Container\\Container->resolveDependencies(Array)
#3 C:\\laragon\\www\\youreoAPI\\vendor\\illuminate\\container\\Container.php(691): Illuminate\\Container\\Container->build('Illuminate\\\\View...')
#4 C:\\laragon\\www\\youreoAPI\\vendor\\illuminate\\container\\Container.php(637): Illuminate\\Container\\Container->resolve('Illuminate\\\\View...', Array)
#5 C:\\laragon\\www\\ at C:\\laragon\\www\\youreoAPI\\vendor\\illuminate\\container\\Container.php:1032)
[stacktrace]
#0 {main}
"} 
[2021-05-03 17:08:24] local.ERROR: Uncaught Error: Call to undefined function app_path() in Command line code:1
Stack trace:
#0 {main}
  thrown {"exception":"[object] (Symfony\\Component\\ErrorHandler\\Error\\FatalError(code: 0): Uncaught Error: Call to undefined function app_path() in Command line code:1
Stack trace:
#0 {main}
  thrown at Command line code:1)
[stacktrace]
#0 {main}
"} 
[2021-05-03 17:09:24] local.ERROR: Uncaught Error: Call to undefined function app_path() in Command line code:1
Stack trace:
#0 {main}
  thrown {"exception":"[object] (Symfony\\Component\\ErrorHandler\\Error\\FatalError(code: 0): Uncaught Error: Call to undefined function app_path() in Command line code:1
Stack trace:
#0 {main}
  thrown at Command line code:1)
[stacktrace]
#0 {main}
"} 
[2021-05-03 17:10:24] local.ERROR: Uncaught Error: Call to undefined function app_path() in Command line code:1
Stack trace:
#0 {main}
  thrown {"exception":"[object] (Symfony\\Component\\ErrorHandler\\Error\\FatalError(code: 0): Uncaught Error: Call to undefined function app_path() in Command line code:1
Stack trace:
#0 {main}
  thrown at Command line code:1)
[stacktrace]
#0 {main}
"} 
[2021-05-03 17:11:24] local.ERROR: Uncaught Error: Call to undefined function app_path() in Command line code:1
Stack trace:
#0 {main}
  thrown {"exception":"[object] (Symfony\\Component\\ErrorHandler\\Error\\FatalError(code: 0): Uncaught Error: Call to undefined function app_path() in Command line code:1
Stack trace:
#0 {main}
  thrown at Command line code:1)
[stacktrace]
#0 {main}
"} 
[2021-05-03 17:12:24] local.ERROR: Uncaught Error: Call to undefined function app_path() in Command line code:1
Stack trace:
#0 {main}
  thrown {"exception":"[object] (Symfony\\Component\\ErrorHandler\\Error\\FatalError(code: 0): Uncaught Error: Call to undefined function app_path() in Command line code:1
Stack trace:
#0 {main}
  thrown at Command line code:1)
[stacktrace]
#0 {main}
"} 
[2021-05-03 17:13:24] local.ERROR: Uncaught Error: Call to undefined function app_path() in Command line code:1
Stack trace:
#0 {main}
  thrown {"exception":"[object] (Symfony\\Component\\ErrorHandler\\Error\\FatalError(code: 0): Uncaught Error: Call to undefined function app_path() in Command line code:1
Stack trace:
#0 {main}
  thrown at Command line code:1)
[stacktrace]
#0 {main}
"} 
[2021-05-03 17:14:24] local.ERROR: Uncaught Error: Call to undefined function app_path() in Command line code:1
Stack trace:
#0 {main}
  thrown {"exception":"[object] (Symfony\\Component\\ErrorHandler\\Error\\FatalError(code: 0): Uncaught Error: Call to undefined function app_path() in Command line code:1
Stack trace:
#0 {main}
  thrown at Command line code:1)
[stacktrace]
#0 {main}
"} 
[2021-05-03 17:15:25] local.ERROR: Uncaught Error: Call to undefined function app_path() in Command line code:1
Stack trace:
#0 {main}
  thrown {"exception":"[object] (Symfony\\Component\\ErrorHandler\\Error\\FatalError(code: 0): Uncaught Error: Call to undefined function app_path() in Command line code:1
Stack trace:
#0 {main}
  thrown at Command line code:1)
[stacktrace]
#0 {main}
"} 
